2024-07-14 22:33:44,176[main] INFO  javatechy.codegen.CodeGenApplication - Starting CodeGenApplication on DESKTOP-3J84415 with PID 10728 (C:\Users\User\Desktop\generator-master\target\classes started by User in C:\Users\User\Desktop\generator-master)
2024-07-14 22:33:44,188[main] INFO  javatechy.codegen.CodeGenApplication - No active profile set, falling back to default profiles: default
2024-07-14 22:33:44,284[main] INFO  org.springframework.boot.context.embedded.AnnotationConfigEmbeddedWebApplicationContext - Refreshing org.springframework.boot.context.embedded.AnnotationConfigEmbeddedWebApplicationContext@479460a6: startup date [Sun Jul 14 22:33:44 GMT+01:00 2024]; root of context hierarchy
2024-07-14 22:33:47,762[main] INFO  org.springframework.context.support.PostProcessorRegistrationDelegate$BeanPostProcessorChecker - Bean 'org.springframework.transaction.annotation.ProxyTransactionManagementConfiguration' of type [org.springframework.transaction.annotation.ProxyTransactionManagementConfiguration$$EnhancerBySpringCGLIB$$c5803cd8] is not eligible for getting processed by all BeanPostProcessors (for example: not eligible for auto-proxying)
2024-07-14 22:33:48,550[main] INFO  org.springframework.boot.context.embedded.tomcat.TomcatEmbeddedServletContainer - Tomcat initialized with port(s): 7070 (http)
2024-07-14 22:33:48,567[main] INFO  org.apache.catalina.core.StandardService - Starting service [Tomcat]
2024-07-14 22:33:48,570[main] INFO  org.apache.catalina.core.StandardEngine - Starting Servlet Engine: Apache Tomcat/8.5.23
2024-07-14 22:33:48,723[localhost-startStop-1] INFO  org.apache.catalina.core.ContainerBase.[Tomcat].[localhost].[/] - Initializing Spring embedded WebApplicationContext
2024-07-14 22:33:48,724[localhost-startStop-1] INFO  org.springframework.web.context.ContextLoader - Root WebApplicationContext: initialization completed in 4440 ms
2024-07-14 22:33:49,194[localhost-startStop-1] INFO  org.springframework.boot.web.servlet.ServletRegistrationBean - Mapping servlet: 'dispatcherServlet' to [/]
2024-07-14 22:33:49,206[localhost-startStop-1] INFO  org.springframework.boot.web.servlet.FilterRegistrationBean - Mapping filter: 'metricsFilter' to: [/*]
2024-07-14 22:33:49,207[localhost-startStop-1] INFO  org.springframework.boot.web.servlet.FilterRegistrationBean - Mapping filter: 'characterEncodingFilter' to: [/*]
2024-07-14 22:33:49,208[localhost-startStop-1] INFO  org.springframework.boot.web.servlet.FilterRegistrationBean - Mapping filter: 'hiddenHttpMethodFilter' to: [/*]
2024-07-14 22:33:49,208[localhost-startStop-1] INFO  org.springframework.boot.web.servlet.FilterRegistrationBean - Mapping filter: 'httpPutFormContentFilter' to: [/*]
2024-07-14 22:33:49,209[localhost-startStop-1] INFO  org.springframework.boot.web.servlet.FilterRegistrationBean - Mapping filter: 'requestContextFilter' to: [/*]
2024-07-14 22:33:49,209[localhost-startStop-1] INFO  org.springframework.boot.web.servlet.FilterRegistrationBean - Mapping filter: 'webRequestLoggingFilter' to: [/*]
2024-07-14 22:33:49,210[localhost-startStop-1] INFO  org.springframework.boot.web.servlet.FilterRegistrationBean - Mapping filter: 'applicationContextIdFilter' to: [/*]
2024-07-14 22:33:50,241[main] INFO  org.springframework.orm.jpa.LocalContainerEntityManagerFactoryBean - Building JPA container EntityManagerFactory for persistence unit 'default'
2024-07-14 22:33:50,279[main] INFO  org.hibernate.jpa.internal.util.LogHelper - HHH000204: Processing PersistenceUnitInfo [
	name: default
	...]
2024-07-14 22:33:50,477[main] INFO  org.hibernate.Version - HHH000412: Hibernate Core {5.0.12.Final}
2024-07-14 22:33:50,481[main] INFO  org.hibernate.cfg.Environment - HHH000206: hibernate.properties not found
2024-07-14 22:33:50,484[main] INFO  org.hibernate.cfg.Environment - HHH000021: Bytecode provider name : javassist
2024-07-14 22:33:50,579[main] INFO  org.hibernate.annotations.common.Version - HCANN000001: Hibernate Commons Annotations {5.0.1.Final}
2024-07-14 22:33:50,934[main] INFO  org.hibernate.dialect.Dialect - HHH000400: Using dialect: org.hibernate.dialect.MySQL5Dialect
2024-07-14 22:33:51,753[main] INFO  org.hibernate.tool.hbm2ddl.SchemaUpdate - HHH000228: Running hbm2ddl schema update
2024-07-14 22:33:52,684[main] INFO  org.springframework.orm.jpa.LocalContainerEntityManagerFactoryBean - Initialized JPA EntityManagerFactory for persistence unit 'default'
2024-07-14 22:33:54,030[main] INFO  org.hibernate.hql.internal.QueryTranslatorFactoryInitiator - HHH000397: Using ASTQueryTranslatorFactory
2024-07-14 22:33:55,000[main] INFO  org.springframework.web.servlet.mvc.method.annotation.RequestMappingHandlerMapping - Mapped "{[/project/projects/{userId}],methods=[GET]}" onto public org.springframework.http.ResponseEntity<java.util.List<javatechy.codegen.dto.JsonFile>> javatechy.codegen.controller.CodeGenController.getProjectsByUserId(java.lang.Long)
2024-07-14 22:33:55,006[main] INFO  org.springframework.web.servlet.mvc.method.annotation.RequestMappingHandlerMapping - Mapped "{[/project/create/{userId}],methods=[POST],produces=[application/zip]}" onto public org.springframework.http.ResponseEntity<?> javatechy.codegen.controller.CodeGenController.createProject(java.lang.Long,javatechy.codegen.dto.Request)
2024-07-14 22:33:55,009[main] INFO  org.springframework.web.servlet.mvc.method.annotation.RequestMappingHandlerMapping - Mapped "{[/project/projects],methods=[GET]}" onto public org.springframework.http.ResponseEntity<java.util.List<javatechy.codegen.dto.JsonFile>> javatechy.codegen.controller.CodeGenController.getAllProjects()
2024-07-14 22:33:55,010[main] INFO  org.springframework.web.servlet.mvc.method.annotation.RequestMappingHandlerMapping - Mapped "{[/project/delete/{projectId}],methods=[DELETE]}" onto public org.springframework.http.ResponseEntity<javatechy.codegen.dto.Response> javatechy.codegen.controller.CodeGenController.deleteProject(java.lang.Long)
2024-07-14 22:33:55,012[main] INFO  org.springframework.web.servlet.mvc.method.annotation.RequestMappingHandlerMapping - Mapped "{[/ping],methods=[GET]}" onto public java.lang.String javatechy.codegen.controller.ConfigController.health()
2024-07-14 22:33:55,015[main] INFO  org.springframework.web.servlet.mvc.method.annotation.RequestMappingHandlerMapping - Mapped "{[/config],methods=[GET]}" onto public java.lang.String javatechy.codegen.controller.ConfigController.fetch(java.util.Map<java.lang.String, java.lang.String>)
2024-07-14 22:33:55,022[main] INFO  org.springframework.web.servlet.mvc.method.annotation.RequestMappingHandlerMapping - Mapped "{[/user/login],methods=[POST]}" onto public org.springframework.http.ResponseEntity<?> javatechy.codegen.controller.userController.login(javatechy.codegen.dto.User)
2024-07-14 22:33:55,023[main] INFO  org.springframework.web.servlet.mvc.method.annotation.RequestMappingHandlerMapping - Mapped "{[/user/user],methods=[POST]}" onto public org.springframework.http.ResponseEntity<javatechy.codegen.dto.User> javatechy.codegen.controller.userController.createUser(javatechy.codegen.dto.User)
2024-07-14 22:33:55,024[main] INFO  org.springframework.web.servlet.mvc.method.annotation.RequestMappingHandlerMapping - Mapped "{[/user/stats],methods=[GET]}" onto public org.springframework.http.ResponseEntity<javatechy.codegen.dto.AdminStats> javatechy.codegen.controller.userController.getAdminStats()
2024-07-14 22:33:55,025[main] INFO  org.springframework.web.servlet.mvc.method.annotation.RequestMappingHandlerMapping - Mapped "{[/user/getAllUsers],methods=[GET]}" onto public org.springframework.http.ResponseEntity<java.util.List<javatechy.codegen.dto.User>> javatechy.codegen.controller.userController.getAllUsers()
2024-07-14 22:33:55,027[main] INFO  org.springframework.web.servlet.mvc.method.annotation.RequestMappingHandlerMapping - Mapped "{[/user/{id}],methods=[DELETE]}" onto public org.springframework.http.ResponseEntity<java.lang.String> javatechy.codegen.controller.userController.deleteUserById(java.lang.Long)
2024-07-14 22:33:55,029[main] INFO  org.springframework.web.servlet.mvc.method.annotation.RequestMappingHandlerMapping - Mapped "{[/user/forgot-password],methods=[POST]}" onto public org.springframework.http.ResponseEntity<?> javatechy.codegen.controller.userController.forgotPassword(java.util.Map<java.lang.String, java.lang.String>)
2024-07-14 22:33:55,029[main] INFO  org.springframework.web.servlet.mvc.method.annotation.RequestMappingHandlerMapping - Mapped "{[/user/reset-password],methods=[POST]}" onto public org.springframework.http.ResponseEntity<?> javatechy.codegen.controller.userController.resetPassword(java.lang.String,java.lang.String)
2024-07-14 22:33:55,031[main] INFO  org.springframework.web.servlet.mvc.method.annotation.RequestMappingHandlerMapping - Mapped "{[/v2/api-docs],methods=[GET],produces=[application/json || application/hal+json]}" onto public org.springframework.http.ResponseEntity<springfox.documentation.spring.web.json.Json> springfox.documentation.swagger2.web.Swagger2Controller.getDocumentation(java.lang.String,javax.servlet.http.HttpServletRequest)
2024-07-14 22:33:55,037[main] INFO  org.springframework.web.servlet.mvc.method.annotation.RequestMappingHandlerMapping - Mapped "{[/swagger-resources/configuration/security]}" onto org.springframework.http.ResponseEntity<springfox.documentation.swagger.web.SecurityConfiguration> springfox.documentation.swagger.web.ApiResourceController.securityConfiguration()
2024-07-14 22:33:55,039[main] INFO  org.springframework.web.servlet.mvc.method.annotation.RequestMappingHandlerMapping - Mapped "{[/swagger-resources/configuration/ui]}" onto org.springframework.http.ResponseEntity<springfox.documentation.swagger.web.UiConfiguration> springfox.documentation.swagger.web.ApiResourceController.uiConfiguration()
2024-07-14 22:33:55,041[main] INFO  org.springframework.web.servlet.mvc.method.annotation.RequestMappingHandlerMapping - Mapped "{[/swagger-resources]}" onto org.springframework.http.ResponseEntity<java.util.List<springfox.documentation.swagger.web.SwaggerResource>> springfox.documentation.swagger.web.ApiResourceController.swaggerResources()
2024-07-14 22:33:55,045[main] INFO  org.springframework.web.servlet.mvc.method.annotation.RequestMappingHandlerMapping - Mapped "{[/error]}" onto public org.springframework.http.ResponseEntity<java.util.Map<java.lang.String, java.lang.Object>> org.springframework.boot.autoconfigure.web.BasicErrorController.error(javax.servlet.http.HttpServletRequest)
2024-07-14 22:33:55,047[main] INFO  org.springframework.web.servlet.mvc.method.annotation.RequestMappingHandlerMapping - Mapped "{[/error],produces=[text/html]}" onto public org.springframework.web.servlet.ModelAndView org.springframework.boot.autoconfigure.web.BasicErrorController.errorHtml(javax.servlet.http.HttpServletRequest,javax.servlet.http.HttpServletResponse)
2024-07-14 22:33:55,437[main] INFO  org.springframework.boot.actuate.endpoint.mvc.EndpointHandlerMapping - Mapped "{[/configprops || /configprops.json],methods=[GET],produces=[application/vnd.spring-boot.actuator.v1+json || application/json]}" onto public java.lang.Object org.springframework.boot.actuate.endpoint.mvc.EndpointMvcAdapter.invoke()
2024-07-14 22:33:55,439[main] INFO  org.springframework.boot.actuate.endpoint.mvc.EndpointHandlerMapping - Mapped "{[/autoconfig || /autoconfig.json],methods=[GET],produces=[application/vnd.spring-boot.actuator.v1+json || application/json]}" onto public java.lang.Object org.springframework.boot.actuate.endpoint.mvc.EndpointMvcAdapter.invoke()
2024-07-14 22:33:55,440[main] INFO  org.springframework.boot.actuate.endpoint.mvc.EndpointHandlerMapping - Mapped "{[/env/{name:.*}],methods=[GET],produces=[application/vnd.spring-boot.actuator.v1+json || application/json]}" onto public java.lang.Object org.springframework.boot.actuate.endpoint.mvc.EnvironmentMvcEndpoint.value(java.lang.String)
2024-07-14 22:33:55,441[main] INFO  org.springframework.boot.actuate.endpoint.mvc.EndpointHandlerMapping - Mapped "{[/env || /env.json],methods=[GET],produces=[application/vnd.spring-boot.actuator.v1+json || application/json]}" onto public java.lang.Object org.springframework.boot.actuate.endpoint.mvc.EndpointMvcAdapter.invoke()
2024-07-14 22:33:55,442[main] INFO  org.springframework.boot.actuate.endpoint.mvc.EndpointHandlerMapping - Mapped "{[/health || /health.json],methods=[GET],produces=[application/vnd.spring-boot.actuator.v1+json || application/json]}" onto public java.lang.Object org.springframework.boot.actuate.endpoint.mvc.HealthMvcEndpoint.invoke(javax.servlet.http.HttpServletRequest,java.security.Principal)
2024-07-14 22:33:55,443[main] INFO  org.springframework.boot.actuate.endpoint.mvc.EndpointHandlerMapping - Mapped "{[/auditevents || /auditevents.json],methods=[GET],produces=[application/vnd.spring-boot.actuator.v1+json || application/json]}" onto public org.springframework.http.ResponseEntity<?> org.springframework.boot.actuate.endpoint.mvc.AuditEventsMvcEndpoint.findByPrincipalAndAfterAndType(java.lang.String,java.util.Date,java.lang.String)
2024-07-14 22:33:55,446[main] INFO  org.springframework.boot.actuate.endpoint.mvc.EndpointHandlerMapping - Mapped "{[/mappings || /mappings.json],methods=[GET],produces=[application/vnd.spring-boot.actuator.v1+json || application/json]}" onto public java.lang.Object org.springframework.boot.actuate.endpoint.mvc.EndpointMvcAdapter.invoke()
2024-07-14 22:33:55,447[main] INFO  org.springframework.boot.actuate.endpoint.mvc.EndpointHandlerMapping - Mapped "{[/trace || /trace.json],methods=[GET],produces=[application/vnd.spring-boot.actuator.v1+json || application/json]}" onto public java.lang.Object org.springframework.boot.actuate.endpoint.mvc.EndpointMvcAdapter.invoke()
2024-07-14 22:33:55,448[main] INFO  org.springframework.boot.actuate.endpoint.mvc.EndpointHandlerMapping - Mapped "{[/beans || /beans.json],methods=[GET],produces=[application/vnd.spring-boot.actuator.v1+json || application/json]}" onto public java.lang.Object org.springframework.boot.actuate.endpoint.mvc.EndpointMvcAdapter.invoke()
2024-07-14 22:33:55,452[main] INFO  org.springframework.boot.actuate.endpoint.mvc.EndpointHandlerMapping - Mapped "{[/dump || /dump.json],methods=[GET],produces=[application/vnd.spring-boot.actuator.v1+json || application/json]}" onto public java.lang.Object org.springframework.boot.actuate.endpoint.mvc.EndpointMvcAdapter.invoke()
2024-07-14 22:33:55,455[main] INFO  org.springframework.boot.actuate.endpoint.mvc.EndpointHandlerMapping - Mapped "{[/loggers/{name:.*}],methods=[GET],produces=[application/vnd.spring-boot.actuator.v1+json || application/json]}" onto public java.lang.Object org.springframework.boot.actuate.endpoint.mvc.LoggersMvcEndpoint.get(java.lang.String)
2024-07-14 22:33:55,456[main] INFO  org.springframework.boot.actuate.endpoint.mvc.EndpointHandlerMapping - Mapped "{[/loggers/{name:.*}],methods=[POST],consumes=[application/vnd.spring-boot.actuator.v1+json || application/json],produces=[application/vnd.spring-boot.actuator.v1+json || application/json]}" onto public java.lang.Object org.springframework.boot.actuate.endpoint.mvc.LoggersMvcEndpoint.set(java.lang.String,java.util.Map<java.lang.String, java.lang.String>)
2024-07-14 22:33:55,456[main] INFO  org.springframework.boot.actuate.endpoint.mvc.EndpointHandlerMapping - Mapped "{[/loggers || /loggers.json],methods=[GET],produces=[application/vnd.spring-boot.actuator.v1+json || application/json]}" onto public java.lang.Object org.springframework.boot.actuate.endpoint.mvc.EndpointMvcAdapter.invoke()
2024-07-14 22:33:55,458[main] INFO  org.springframework.boot.actuate.endpoint.mvc.EndpointHandlerMapping - Mapped "{[/heapdump || /heapdump.json],methods=[GET],produces=[application/octet-stream]}" onto public void org.springframework.boot.actuate.endpoint.mvc.HeapdumpMvcEndpoint.invoke(boolean,javax.servlet.http.HttpServletRequest,javax.servlet.http.HttpServletResponse) throws java.io.IOException,javax.servlet.ServletException
2024-07-14 22:33:55,460[main] INFO  org.springframework.boot.actuate.endpoint.mvc.EndpointHandlerMapping - Mapped "{[/metrics/{name:.*}],methods=[GET],produces=[application/vnd.spring-boot.actuator.v1+json || application/json]}" onto public java.lang.Object org.springframework.boot.actuate.endpoint.mvc.MetricsMvcEndpoint.value(java.lang.String)
2024-07-14 22:33:55,462[main] INFO  org.springframework.boot.actuate.endpoint.mvc.EndpointHandlerMapping - Mapped "{[/metrics || /metrics.json],methods=[GET],produces=[application/vnd.spring-boot.actuator.v1+json || application/json]}" onto public java.lang.Object org.springframework.boot.actuate.endpoint.mvc.EndpointMvcAdapter.invoke()
2024-07-14 22:33:55,464[main] INFO  org.springframework.boot.actuate.endpoint.mvc.EndpointHandlerMapping - Mapped "{[/info || /info.json],methods=[GET],produces=[application/vnd.spring-boot.actuator.v1+json || application/json]}" onto public java.lang.Object org.springframework.boot.actuate.endpoint.mvc.EndpointMvcAdapter.invoke()
2024-07-14 22:33:56,024[main] INFO  org.springframework.web.servlet.mvc.method.annotation.RequestMappingHandlerAdapter - Looking for @ControllerAdvice: org.springframework.boot.context.embedded.AnnotationConfigEmbeddedWebApplicationContext@479460a6: startup date [Sun Jul 14 22:33:44 GMT+01:00 2024]; root of context hierarchy
2024-07-14 22:33:56,126[main] INFO  org.springframework.web.servlet.handler.SimpleUrlHandlerMapping - Mapped URL path [/webjars/**] onto handler of type [class org.springframework.web.servlet.resource.ResourceHttpRequestHandler]
2024-07-14 22:33:56,128[main] INFO  org.springframework.web.servlet.handler.SimpleUrlHandlerMapping - Mapped URL path [/**] onto handler of type [class org.springframework.web.servlet.resource.ResourceHttpRequestHandler]
2024-07-14 22:33:56,160[main] INFO  org.springframework.web.servlet.mvc.method.annotation.ExceptionHandlerExceptionResolver - Detected @ExceptionHandler methods in exceptionInterceptor
2024-07-14 22:33:56,203[main] INFO  org.springframework.web.servlet.handler.SimpleUrlHandlerMapping - Mapped URL path [/**/favicon.ico] onto handler of type [class org.springframework.web.servlet.resource.ResourceHttpRequestHandler]
2024-07-14 22:33:56,807[main] INFO  org.springframework.jmx.export.annotation.AnnotationMBeanExporter - Registering beans for JMX exposure on startup
2024-07-14 22:33:56,832[main] INFO  org.springframework.context.support.DefaultLifecycleProcessor - Starting beans in phase 0
2024-07-14 22:33:56,972[main] INFO  org.springframework.context.support.DefaultLifecycleProcessor - Starting beans in phase 2147483647
2024-07-14 22:33:56,974[main] INFO  springfox.documentation.spring.web.plugins.DocumentationPluginsBootstrapper - Context refreshed
2024-07-14 22:33:57,020[main] INFO  springfox.documentation.spring.web.plugins.DocumentationPluginsBootstrapper - Found 1 custom documentation plugin(s)
2024-07-14 22:33:57,040[main] INFO  springfox.documentation.spring.web.scanners.ApiListingReferenceScanner - Scanning for api listing references
2024-07-14 22:33:57,759[main] INFO  org.springframework.boot.context.embedded.tomcat.TomcatEmbeddedServletContainer - Tomcat started on port(s): 7070 (http)
2024-07-14 22:33:57,766[main] INFO  javatechy.codegen.CodeGenApplication - Started CodeGenApplication in 14.869 seconds (JVM running for 16.872)
2024-07-14 22:37:12,299[http-nio-7070-exec-2] INFO  org.apache.catalina.core.ContainerBase.[Tomcat].[localhost].[/] - Initializing Spring FrameworkServlet 'dispatcherServlet'
2024-07-14 22:37:12,301[http-nio-7070-exec-2] INFO  org.springframework.web.servlet.DispatcherServlet - FrameworkServlet 'dispatcherServlet': initialization started
2024-07-14 22:37:12,344[http-nio-7070-exec-2] INFO  org.springframework.web.servlet.DispatcherServlet - FrameworkServlet 'dispatcherServlet': initialization completed in 43 ms
2024-07-14 22:53:21,891[http-nio-7070-exec-7] INFO  javatechy.codegen.controller.CodeGenController - == Creating empty project ==
2024-07-14 22:53:21,896[http-nio-7070-exec-7] INFO  javatechy.codegen.service.impl.ProjectCreatorImpl - Application Class Name => MydormApplication
2024-07-14 22:53:21,896[http-nio-7070-exec-7] INFO  javatechy.codegen.service.impl.ProjectCreatorImpl - javaCodeLoc => C:\Users\User\AppData\Local\Temp\projects-FoyerApp10467379305603642059\spring-boot/src/main/java/tn/esprit/mydorm
2024-07-14 22:53:21,898[http-nio-7070-exec-7] INFO  javatechy.codegen.service.impl.ProjectCreatorImpl - javaCodeLoc => C:\Users\User\AppData\Local\Temp\projects-FoyerApp10467379305603642059\spring-boot/src/main/java/tn/esprit/myDorm
2024-07-14 22:53:21,898[http-nio-7070-exec-7] INFO  javatechy.codegen.service.impl.FileUtilServiceImpl - [createDirectories]File Location=> C:\Users\User\AppData\Local\Temp\projects-FoyerApp10467379305603642059\spring-boot/src/main/java
2024-07-14 22:53:21,899[http-nio-7070-exec-7] INFO  javatechy.codegen.service.impl.FileUtilServiceImpl - [createDirectories]File Location=> C:\Users\User\AppData\Local\Temp\projects-FoyerApp10467379305603642059\spring-boot\src\main\java
2024-07-14 22:53:21,903[http-nio-7070-exec-7] INFO  javatechy.codegen.service.impl.FileUtilServiceImpl - [createDirectories]File Location=> C:\Users\User\AppData\Local\Temp\projects-FoyerApp10467379305603642059\spring-boot/src/test/java
2024-07-14 22:53:21,904[http-nio-7070-exec-7] INFO  javatechy.codegen.service.impl.FileUtilServiceImpl - [createDirectories]File Location=> C:\Users\User\AppData\Local\Temp\projects-FoyerApp10467379305603642059\spring-boot\src\test\java
2024-07-14 22:53:21,906[http-nio-7070-exec-7] INFO  javatechy.codegen.service.impl.FileUtilServiceImpl - [createDirectories]File Location=> C:\Users\User\AppData\Local\Temp\projects-FoyerApp10467379305603642059\spring-boot/src/main/resources
2024-07-14 22:53:21,906[http-nio-7070-exec-7] INFO  javatechy.codegen.service.impl.FileUtilServiceImpl - [createDirectories]File Location=> C:\Users\User\AppData\Local\Temp\projects-FoyerApp10467379305603642059\spring-boot\src\main\resources
2024-07-14 22:53:21,907[http-nio-7070-exec-7] INFO  javatechy.codegen.service.impl.FileUtilServiceImpl - [createDirectories]File Location=> C:\Users\User\AppData\Local\Temp\projects-FoyerApp10467379305603642059\spring-boot/src/main/java/tn/esprit/myDorm
2024-07-14 22:53:21,908[http-nio-7070-exec-7] INFO  javatechy.codegen.service.impl.FileUtilServiceImpl - [createDirectories]File Location=> C:\Users\User\AppData\Local\Temp\projects-FoyerApp10467379305603642059\spring-boot\src\main\java\tn\esprit\myDorm
2024-07-14 22:53:21,910[http-nio-7070-exec-7] INFO  javatechy.codegen.service.impl.FileUtilServiceImpl - [createDirectories]File Location=> C:\Users\User\AppData\Local\Temp\projects-FoyerApp10467379305603642059\spring-boot/src/test/java/tn/esprit/myDorm
2024-07-14 22:53:21,911[http-nio-7070-exec-7] INFO  javatechy.codegen.service.impl.FileUtilServiceImpl - [createDirectories]File Location=> C:\Users\User\AppData\Local\Temp\projects-FoyerApp10467379305603642059\spring-boot\src\test\java\tn\esprit\myDorm
2024-07-14 22:53:21,913[http-nio-7070-exec-7] INFO  javatechy.codegen.service.impl.FileUtilServiceImpl - [createDirectories]File Location=> C:\Users\User\AppData\Local\Temp\projects-FoyerApp10467379305603642059\spring-boot/src/main/java/tn/esprit/myDorm/service/impl
2024-07-14 22:53:21,913[http-nio-7070-exec-7] INFO  javatechy.codegen.service.impl.FileUtilServiceImpl - [createDirectories]File Location=> C:\Users\User\AppData\Local\Temp\projects-FoyerApp10467379305603642059\spring-boot\src\main\java\tn\esprit\myDorm\service\impl
2024-07-14 22:53:21,915[http-nio-7070-exec-7] INFO  javatechy.codegen.service.impl.FileUtilServiceImpl - [createDirectories]File Location=> C:\Users\User\AppData\Local\Temp\projects-FoyerApp10467379305603642059\spring-boot/src/main/java/tn/esprit/myDorm/controller
2024-07-14 22:53:21,915[http-nio-7070-exec-7] INFO  javatechy.codegen.service.impl.FileUtilServiceImpl - [createDirectories]File Location=> C:\Users\User\AppData\Local\Temp\projects-FoyerApp10467379305603642059\spring-boot\src\main\java\tn\esprit\myDorm\controller
2024-07-14 22:53:21,916[http-nio-7070-exec-7] INFO  javatechy.codegen.service.impl.FileUtilServiceImpl - [createDirectories]File Location=> C:\Users\User\AppData\Local\Temp\projects-FoyerApp10467379305603642059\spring-boot/src/main/java/tn/esprit/myDorm/exception
2024-07-14 22:53:21,916[http-nio-7070-exec-7] INFO  javatechy.codegen.service.impl.FileUtilServiceImpl - [createDirectories]File Location=> C:\Users\User\AppData\Local\Temp\projects-FoyerApp10467379305603642059\spring-boot\src\main\java\tn\esprit\myDorm\exception
2024-07-14 22:53:21,916[http-nio-7070-exec-7] INFO  javatechy.codegen.service.impl.FileUtilServiceImpl - [createDirectories]File Location=> C:\Users\User\AppData\Local\Temp\projects-FoyerApp10467379305603642059\spring-boot/src/main/java/tn/esprit/myDorm/dao
2024-07-14 22:53:21,917[http-nio-7070-exec-7] INFO  javatechy.codegen.service.impl.FileUtilServiceImpl - [createDirectories]File Location=> C:\Users\User\AppData\Local\Temp\projects-FoyerApp10467379305603642059\spring-boot\src\main\java\tn\esprit\myDorm\dao
2024-07-14 22:53:21,918[http-nio-7070-exec-7] INFO  javatechy.codegen.service.impl.FileUtilServiceImpl - [createDirectories]File Location=> C:\Users\User\AppData\Local\Temp\projects-FoyerApp10467379305603642059\spring-boot/src/main/java/tn/esprit/myDorm/entity
2024-07-14 22:53:21,918[http-nio-7070-exec-7] INFO  javatechy.codegen.service.impl.FileUtilServiceImpl - [createDirectories]File Location=> C:\Users\User\AppData\Local\Temp\projects-FoyerApp10467379305603642059\spring-boot\src\main\java\tn\esprit\myDorm\entity
2024-07-14 22:53:21,919[http-nio-7070-exec-7] INFO  javatechy.codegen.service.impl.FileUtilServiceImpl - [createDirectories]File Location=> C:\Users\User\AppData\Local\Temp\projects-FoyerApp10467379305603642059\spring-boot/src/main/java/tn/esprit/myDorm/configurations
2024-07-14 22:53:21,919[http-nio-7070-exec-7] INFO  javatechy.codegen.service.impl.FileUtilServiceImpl - [createDirectories]File Location=> C:\Users\User\AppData\Local\Temp\projects-FoyerApp10467379305603642059\spring-boot\src\main\java\tn\esprit\myDorm\configurations
2024-07-14 22:53:21,962[http-nio-7070-exec-7] INFO  javatechy.codegen.controller.CodeGenController - Creating application properties => 
2024-07-14 22:53:22,316[http-nio-7070-exec-7] INFO  javatechy.codegen.controller.CodeGenController - Content-Disposition: attachment; filename="FoyerApp.zip"
2024-07-14 23:57:04,330[Thread-3] INFO  org.springframework.boot.context.embedded.AnnotationConfigEmbeddedWebApplicationContext - Closing org.springframework.boot.context.embedded.AnnotationConfigEmbeddedWebApplicationContext@479460a6: startup date [Sun Jul 14 22:33:44 GMT+01:00 2024]; root of context hierarchy
2024-07-14 23:57:04,625[Thread-3] INFO  org.springframework.context.support.DefaultLifecycleProcessor - Stopping beans in phase 2147483647
2024-07-14 23:57:04,673[Thread-3] INFO  org.springframework.context.support.DefaultLifecycleProcessor - Stopping beans in phase 0
2024-07-14 23:57:04,694[Thread-3] INFO  org.springframework.jmx.export.annotation.AnnotationMBeanExporter - Unregistering JMX-exposed beans on shutdown
2024-07-14 23:57:04,706[Thread-3] INFO  org.springframework.orm.jpa.LocalContainerEntityManagerFactoryBean - Closing JPA EntityManagerFactory for persistence unit 'default'
2024-07-14 23:57:14,074[main] INFO  javatechy.codegen.CodeGenApplication - Starting CodeGenApplication on DESKTOP-3J84415 with PID 11872 (C:\Users\User\Desktop\generator-master\target\classes started by User in C:\Users\User\Desktop\generator-master)
2024-07-14 23:57:14,080[main] INFO  javatechy.codegen.CodeGenApplication - No active profile set, falling back to default profiles: default
2024-07-14 23:57:14,138[main] INFO  org.springframework.boot.context.embedded.AnnotationConfigEmbeddedWebApplicationContext - Refreshing org.springframework.boot.context.embedded.AnnotationConfigEmbeddedWebApplicationContext@479460a6: startup date [Sun Jul 14 23:57:14 GMT+01:00 2024]; root of context hierarchy
2024-07-14 23:57:15,875[main] INFO  org.springframework.context.support.PostProcessorRegistrationDelegate$BeanPostProcessorChecker - Bean 'org.springframework.transaction.annotation.ProxyTransactionManagementConfiguration' of type [org.springframework.transaction.annotation.ProxyTransactionManagementConfiguration$$EnhancerBySpringCGLIB$$e572a982] is not eligible for getting processed by all BeanPostProcessors (for example: not eligible for auto-proxying)
2024-07-14 23:57:16,344[main] INFO  org.springframework.boot.context.embedded.tomcat.TomcatEmbeddedServletContainer - Tomcat initialized with port(s): 7070 (http)
2024-07-14 23:57:16,358[main] INFO  org.apache.catalina.core.StandardService - Starting service [Tomcat]
2024-07-14 23:57:16,360[main] INFO  org.apache.catalina.core.StandardEngine - Starting Servlet Engine: Apache Tomcat/8.5.23
2024-07-14 23:57:16,503[localhost-startStop-1] INFO  org.apache.catalina.core.ContainerBase.[Tomcat].[localhost].[/] - Initializing Spring embedded WebApplicationContext
2024-07-14 23:57:16,504[localhost-startStop-1] INFO  org.springframework.web.context.ContextLoader - Root WebApplicationContext: initialization completed in 2366 ms
2024-07-14 23:57:16,762[localhost-startStop-1] INFO  org.springframework.boot.web.servlet.ServletRegistrationBean - Mapping servlet: 'dispatcherServlet' to [/]
2024-07-14 23:57:16,772[localhost-startStop-1] INFO  org.springframework.boot.web.servlet.FilterRegistrationBean - Mapping filter: 'metricsFilter' to: [/*]
2024-07-14 23:57:16,773[localhost-startStop-1] INFO  org.springframework.boot.web.servlet.FilterRegistrationBean - Mapping filter: 'characterEncodingFilter' to: [/*]
2024-07-14 23:57:16,774[localhost-startStop-1] INFO  org.springframework.boot.web.servlet.FilterRegistrationBean - Mapping filter: 'hiddenHttpMethodFilter' to: [/*]
2024-07-14 23:57:16,774[localhost-startStop-1] INFO  org.springframework.boot.web.servlet.FilterRegistrationBean - Mapping filter: 'httpPutFormContentFilter' to: [/*]
2024-07-14 23:57:16,774[localhost-startStop-1] INFO  org.springframework.boot.web.servlet.FilterRegistrationBean - Mapping filter: 'requestContextFilter' to: [/*]
2024-07-14 23:57:16,774[localhost-startStop-1] INFO  org.springframework.boot.web.servlet.FilterRegistrationBean - Mapping filter: 'webRequestLoggingFilter' to: [/*]
2024-07-14 23:57:16,775[localhost-startStop-1] INFO  org.springframework.boot.web.servlet.FilterRegistrationBean - Mapping filter: 'applicationContextIdFilter' to: [/*]
2024-07-14 23:57:17,385[main] INFO  org.springframework.orm.jpa.LocalContainerEntityManagerFactoryBean - Building JPA container EntityManagerFactory for persistence unit 'default'
2024-07-14 23:57:17,408[main] INFO  org.hibernate.jpa.internal.util.LogHelper - HHH000204: Processing PersistenceUnitInfo [
	name: default
	...]
2024-07-14 23:57:17,500[main] INFO  org.hibernate.Version - HHH000412: Hibernate Core {5.0.12.Final}
2024-07-14 23:57:17,502[main] INFO  org.hibernate.cfg.Environment - HHH000206: hibernate.properties not found
2024-07-14 23:57:17,503[main] INFO  org.hibernate.cfg.Environment - HHH000021: Bytecode provider name : javassist
2024-07-14 23:57:17,550[main] INFO  org.hibernate.annotations.common.Version - HCANN000001: Hibernate Commons Annotations {5.0.1.Final}
2024-07-14 23:57:17,716[main] INFO  org.hibernate.dialect.Dialect - HHH000400: Using dialect: org.hibernate.dialect.MySQL5Dialect
2024-07-14 23:57:18,181[main] INFO  org.hibernate.tool.hbm2ddl.SchemaUpdate - HHH000228: Running hbm2ddl schema update
2024-07-14 23:57:18,730[main] INFO  org.springframework.orm.jpa.LocalContainerEntityManagerFactoryBean - Initialized JPA EntityManagerFactory for persistence unit 'default'
2024-07-14 23:57:19,577[main] INFO  org.hibernate.hql.internal.QueryTranslatorFactoryInitiator - HHH000397: Using ASTQueryTranslatorFactory
2024-07-14 23:57:20,057[main] INFO  org.springframework.web.servlet.mvc.method.annotation.RequestMappingHandlerMapping - Mapped "{[/project/projects/{userId}],methods=[GET]}" onto public org.springframework.http.ResponseEntity<java.util.List<javatechy.codegen.dto.JsonFile>> javatechy.codegen.controller.CodeGenController.getProjectsByUserId(java.lang.Long)
2024-07-14 23:57:20,059[main] INFO  org.springframework.web.servlet.mvc.method.annotation.RequestMappingHandlerMapping - Mapped "{[/project/create/{userId}],methods=[POST],produces=[application/zip]}" onto public org.springframework.http.ResponseEntity<?> javatechy.codegen.controller.CodeGenController.createProject(java.lang.Long,javatechy.codegen.dto.Request)
2024-07-14 23:57:20,061[main] INFO  org.springframework.web.servlet.mvc.method.annotation.RequestMappingHandlerMapping - Mapped "{[/project/projects],methods=[GET]}" onto public org.springframework.http.ResponseEntity<java.util.List<javatechy.codegen.dto.JsonFile>> javatechy.codegen.controller.CodeGenController.getAllProjects()
2024-07-14 23:57:20,061[main] INFO  org.springframework.web.servlet.mvc.method.annotation.RequestMappingHandlerMapping - Mapped "{[/project/delete/{projectId}],methods=[DELETE]}" onto public org.springframework.http.ResponseEntity<javatechy.codegen.dto.Response> javatechy.codegen.controller.CodeGenController.deleteProject(java.lang.Long)
2024-07-14 23:57:20,062[main] INFO  org.springframework.web.servlet.mvc.method.annotation.RequestMappingHandlerMapping - Mapped "{[/config],methods=[GET]}" onto public java.lang.String javatechy.codegen.controller.ConfigController.fetch(java.util.Map<java.lang.String, java.lang.String>)
2024-07-14 23:57:20,063[main] INFO  org.springframework.web.servlet.mvc.method.annotation.RequestMappingHandlerMapping - Mapped "{[/ping],methods=[GET]}" onto public java.lang.String javatechy.codegen.controller.ConfigController.health()
2024-07-14 23:57:20,065[main] INFO  org.springframework.web.servlet.mvc.method.annotation.RequestMappingHandlerMapping - Mapped "{[/user/{id}],methods=[DELETE]}" onto public org.springframework.http.ResponseEntity<java.lang.String> javatechy.codegen.controller.userController.deleteUserById(java.lang.Long)
2024-07-14 23:57:20,065[main] INFO  org.springframework.web.servlet.mvc.method.annotation.RequestMappingHandlerMapping - Mapped "{[/user/stats],methods=[GET]}" onto public org.springframework.http.ResponseEntity<javatechy.codegen.dto.AdminStats> javatechy.codegen.controller.userController.getAdminStats()
2024-07-14 23:57:20,065[main] INFO  org.springframework.web.servlet.mvc.method.annotation.RequestMappingHandlerMapping - Mapped "{[/user/getAllUsers],methods=[GET]}" onto public org.springframework.http.ResponseEntity<java.util.List<javatechy.codegen.dto.User>> javatechy.codegen.controller.userController.getAllUsers()
2024-07-14 23:57:20,066[main] INFO  org.springframework.web.servlet.mvc.method.annotation.RequestMappingHandlerMapping - Mapped "{[/user/user],methods=[POST]}" onto public org.springframework.http.ResponseEntity<javatechy.codegen.dto.User> javatechy.codegen.controller.userController.createUser(javatechy.codegen.dto.User)
2024-07-14 23:57:20,066[main] INFO  org.springframework.web.servlet.mvc.method.annotation.RequestMappingHandlerMapping - Mapped "{[/user/login],methods=[POST]}" onto public org.springframework.http.ResponseEntity<?> javatechy.codegen.controller.userController.login(javatechy.codegen.dto.User)
2024-07-14 23:57:20,067[main] INFO  org.springframework.web.servlet.mvc.method.annotation.RequestMappingHandlerMapping - Mapped "{[/user/forgot-password],methods=[POST]}" onto public org.springframework.http.ResponseEntity<?> javatechy.codegen.controller.userController.forgotPassword(java.util.Map<java.lang.String, java.lang.String>)
2024-07-14 23:57:20,067[main] INFO  org.springframework.web.servlet.mvc.method.annotation.RequestMappingHandlerMapping - Mapped "{[/user/reset-password],methods=[POST]}" onto public org.springframework.http.ResponseEntity<?> javatechy.codegen.controller.userController.resetPassword(java.lang.String,java.lang.String)
2024-07-14 23:57:20,068[main] INFO  org.springframework.web.servlet.mvc.method.annotation.RequestMappingHandlerMapping - Mapped "{[/v2/api-docs],methods=[GET],produces=[application/json || application/hal+json]}" onto public org.springframework.http.ResponseEntity<springfox.documentation.spring.web.json.Json> springfox.documentation.swagger2.web.Swagger2Controller.getDocumentation(java.lang.String,javax.servlet.http.HttpServletRequest)
2024-07-14 23:57:20,071[main] INFO  org.springframework.web.servlet.mvc.method.annotation.RequestMappingHandlerMapping - Mapped "{[/swagger-resources/configuration/security]}" onto org.springframework.http.ResponseEntity<springfox.documentation.swagger.web.SecurityConfiguration> springfox.documentation.swagger.web.ApiResourceController.securityConfiguration()
2024-07-14 23:57:20,072[main] INFO  org.springframework.web.servlet.mvc.method.annotation.RequestMappingHandlerMapping - Mapped "{[/swagger-resources/configuration/ui]}" onto org.springframework.http.ResponseEntity<springfox.documentation.swagger.web.UiConfiguration> springfox.documentation.swagger.web.ApiResourceController.uiConfiguration()
2024-07-14 23:57:20,073[main] INFO  org.springframework.web.servlet.mvc.method.annotation.RequestMappingHandlerMapping - Mapped "{[/swagger-resources]}" onto org.springframework.http.ResponseEntity<java.util.List<springfox.documentation.swagger.web.SwaggerResource>> springfox.documentation.swagger.web.ApiResourceController.swaggerResources()
2024-07-14 23:57:20,075[main] INFO  org.springframework.web.servlet.mvc.method.annotation.RequestMappingHandlerMapping - Mapped "{[/error]}" onto public org.springframework.http.ResponseEntity<java.util.Map<java.lang.String, java.lang.Object>> org.springframework.boot.autoconfigure.web.BasicErrorController.error(javax.servlet.http.HttpServletRequest)
2024-07-14 23:57:20,076[main] INFO  org.springframework.web.servlet.mvc.method.annotation.RequestMappingHandlerMapping - Mapped "{[/error],produces=[text/html]}" onto public org.springframework.web.servlet.ModelAndView org.springframework.boot.autoconfigure.web.BasicErrorController.errorHtml(javax.servlet.http.HttpServletRequest,javax.servlet.http.HttpServletResponse)
2024-07-14 23:57:20,273[main] INFO  org.springframework.boot.actuate.endpoint.mvc.EndpointHandlerMapping - Mapped "{[/loggers/{name:.*}],methods=[GET],produces=[application/vnd.spring-boot.actuator.v1+json || application/json]}" onto public java.lang.Object org.springframework.boot.actuate.endpoint.mvc.LoggersMvcEndpoint.get(java.lang.String)
2024-07-14 23:57:20,274[main] INFO  org.springframework.boot.actuate.endpoint.mvc.EndpointHandlerMapping - Mapped "{[/loggers/{name:.*}],methods=[POST],consumes=[application/vnd.spring-boot.actuator.v1+json || application/json],produces=[application/vnd.spring-boot.actuator.v1+json || application/json]}" onto public java.lang.Object org.springframework.boot.actuate.endpoint.mvc.LoggersMvcEndpoint.set(java.lang.String,java.util.Map<java.lang.String, java.lang.String>)
2024-07-14 23:57:20,274[main] INFO  org.springframework.boot.actuate.endpoint.mvc.EndpointHandlerMapping - Mapped "{[/loggers || /loggers.json],methods=[GET],produces=[application/vnd.spring-boot.actuator.v1+json || application/json]}" onto public java.lang.Object org.springframework.boot.actuate.endpoint.mvc.EndpointMvcAdapter.invoke()
2024-07-14 23:57:20,275[main] INFO  org.springframework.boot.actuate.endpoint.mvc.EndpointHandlerMapping - Mapped "{[/autoconfig || /autoconfig.json],methods=[GET],produces=[application/vnd.spring-boot.actuator.v1+json || application/json]}" onto public java.lang.Object org.springframework.boot.actuate.endpoint.mvc.EndpointMvcAdapter.invoke()
2024-07-14 23:57:20,276[main] INFO  org.springframework.boot.actuate.endpoint.mvc.EndpointHandlerMapping - Mapped "{[/dump || /dump.json],methods=[GET],produces=[application/vnd.spring-boot.actuator.v1+json || application/json]}" onto public java.lang.Object org.springframework.boot.actuate.endpoint.mvc.EndpointMvcAdapter.invoke()
2024-07-14 23:57:20,277[main] INFO  org.springframework.boot.actuate.endpoint.mvc.EndpointHandlerMapping - Mapped "{[/auditevents || /auditevents.json],methods=[GET],produces=[application/vnd.spring-boot.actuator.v1+json || application/json]}" onto public org.springframework.http.ResponseEntity<?> org.springframework.boot.actuate.endpoint.mvc.AuditEventsMvcEndpoint.findByPrincipalAndAfterAndType(java.lang.String,java.util.Date,java.lang.String)
2024-07-14 23:57:20,279[main] INFO  org.springframework.boot.actuate.endpoint.mvc.EndpointHandlerMapping - Mapped "{[/env/{name:.*}],methods=[GET],produces=[application/vnd.spring-boot.actuator.v1+json || application/json]}" onto public java.lang.Object org.springframework.boot.actuate.endpoint.mvc.EnvironmentMvcEndpoint.value(java.lang.String)
2024-07-14 23:57:20,280[main] INFO  org.springframework.boot.actuate.endpoint.mvc.EndpointHandlerMapping - Mapped "{[/env || /env.json],methods=[GET],produces=[application/vnd.spring-boot.actuator.v1+json || application/json]}" onto public java.lang.Object org.springframework.boot.actuate.endpoint.mvc.EndpointMvcAdapter.invoke()
2024-07-14 23:57:20,281[main] INFO  org.springframework.boot.actuate.endpoint.mvc.EndpointHandlerMapping - Mapped "{[/heapdump || /heapdump.json],methods=[GET],produces=[application/octet-stream]}" onto public void org.springframework.boot.actuate.endpoint.mvc.HeapdumpMvcEndpoint.invoke(boolean,javax.servlet.http.HttpServletRequest,javax.servlet.http.HttpServletResponse) throws java.io.IOException,javax.servlet.ServletException
2024-07-14 23:57:20,282[main] INFO  org.springframework.boot.actuate.endpoint.mvc.EndpointHandlerMapping - Mapped "{[/info || /info.json],methods=[GET],produces=[application/vnd.spring-boot.actuator.v1+json || application/json]}" onto public java.lang.Object org.springframework.boot.actuate.endpoint.mvc.EndpointMvcAdapter.invoke()
2024-07-14 23:57:20,282[main] INFO  org.springframework.boot.actuate.endpoint.mvc.EndpointHandlerMapping - Mapped "{[/health || /health.json],methods=[GET],produces=[application/vnd.spring-boot.actuator.v1+json || application/json]}" onto public java.lang.Object org.springframework.boot.actuate.endpoint.mvc.HealthMvcEndpoint.invoke(javax.servlet.http.HttpServletRequest,java.security.Principal)
2024-07-14 23:57:20,284[main] INFO  org.springframework.boot.actuate.endpoint.mvc.EndpointHandlerMapping - Mapped "{[/metrics/{name:.*}],methods=[GET],produces=[application/vnd.spring-boot.actuator.v1+json || application/json]}" onto public java.lang.Object org.springframework.boot.actuate.endpoint.mvc.MetricsMvcEndpoint.value(java.lang.String)
2024-07-14 23:57:20,284[main] INFO  org.springframework.boot.actuate.endpoint.mvc.EndpointHandlerMapping - Mapped "{[/metrics || /metrics.json],methods=[GET],produces=[application/vnd.spring-boot.actuator.v1+json || application/json]}" onto public java.lang.Object org.springframework.boot.actuate.endpoint.mvc.EndpointMvcAdapter.invoke()
2024-07-14 23:57:20,285[main] INFO  org.springframework.boot.actuate.endpoint.mvc.EndpointHandlerMapping - Mapped "{[/mappings || /mappings.json],methods=[GET],produces=[application/vnd.spring-boot.actuator.v1+json || application/json]}" onto public java.lang.Object org.springframework.boot.actuate.endpoint.mvc.EndpointMvcAdapter.invoke()
2024-07-14 23:57:20,286[main] INFO  org.springframework.boot.actuate.endpoint.mvc.EndpointHandlerMapping - Mapped "{[/trace || /trace.json],methods=[GET],produces=[application/vnd.spring-boot.actuator.v1+json || application/json]}" onto public java.lang.Object org.springframework.boot.actuate.endpoint.mvc.EndpointMvcAdapter.invoke()
2024-07-14 23:57:20,287[main] INFO  org.springframework.boot.actuate.endpoint.mvc.EndpointHandlerMapping - Mapped "{[/beans || /beans.json],methods=[GET],produces=[application/vnd.spring-boot.actuator.v1+json || application/json]}" onto public java.lang.Object org.springframework.boot.actuate.endpoint.mvc.EndpointMvcAdapter.invoke()
2024-07-14 23:57:20,288[main] INFO  org.springframework.boot.actuate.endpoint.mvc.EndpointHandlerMapping - Mapped "{[/configprops || /configprops.json],methods=[GET],produces=[application/vnd.spring-boot.actuator.v1+json || application/json]}" onto public java.lang.Object org.springframework.boot.actuate.endpoint.mvc.EndpointMvcAdapter.invoke()
2024-07-14 23:57:20,586[main] INFO  org.springframework.web.servlet.mvc.method.annotation.RequestMappingHandlerAdapter - Looking for @ControllerAdvice: org.springframework.boot.context.embedded.AnnotationConfigEmbeddedWebApplicationContext@479460a6: startup date [Sun Jul 14 23:57:14 GMT+01:00 2024]; root of context hierarchy
2024-07-14 23:57:20,676[main] INFO  org.springframework.web.servlet.handler.SimpleUrlHandlerMapping - Mapped URL path [/webjars/**] onto handler of type [class org.springframework.web.servlet.resource.ResourceHttpRequestHandler]
2024-07-14 23:57:20,676[main] INFO  org.springframework.web.servlet.handler.SimpleUrlHandlerMapping - Mapped URL path [/**] onto handler of type [class org.springframework.web.servlet.resource.ResourceHttpRequestHandler]
2024-07-14 23:57:20,693[main] INFO  org.springframework.web.servlet.mvc.method.annotation.ExceptionHandlerExceptionResolver - Detected @ExceptionHandler methods in exceptionInterceptor
2024-07-14 23:57:20,713[main] INFO  org.springframework.web.servlet.handler.SimpleUrlHandlerMapping - Mapped URL path [/**/favicon.ico] onto handler of type [class org.springframework.web.servlet.resource.ResourceHttpRequestHandler]
2024-07-14 23:57:20,999[main] INFO  org.springframework.jmx.export.annotation.AnnotationMBeanExporter - Registering beans for JMX exposure on startup
2024-07-14 23:57:21,011[main] INFO  org.springframework.context.support.DefaultLifecycleProcessor - Starting beans in phase 0
2024-07-14 23:57:21,073[main] INFO  org.springframework.context.support.DefaultLifecycleProcessor - Starting beans in phase 2147483647
2024-07-14 23:57:21,073[main] INFO  springfox.documentation.spring.web.plugins.DocumentationPluginsBootstrapper - Context refreshed
2024-07-14 23:57:21,095[main] INFO  springfox.documentation.spring.web.plugins.DocumentationPluginsBootstrapper - Found 1 custom documentation plugin(s)
2024-07-14 23:57:21,106[main] INFO  springfox.documentation.spring.web.scanners.ApiListingReferenceScanner - Scanning for api listing references
2024-07-14 23:57:21,526[main] INFO  org.springframework.boot.context.embedded.tomcat.TomcatEmbeddedServletContainer - Tomcat started on port(s): 7070 (http)
2024-07-14 23:57:21,533[main] INFO  javatechy.codegen.CodeGenApplication - Started CodeGenApplication in 8.047 seconds (JVM running for 9.351)
2024-07-14 23:58:00,114[http-nio-7070-exec-1] INFO  org.apache.catalina.core.ContainerBase.[Tomcat].[localhost].[/] - Initializing Spring FrameworkServlet 'dispatcherServlet'
2024-07-14 23:58:00,115[http-nio-7070-exec-1] INFO  org.springframework.web.servlet.DispatcherServlet - FrameworkServlet 'dispatcherServlet': initialization started
2024-07-14 23:58:00,133[http-nio-7070-exec-1] INFO  org.springframework.web.servlet.DispatcherServlet - FrameworkServlet 'dispatcherServlet': initialization completed in 18 ms
2024-07-14 23:58:00,321[http-nio-7070-exec-2] INFO  javatechy.codegen.controller.CodeGenController - == Creating empty project ==
2024-07-14 23:58:00,323[http-nio-7070-exec-2] INFO  javatechy.codegen.service.impl.ProjectCreatorImpl - Application Class Name => MydormApplication
2024-07-14 23:58:00,323[http-nio-7070-exec-2] INFO  javatechy.codegen.service.impl.ProjectCreatorImpl - javaCodeLoc => C:\Users\User\AppData\Local\Temp\projects-dockercheck1935480396730094880\spring-boot/src/main/java/tn/esprit/mydorm
2024-07-14 23:58:00,324[http-nio-7070-exec-2] INFO  javatechy.codegen.service.impl.ProjectCreatorImpl - javaCodeLoc => C:\Users\User\AppData\Local\Temp\projects-dockercheck1935480396730094880\spring-boot/src/main/java/tn/esprit/myDorm
2024-07-14 23:58:00,324[http-nio-7070-exec-2] INFO  javatechy.codegen.service.impl.FileUtilServiceImpl - [createDirectories]File Location=> C:\Users\User\AppData\Local\Temp\projects-dockercheck1935480396730094880\spring-boot/src/main/java
2024-07-14 23:58:00,325[http-nio-7070-exec-2] INFO  javatechy.codegen.service.impl.FileUtilServiceImpl - [createDirectories]File Location=> C:\Users\User\AppData\Local\Temp\projects-dockercheck1935480396730094880\spring-boot\src\main\java
2024-07-14 23:58:00,328[http-nio-7070-exec-2] INFO  javatechy.codegen.service.impl.FileUtilServiceImpl - [createDirectories]File Location=> C:\Users\User\AppData\Local\Temp\projects-dockercheck1935480396730094880\spring-boot/src/test/java
2024-07-14 23:58:00,328[http-nio-7070-exec-2] INFO  javatechy.codegen.service.impl.FileUtilServiceImpl - [createDirectories]File Location=> C:\Users\User\AppData\Local\Temp\projects-dockercheck1935480396730094880\spring-boot\src\test\java
2024-07-14 23:58:00,330[http-nio-7070-exec-2] INFO  javatechy.codegen.service.impl.FileUtilServiceImpl - [createDirectories]File Location=> C:\Users\User\AppData\Local\Temp\projects-dockercheck1935480396730094880\spring-boot/src/main/resources
2024-07-14 23:58:00,330[http-nio-7070-exec-2] INFO  javatechy.codegen.service.impl.FileUtilServiceImpl - [createDirectories]File Location=> C:\Users\User\AppData\Local\Temp\projects-dockercheck1935480396730094880\spring-boot\src\main\resources
2024-07-14 23:58:00,330[http-nio-7070-exec-2] INFO  javatechy.codegen.service.impl.FileUtilServiceImpl - [createDirectories]File Location=> C:\Users\User\AppData\Local\Temp\projects-dockercheck1935480396730094880\spring-boot/src/main/java/tn/esprit/myDorm
2024-07-14 23:58:00,330[http-nio-7070-exec-2] INFO  javatechy.codegen.service.impl.FileUtilServiceImpl - [createDirectories]File Location=> C:\Users\User\AppData\Local\Temp\projects-dockercheck1935480396730094880\spring-boot\src\main\java\tn\esprit\myDorm
2024-07-14 23:58:00,332[http-nio-7070-exec-2] INFO  javatechy.codegen.service.impl.FileUtilServiceImpl - [createDirectories]File Location=> C:\Users\User\AppData\Local\Temp\projects-dockercheck1935480396730094880\spring-boot/src/test/java/tn/esprit/myDorm
2024-07-14 23:58:00,332[http-nio-7070-exec-2] INFO  javatechy.codegen.service.impl.FileUtilServiceImpl - [createDirectories]File Location=> C:\Users\User\AppData\Local\Temp\projects-dockercheck1935480396730094880\spring-boot\src\test\java\tn\esprit\myDorm
2024-07-14 23:58:00,334[http-nio-7070-exec-2] INFO  javatechy.codegen.service.impl.FileUtilServiceImpl - [createDirectories]File Location=> C:\Users\User\AppData\Local\Temp\projects-dockercheck1935480396730094880\spring-boot/src/main/java/tn/esprit/myDorm/service/impl
2024-07-14 23:58:00,334[http-nio-7070-exec-2] INFO  javatechy.codegen.service.impl.FileUtilServiceImpl - [createDirectories]File Location=> C:\Users\User\AppData\Local\Temp\projects-dockercheck1935480396730094880\spring-boot\src\main\java\tn\esprit\myDorm\service\impl
2024-07-14 23:58:00,335[http-nio-7070-exec-2] INFO  javatechy.codegen.service.impl.FileUtilServiceImpl - [createDirectories]File Location=> C:\Users\User\AppData\Local\Temp\projects-dockercheck1935480396730094880\spring-boot/src/main/java/tn/esprit/myDorm/controller
2024-07-14 23:58:00,335[http-nio-7070-exec-2] INFO  javatechy.codegen.service.impl.FileUtilServiceImpl - [createDirectories]File Location=> C:\Users\User\AppData\Local\Temp\projects-dockercheck1935480396730094880\spring-boot\src\main\java\tn\esprit\myDorm\controller
2024-07-14 23:58:00,336[http-nio-7070-exec-2] INFO  javatechy.codegen.service.impl.FileUtilServiceImpl - [createDirectories]File Location=> C:\Users\User\AppData\Local\Temp\projects-dockercheck1935480396730094880\spring-boot/src/main/java/tn/esprit/myDorm/exception
2024-07-14 23:58:00,336[http-nio-7070-exec-2] INFO  javatechy.codegen.service.impl.FileUtilServiceImpl - [createDirectories]File Location=> C:\Users\User\AppData\Local\Temp\projects-dockercheck1935480396730094880\spring-boot\src\main\java\tn\esprit\myDorm\exception
2024-07-14 23:58:00,336[http-nio-7070-exec-2] INFO  javatechy.codegen.service.impl.FileUtilServiceImpl - [createDirectories]File Location=> C:\Users\User\AppData\Local\Temp\projects-dockercheck1935480396730094880\spring-boot/src/main/java/tn/esprit/myDorm/dao
2024-07-14 23:58:00,336[http-nio-7070-exec-2] INFO  javatechy.codegen.service.impl.FileUtilServiceImpl - [createDirectories]File Location=> C:\Users\User\AppData\Local\Temp\projects-dockercheck1935480396730094880\spring-boot\src\main\java\tn\esprit\myDorm\dao
2024-07-14 23:58:00,336[http-nio-7070-exec-2] INFO  javatechy.codegen.service.impl.FileUtilServiceImpl - [createDirectories]File Location=> C:\Users\User\AppData\Local\Temp\projects-dockercheck1935480396730094880\spring-boot/src/main/java/tn/esprit/myDorm/entity
2024-07-14 23:58:00,337[http-nio-7070-exec-2] INFO  javatechy.codegen.service.impl.FileUtilServiceImpl - [createDirectories]File Location=> C:\Users\User\AppData\Local\Temp\projects-dockercheck1935480396730094880\spring-boot\src\main\java\tn\esprit\myDorm\entity
2024-07-14 23:58:00,337[http-nio-7070-exec-2] INFO  javatechy.codegen.service.impl.FileUtilServiceImpl - [createDirectories]File Location=> C:\Users\User\AppData\Local\Temp\projects-dockercheck1935480396730094880\spring-boot/src/main/java/tn/esprit/myDorm/configurations
2024-07-14 23:58:00,337[http-nio-7070-exec-2] INFO  javatechy.codegen.service.impl.FileUtilServiceImpl - [createDirectories]File Location=> C:\Users\User\AppData\Local\Temp\projects-dockercheck1935480396730094880\spring-boot\src\main\java\tn\esprit\myDorm\configurations
2024-07-14 23:58:00,363[http-nio-7070-exec-2] INFO  javatechy.codegen.controller.CodeGenController - Creating application properties => 
2024-07-14 23:58:00,434[http-nio-7070-exec-2] INFO  javatechy.codegen.controller.CodeGenController - Content-Disposition: attachment; filename="dockercheck.zip"
