2024-04-22 00:10:21,685[Thread-2] INFO  org.springframework.boot.context.embedded.AnnotationConfigEmbeddedWebApplicationContext - Closing org.springframework.boot.context.embedded.AnnotationConfigEmbeddedWebApplicationContext@481ba2cf: startup date [Sun Apr 21 22:22:35 WAT 2024]; root of context hierarchy
2024-04-22 00:10:21,789[Thread-2] INFO  org.springframework.context.support.DefaultLifecycleProcessor - Stopping beans in phase 2147483647
2024-04-22 00:10:21,803[Thread-2] INFO  org.springframework.context.support.DefaultLifecycleProcessor - Stopping beans in phase 0
2024-04-22 00:10:21,818[Thread-2] INFO  org.springframework.jmx.export.annotation.AnnotationMBeanExporter - Unregistering JMX-exposed beans on shutdown
2024-04-22 00:10:25,818[main] INFO  javatechy.codegen.CodeGenApplication - Starting CodeGenApplication on LAPTOP-4AULRSCF with PID 28256 (C:\Users\fayce\Desktop\pfe\codegen\target\classes started by fayce in C:\Users\fayce\Desktop\pfe\codegen)
2024-04-22 00:10:25,820[main] INFO  javatechy.codegen.CodeGenApplication - No active profile set, falling back to default profiles: default
2024-04-22 00:10:25,846[main] INFO  org.springframework.boot.context.embedded.AnnotationConfigEmbeddedWebApplicationContext - Refreshing org.springframework.boot.context.embedded.AnnotationConfigEmbeddedWebApplicationContext@481ba2cf: startup date [Mon Apr 22 00:10:25 WAT 2024]; root of context hierarchy
2024-04-22 00:10:26,887[main] INFO  org.springframework.boot.context.embedded.tomcat.TomcatEmbeddedServletContainer - Tomcat initialized with port(s): 7070 (http)
2024-04-22 00:10:26,895[main] INFO  org.apache.catalina.core.StandardService - Starting service [Tomcat]
2024-04-22 00:10:26,896[main] INFO  org.apache.catalina.core.StandardEngine - Starting Servlet Engine: Apache Tomcat/8.5.23
2024-04-22 00:10:26,963[localhost-startStop-1] INFO  org.apache.catalina.core.ContainerBase.[Tomcat].[localhost].[/] - Initializing Spring embedded WebApplicationContext
2024-04-22 00:10:26,963[localhost-startStop-1] INFO  org.springframework.web.context.ContextLoader - Root WebApplicationContext: initialization completed in 1117 ms
2024-04-22 00:10:27,155[localhost-startStop-1] INFO  org.springframework.boot.web.servlet.ServletRegistrationBean - Mapping servlet: 'dispatcherServlet' to [/]
2024-04-22 00:10:27,158[localhost-startStop-1] INFO  org.springframework.boot.web.servlet.FilterRegistrationBean - Mapping filter: 'metricsFilter' to: [/*]
2024-04-22 00:10:27,158[localhost-startStop-1] INFO  org.springframework.boot.web.servlet.FilterRegistrationBean - Mapping filter: 'characterEncodingFilter' to: [/*]
2024-04-22 00:10:27,158[localhost-startStop-1] INFO  org.springframework.boot.web.servlet.FilterRegistrationBean - Mapping filter: 'hiddenHttpMethodFilter' to: [/*]
2024-04-22 00:10:27,158[localhost-startStop-1] INFO  org.springframework.boot.web.servlet.FilterRegistrationBean - Mapping filter: 'httpPutFormContentFilter' to: [/*]
2024-04-22 00:10:27,159[localhost-startStop-1] INFO  org.springframework.boot.web.servlet.FilterRegistrationBean - Mapping filter: 'requestContextFilter' to: [/*]
2024-04-22 00:10:27,159[localhost-startStop-1] INFO  org.springframework.boot.web.servlet.FilterRegistrationBean - Mapping filter: 'webRequestLoggingFilter' to: [/*]
2024-04-22 00:10:27,159[localhost-startStop-1] INFO  org.springframework.boot.web.servlet.FilterRegistrationBean - Mapping filter: 'applicationContextIdFilter' to: [/*]
2024-04-22 00:10:27,456[main] INFO  org.springframework.web.servlet.mvc.method.annotation.RequestMappingHandlerMapping - Mapped "{[/project/create],methods=[POST],produces=[application/json]}" onto public javatechy.codegen.dto.Response javatechy.codegen.controller.CodeGenController.createProject(javatechy.codegen.dto.Request) throws java.io.IOException
2024-04-22 00:10:27,460[main] INFO  org.springframework.web.servlet.mvc.method.annotation.RequestMappingHandlerMapping - Mapped "{[/ping],methods=[GET]}" onto public java.lang.String javatechy.codegen.controller.ConfigController.health()
2024-04-22 00:10:27,460[main] INFO  org.springframework.web.servlet.mvc.method.annotation.RequestMappingHandlerMapping - Mapped "{[/config],methods=[GET]}" onto public java.lang.String javatechy.codegen.controller.ConfigController.fetch(java.util.Map<java.lang.String, java.lang.String>)
2024-04-22 00:10:27,461[main] INFO  org.springframework.web.servlet.mvc.method.annotation.RequestMappingHandlerMapping - Mapped "{[/v2/api-docs],methods=[GET],produces=[application/json || application/hal+json]}" onto public org.springframework.http.ResponseEntity<springfox.documentation.spring.web.json.Json> springfox.documentation.swagger2.web.Swagger2Controller.getDocumentation(java.lang.String,javax.servlet.http.HttpServletRequest)
2024-04-22 00:10:27,462[main] INFO  org.springframework.web.servlet.mvc.method.annotation.RequestMappingHandlerMapping - Mapped "{[/swagger-resources/configuration/security]}" onto org.springframework.http.ResponseEntity<springfox.documentation.swagger.web.SecurityConfiguration> springfox.documentation.swagger.web.ApiResourceController.securityConfiguration()
2024-04-22 00:10:27,463[main] INFO  org.springframework.web.servlet.mvc.method.annotation.RequestMappingHandlerMapping - Mapped "{[/swagger-resources]}" onto org.springframework.http.ResponseEntity<java.util.List<springfox.documentation.swagger.web.SwaggerResource>> springfox.documentation.swagger.web.ApiResourceController.swaggerResources()
2024-04-22 00:10:27,463[main] INFO  org.springframework.web.servlet.mvc.method.annotation.RequestMappingHandlerMapping - Mapped "{[/swagger-resources/configuration/ui]}" onto org.springframework.http.ResponseEntity<springfox.documentation.swagger.web.UiConfiguration> springfox.documentation.swagger.web.ApiResourceController.uiConfiguration()
2024-04-22 00:10:27,464[main] INFO  org.springframework.web.servlet.mvc.method.annotation.RequestMappingHandlerMapping - Mapped "{[/error]}" onto public org.springframework.http.ResponseEntity<java.util.Map<java.lang.String, java.lang.Object>> org.springframework.boot.autoconfigure.web.BasicErrorController.error(javax.servlet.http.HttpServletRequest)
2024-04-22 00:10:27,465[main] INFO  org.springframework.web.servlet.mvc.method.annotation.RequestMappingHandlerMapping - Mapped "{[/error],produces=[text/html]}" onto public org.springframework.web.servlet.ModelAndView org.springframework.boot.autoconfigure.web.BasicErrorController.errorHtml(javax.servlet.http.HttpServletRequest,javax.servlet.http.HttpServletResponse)
2024-04-22 00:10:27,563[main] INFO  org.springframework.boot.actuate.endpoint.mvc.EndpointHandlerMapping - Mapped "{[/configprops || /configprops.json],methods=[GET],produces=[application/vnd.spring-boot.actuator.v1+json || application/json]}" onto public java.lang.Object org.springframework.boot.actuate.endpoint.mvc.EndpointMvcAdapter.invoke()
2024-04-22 00:10:27,564[main] INFO  org.springframework.boot.actuate.endpoint.mvc.EndpointHandlerMapping - Mapped "{[/auditevents || /auditevents.json],methods=[GET],produces=[application/vnd.spring-boot.actuator.v1+json || application/json]}" onto public org.springframework.http.ResponseEntity<?> org.springframework.boot.actuate.endpoint.mvc.AuditEventsMvcEndpoint.findByPrincipalAndAfterAndType(java.lang.String,java.util.Date,java.lang.String)
2024-04-22 00:10:27,565[main] INFO  org.springframework.boot.actuate.endpoint.mvc.EndpointHandlerMapping - Mapped "{[/env/{name:.*}],methods=[GET],produces=[application/vnd.spring-boot.actuator.v1+json || application/json]}" onto public java.lang.Object org.springframework.boot.actuate.endpoint.mvc.EnvironmentMvcEndpoint.value(java.lang.String)
2024-04-22 00:10:27,565[main] INFO  org.springframework.boot.actuate.endpoint.mvc.EndpointHandlerMapping - Mapped "{[/env || /env.json],methods=[GET],produces=[application/vnd.spring-boot.actuator.v1+json || application/json]}" onto public java.lang.Object org.springframework.boot.actuate.endpoint.mvc.EndpointMvcAdapter.invoke()
2024-04-22 00:10:27,565[main] INFO  org.springframework.boot.actuate.endpoint.mvc.EndpointHandlerMapping - Mapped "{[/health || /health.json],methods=[GET],produces=[application/vnd.spring-boot.actuator.v1+json || application/json]}" onto public java.lang.Object org.springframework.boot.actuate.endpoint.mvc.HealthMvcEndpoint.invoke(javax.servlet.http.HttpServletRequest,java.security.Principal)
2024-04-22 00:10:27,565[main] INFO  org.springframework.boot.actuate.endpoint.mvc.EndpointHandlerMapping - Mapped "{[/trace || /trace.json],methods=[GET],produces=[application/vnd.spring-boot.actuator.v1+json || application/json]}" onto public java.lang.Object org.springframework.boot.actuate.endpoint.mvc.EndpointMvcAdapter.invoke()
2024-04-22 00:10:27,567[main] INFO  org.springframework.boot.actuate.endpoint.mvc.EndpointHandlerMapping - Mapped "{[/loggers/{name:.*}],methods=[GET],produces=[application/vnd.spring-boot.actuator.v1+json || application/json]}" onto public java.lang.Object org.springframework.boot.actuate.endpoint.mvc.LoggersMvcEndpoint.get(java.lang.String)
2024-04-22 00:10:27,567[main] INFO  org.springframework.boot.actuate.endpoint.mvc.EndpointHandlerMapping - Mapped "{[/loggers/{name:.*}],methods=[POST],consumes=[application/vnd.spring-boot.actuator.v1+json || application/json],produces=[application/vnd.spring-boot.actuator.v1+json || application/json]}" onto public java.lang.Object org.springframework.boot.actuate.endpoint.mvc.LoggersMvcEndpoint.set(java.lang.String,java.util.Map<java.lang.String, java.lang.String>)
2024-04-22 00:10:27,567[main] INFO  org.springframework.boot.actuate.endpoint.mvc.EndpointHandlerMapping - Mapped "{[/loggers || /loggers.json],methods=[GET],produces=[application/vnd.spring-boot.actuator.v1+json || application/json]}" onto public java.lang.Object org.springframework.boot.actuate.endpoint.mvc.EndpointMvcAdapter.invoke()
2024-04-22 00:10:27,568[main] INFO  org.springframework.boot.actuate.endpoint.mvc.EndpointHandlerMapping - Mapped "{[/metrics/{name:.*}],methods=[GET],produces=[application/vnd.spring-boot.actuator.v1+json || application/json]}" onto public java.lang.Object org.springframework.boot.actuate.endpoint.mvc.MetricsMvcEndpoint.value(java.lang.String)
2024-04-22 00:10:27,568[main] INFO  org.springframework.boot.actuate.endpoint.mvc.EndpointHandlerMapping - Mapped "{[/metrics || /metrics.json],methods=[GET],produces=[application/vnd.spring-boot.actuator.v1+json || application/json]}" onto public java.lang.Object org.springframework.boot.actuate.endpoint.mvc.EndpointMvcAdapter.invoke()
2024-04-22 00:10:27,568[main] INFO  org.springframework.boot.actuate.endpoint.mvc.EndpointHandlerMapping - Mapped "{[/heapdump || /heapdump.json],methods=[GET],produces=[application/octet-stream]}" onto public void org.springframework.boot.actuate.endpoint.mvc.HeapdumpMvcEndpoint.invoke(boolean,javax.servlet.http.HttpServletRequest,javax.servlet.http.HttpServletResponse) throws java.io.IOException,javax.servlet.ServletException
2024-04-22 00:10:27,569[main] INFO  org.springframework.boot.actuate.endpoint.mvc.EndpointHandlerMapping - Mapped "{[/autoconfig || /autoconfig.json],methods=[GET],produces=[application/vnd.spring-boot.actuator.v1+json || application/json]}" onto public java.lang.Object org.springframework.boot.actuate.endpoint.mvc.EndpointMvcAdapter.invoke()
2024-04-22 00:10:27,569[main] INFO  org.springframework.boot.actuate.endpoint.mvc.EndpointHandlerMapping - Mapped "{[/info || /info.json],methods=[GET],produces=[application/vnd.spring-boot.actuator.v1+json || application/json]}" onto public java.lang.Object org.springframework.boot.actuate.endpoint.mvc.EndpointMvcAdapter.invoke()
2024-04-22 00:10:27,569[main] INFO  org.springframework.boot.actuate.endpoint.mvc.EndpointHandlerMapping - Mapped "{[/mappings || /mappings.json],methods=[GET],produces=[application/vnd.spring-boot.actuator.v1+json || application/json]}" onto public java.lang.Object org.springframework.boot.actuate.endpoint.mvc.EndpointMvcAdapter.invoke()
2024-04-22 00:10:27,571[main] INFO  org.springframework.boot.actuate.endpoint.mvc.EndpointHandlerMapping - Mapped "{[/dump || /dump.json],methods=[GET],produces=[application/vnd.spring-boot.actuator.v1+json || application/json]}" onto public java.lang.Object org.springframework.boot.actuate.endpoint.mvc.EndpointMvcAdapter.invoke()
2024-04-22 00:10:27,571[main] INFO  org.springframework.boot.actuate.endpoint.mvc.EndpointHandlerMapping - Mapped "{[/beans || /beans.json],methods=[GET],produces=[application/vnd.spring-boot.actuator.v1+json || application/json]}" onto public java.lang.Object org.springframework.boot.actuate.endpoint.mvc.EndpointMvcAdapter.invoke()
2024-04-22 00:10:27,732[main] INFO  org.springframework.web.servlet.mvc.method.annotation.RequestMappingHandlerAdapter - Looking for @ControllerAdvice: org.springframework.boot.context.embedded.AnnotationConfigEmbeddedWebApplicationContext@481ba2cf: startup date [Mon Apr 22 00:10:25 WAT 2024]; root of context hierarchy
2024-04-22 00:10:27,770[main] INFO  org.springframework.web.servlet.handler.SimpleUrlHandlerMapping - Mapped URL path [/webjars/**] onto handler of type [class org.springframework.web.servlet.resource.ResourceHttpRequestHandler]
2024-04-22 00:10:27,770[main] INFO  org.springframework.web.servlet.handler.SimpleUrlHandlerMapping - Mapped URL path [/**] onto handler of type [class org.springframework.web.servlet.resource.ResourceHttpRequestHandler]
2024-04-22 00:10:27,779[main] INFO  org.springframework.web.servlet.mvc.method.annotation.ExceptionHandlerExceptionResolver - Detected @ExceptionHandler methods in exceptionInterceptor
2024-04-22 00:10:27,792[main] INFO  org.springframework.web.servlet.handler.SimpleUrlHandlerMapping - Mapped URL path [/**/favicon.ico] onto handler of type [class org.springframework.web.servlet.resource.ResourceHttpRequestHandler]
2024-04-22 00:10:27,901[main] INFO  org.springframework.jmx.export.annotation.AnnotationMBeanExporter - Registering beans for JMX exposure on startup
2024-04-22 00:10:27,908[main] INFO  org.springframework.context.support.DefaultLifecycleProcessor - Starting beans in phase 0
2024-04-22 00:10:27,937[main] INFO  org.springframework.context.support.DefaultLifecycleProcessor - Starting beans in phase 2147483647
2024-04-22 00:10:27,937[main] INFO  springfox.documentation.spring.web.plugins.DocumentationPluginsBootstrapper - Context refreshed
2024-04-22 00:10:27,950[main] INFO  springfox.documentation.spring.web.plugins.DocumentationPluginsBootstrapper - Found 1 custom documentation plugin(s)
2024-04-22 00:10:27,956[main] INFO  springfox.documentation.spring.web.scanners.ApiListingReferenceScanner - Scanning for api listing references
2024-04-22 00:10:28,104[main] INFO  org.springframework.boot.context.embedded.tomcat.TomcatEmbeddedServletContainer - Tomcat started on port(s): 7070 (http)
2024-04-22 00:10:28,107[main] INFO  javatechy.codegen.CodeGenApplication - Started CodeGenApplication in 2.588 seconds (JVM running for 3.194)
2024-04-22 00:11:05,750[http-nio-7070-exec-1] INFO  org.apache.catalina.core.ContainerBase.[Tomcat].[localhost].[/] - Initializing Spring FrameworkServlet 'dispatcherServlet'
2024-04-22 00:11:05,751[http-nio-7070-exec-1] INFO  org.springframework.web.servlet.DispatcherServlet - FrameworkServlet 'dispatcherServlet': initialization started
2024-04-22 00:11:05,767[http-nio-7070-exec-1] INFO  org.springframework.web.servlet.DispatcherServlet - FrameworkServlet 'dispatcherServlet': initialization completed in 16 ms
2024-04-22 00:11:05,805[http-nio-7070-exec-1] INFO  javatechy.codegen.controller.CodeGenController - Recieved Request => javatechy.codegen.dto.Request@780af4c
2024-04-22 00:11:05,805[http-nio-7070-exec-1] INFO  javatechy.codegen.controller.CodeGenController - == Creating empty project ==
2024-04-22 00:11:05,807[http-nio-7070-exec-1] INFO  javatechy.codegen.service.impl.ProjectCreatorImpl - Application Class Name => Com.exampleApplication
2024-04-22 00:11:05,808[http-nio-7070-exec-1] INFO  javatechy.codegen.service.impl.ProjectCreatorImpl - javaCodeLoc => null
2024-04-22 00:11:05,808[http-nio-7070-exec-1] INFO  javatechy.codegen.service.impl.ProjectCreatorImpl - javaCodeLoc => /Users/fayce/Desktop/project/src/main/java/usermanagement/com/example
2024-04-22 00:11:05,809[http-nio-7070-exec-1] INFO  javatechy.codegen.service.impl.FileUtilServiceImpl - [createDirectories]File Location=> /Users/fayce/Desktop/project/src/main/java
2024-04-22 00:11:05,809[http-nio-7070-exec-1] INFO  javatechy.codegen.service.impl.FileUtilServiceImpl - [createDirectories]File Location=> \Users\fayce\Desktop\project\src\main\java
2024-04-22 00:11:05,812[http-nio-7070-exec-1] INFO  javatechy.codegen.service.impl.FileUtilServiceImpl - [createDirectories]File Location=> /Users/fayce/Desktop/project/src/main/resources
2024-04-22 00:11:05,812[http-nio-7070-exec-1] INFO  javatechy.codegen.service.impl.FileUtilServiceImpl - [createDirectories]File Location=> \Users\fayce\Desktop\project\src\main\resources
2024-04-22 00:11:05,812[http-nio-7070-exec-1] INFO  javatechy.codegen.service.impl.FileUtilServiceImpl - [createDirectories]File Location=> /Users/fayce/Desktop/project/src/main/java/usermanagement/com/example
2024-04-22 00:11:05,813[http-nio-7070-exec-1] INFO  javatechy.codegen.service.impl.FileUtilServiceImpl - [createDirectories]File Location=> \Users\fayce\Desktop\project\src\main\java\usermanagement\com\example
2024-04-22 00:11:05,814[http-nio-7070-exec-1] INFO  javatechy.codegen.service.impl.FileUtilServiceImpl - [createDirectories]File Location=> /Users/fayce/Desktop/project/src/main/java/usermanagement/com/example/service/impl
2024-04-22 00:11:05,814[http-nio-7070-exec-1] INFO  javatechy.codegen.service.impl.FileUtilServiceImpl - [createDirectories]File Location=> \Users\fayce\Desktop\project\src\main\java\usermanagement\com\example\service\impl
2024-04-22 00:11:05,815[http-nio-7070-exec-1] INFO  javatechy.codegen.service.impl.FileUtilServiceImpl - [createDirectories]File Location=> /Users/fayce/Desktop/project/src/main/java/usermanagement/com/example/controller
2024-04-22 00:11:05,815[http-nio-7070-exec-1] INFO  javatechy.codegen.service.impl.FileUtilServiceImpl - [createDirectories]File Location=> \Users\fayce\Desktop\project\src\main\java\usermanagement\com\example\controller
2024-04-22 00:11:05,815[http-nio-7070-exec-1] INFO  javatechy.codegen.service.impl.FileUtilServiceImpl - [createDirectories]File Location=> /Users/fayce/Desktop/project/src/main/java/usermanagement/com/example/exception
2024-04-22 00:11:05,815[http-nio-7070-exec-1] INFO  javatechy.codegen.service.impl.FileUtilServiceImpl - [createDirectories]File Location=> \Users\fayce\Desktop\project\src\main\java\usermanagement\com\example\exception
2024-04-22 00:11:05,816[http-nio-7070-exec-1] INFO  javatechy.codegen.service.impl.FileUtilServiceImpl - [createDirectories]File Location=> /Users/fayce/Desktop/project/src/main/java/usermanagement/com/example/dao
2024-04-22 00:11:05,816[http-nio-7070-exec-1] INFO  javatechy.codegen.service.impl.FileUtilServiceImpl - [createDirectories]File Location=> \Users\fayce\Desktop\project\src\main\java\usermanagement\com\example\dao
2024-04-22 00:11:05,816[http-nio-7070-exec-1] INFO  javatechy.codegen.service.impl.FileUtilServiceImpl - [createDirectories]File Location=> /Users/fayce/Desktop/project/src/main/java/usermanagement/com/example/entity
2024-04-22 00:11:05,816[http-nio-7070-exec-1] INFO  javatechy.codegen.service.impl.FileUtilServiceImpl - [createDirectories]File Location=> \Users\fayce\Desktop\project\src\main\java\usermanagement\com\example\entity
2024-04-22 00:11:05,818[http-nio-7070-exec-1] INFO  javatechy.codegen.service.impl.FileUtilServiceImpl - Reading file => /C:/Users/fayce/Desktop/pfe/codegen/target/classes/template/pom.xml
2024-04-22 00:11:05,822[http-nio-7070-exec-1] ERROR javatechy.codegen.exception.ExceptionInterceptor - Unknown Exception found
java.nio.file.InvalidPathException: Illegal char <:> at index 2: /C:/Users/fayce/Desktop/pfe/codegen/target/classes/template/pom.xml
	at java.base/sun.nio.fs.WindowsPathParser.normalize(WindowsPathParser.java:204)
	at java.base/sun.nio.fs.WindowsPathParser.parse(WindowsPathParser.java:175)
	at java.base/sun.nio.fs.WindowsPathParser.parse(WindowsPathParser.java:77)
	at java.base/sun.nio.fs.WindowsPath.parse(WindowsPath.java:92)
	at java.base/sun.nio.fs.WindowsFileSystem.getPath(WindowsFileSystem.java:231)
	at java.base/java.nio.file.Path.of(Path.java:148)
	at java.base/java.nio.file.Paths.get(Paths.java:69)
	at javatechy.codegen.service.impl.FileUtilServiceImpl.readFileData(FileUtilServiceImpl.java:41)
	at javatechy.codegen.service.impl.FileUtilServiceImpl.getDataFromClassLoader(FileUtilServiceImpl.java:52)
	at javatechy.codegen.service.impl.PomMakerServiceImpl.createPomXml(PomMakerServiceImpl.java:23)
	at javatechy.codegen.service.impl.ProjectServiceImpl.createProject(ProjectServiceImpl.java:52)
	at javatechy.codegen.controller.CodeGenController.createProject(CodeGenController.java:35)
	at java.base/jdk.internal.reflect.DirectMethodHandleAccessor.invoke(DirectMethodHandleAccessor.java:103)
	at java.base/java.lang.reflect.Method.invoke(Method.java:580)
	at org.springframework.web.method.support.InvocableHandlerMethod.doInvoke(InvocableHandlerMethod.java:205)
	at org.springframework.web.method.support.InvocableHandlerMethod.invokeForRequest(InvocableHandlerMethod.java:133)
	at org.springframework.web.servlet.mvc.method.annotation.ServletInvocableHandlerMethod.invokeAndHandle(ServletInvocableHandlerMethod.java:97)
	at org.springframework.web.servlet.mvc.method.annotation.RequestMappingHandlerAdapter.invokeHandlerMethod(RequestMappingHandlerAdapter.java:827)
	at org.springframework.web.servlet.mvc.method.annotation.RequestMappingHandlerAdapter.handleInternal(RequestMappingHandlerAdapter.java:738)
	at org.springframework.web.servlet.mvc.method.AbstractHandlerMethodAdapter.handle(AbstractHandlerMethodAdapter.java:85)
	at org.springframework.web.servlet.DispatcherServlet.doDispatch(DispatcherServlet.java:967)
	at org.springframework.web.servlet.DispatcherServlet.doService(DispatcherServlet.java:901)
	at org.springframework.web.servlet.FrameworkServlet.processRequest(FrameworkServlet.java:970)
	at org.springframework.web.servlet.FrameworkServlet.doPost(FrameworkServlet.java:872)
	at javax.servlet.http.HttpServlet.service(HttpServlet.java:661)
	at org.springframework.web.servlet.FrameworkServlet.service(FrameworkServlet.java:846)
	at javax.servlet.http.HttpServlet.service(HttpServlet.java:742)
	at org.apache.catalina.core.ApplicationFilterChain.internalDoFilter(ApplicationFilterChain.java:231)
	at org.apache.catalina.core.ApplicationFilterChain.doFilter(ApplicationFilterChain.java:166)
	at org.apache.tomcat.websocket.server.WsFilter.doFilter(WsFilter.java:52)
	at org.apache.catalina.core.ApplicationFilterChain.internalDoFilter(ApplicationFilterChain.java:193)
	at org.apache.catalina.core.ApplicationFilterChain.doFilter(ApplicationFilterChain.java:166)
	at org.springframework.boot.web.filter.ApplicationContextHeaderFilter.doFilterInternal(ApplicationContextHeaderFilter.java:55)
	at org.springframework.web.filter.OncePerRequestFilter.doFilter(OncePerRequestFilter.java:107)
	at org.apache.catalina.core.ApplicationFilterChain.internalDoFilter(ApplicationFilterChain.java:193)
	at org.apache.catalina.core.ApplicationFilterChain.doFilter(ApplicationFilterChain.java:166)
	at org.springframework.boot.actuate.trace.WebRequestTraceFilter.doFilterInternal(WebRequestTraceFilter.java:110)
	at org.springframework.web.filter.OncePerRequestFilter.doFilter(OncePerRequestFilter.java:107)
	at org.apache.catalina.core.ApplicationFilterChain.internalDoFilter(ApplicationFilterChain.java:193)
	at org.apache.catalina.core.ApplicationFilterChain.doFilter(ApplicationFilterChain.java:166)
	at org.springframework.web.filter.RequestContextFilter.doFilterInternal(RequestContextFilter.java:99)
	at org.springframework.web.filter.OncePerRequestFilter.doFilter(OncePerRequestFilter.java:107)
	at org.apache.catalina.core.ApplicationFilterChain.internalDoFilter(ApplicationFilterChain.java:193)
	at org.apache.catalina.core.ApplicationFilterChain.doFilter(ApplicationFilterChain.java:166)
	at org.springframework.web.filter.HttpPutFormContentFilter.doFilterInternal(HttpPutFormContentFilter.java:108)
	at org.springframework.web.filter.OncePerRequestFilter.doFilter(OncePerRequestFilter.java:107)
	at org.apache.catalina.core.ApplicationFilterChain.internalDoFilter(ApplicationFilterChain.java:193)
	at org.apache.catalina.core.ApplicationFilterChain.doFilter(ApplicationFilterChain.java:166)
	at org.springframework.web.filter.HiddenHttpMethodFilter.doFilterInternal(HiddenHttpMethodFilter.java:81)
	at org.springframework.web.filter.OncePerRequestFilter.doFilter(OncePerRequestFilter.java:107)
	at org.apache.catalina.core.ApplicationFilterChain.internalDoFilter(ApplicationFilterChain.java:193)
	at org.apache.catalina.core.ApplicationFilterChain.doFilter(ApplicationFilterChain.java:166)
	at org.springframework.web.filter.CharacterEncodingFilter.doFilterInternal(CharacterEncodingFilter.java:197)
	at org.springframework.web.filter.OncePerRequestFilter.doFilter(OncePerRequestFilter.java:107)
	at org.apache.catalina.core.ApplicationFilterChain.internalDoFilter(ApplicationFilterChain.java:193)
	at org.apache.catalina.core.ApplicationFilterChain.doFilter(ApplicationFilterChain.java:166)
	at org.springframework.boot.actuate.autoconfigure.MetricsFilter.doFilterInternal(MetricsFilter.java:106)
	at org.springframework.web.filter.OncePerRequestFilter.doFilter(OncePerRequestFilter.java:107)
	at org.apache.catalina.core.ApplicationFilterChain.internalDoFilter(ApplicationFilterChain.java:193)
	at org.apache.catalina.core.ApplicationFilterChain.doFilter(ApplicationFilterChain.java:166)
	at org.apache.catalina.core.StandardWrapperValve.invoke(StandardWrapperValve.java:199)
	at org.apache.catalina.core.StandardContextValve.invoke(StandardContextValve.java:96)
	at org.apache.catalina.authenticator.AuthenticatorBase.invoke(AuthenticatorBase.java:478)
	at org.apache.catalina.core.StandardHostValve.invoke(StandardHostValve.java:140)
	at org.apache.catalina.valves.ErrorReportValve.invoke(ErrorReportValve.java:81)
	at org.apache.catalina.core.StandardEngineValve.invoke(StandardEngineValve.java:87)
	at org.apache.catalina.connector.CoyoteAdapter.service(CoyoteAdapter.java:342)
	at org.apache.coyote.http11.Http11Processor.service(Http11Processor.java:803)
	at org.apache.coyote.AbstractProcessorLight.process(AbstractProcessorLight.java:66)
	at org.apache.coyote.AbstractProtocol$ConnectionHandler.process(AbstractProtocol.java:868)
	at org.apache.tomcat.util.net.NioEndpoint$SocketProcessor.doRun(NioEndpoint.java:1459)
	at org.apache.tomcat.util.net.SocketProcessorBase.run(SocketProcessorBase.java:49)
	at java.base/java.util.concurrent.ThreadPoolExecutor.runWorker(ThreadPoolExecutor.java:1144)
	at java.base/java.util.concurrent.ThreadPoolExecutor$Worker.run(ThreadPoolExecutor.java:642)
	at org.apache.tomcat.util.threads.TaskThread$WrappingRunnable.run(TaskThread.java:61)
	at java.base/java.lang.Thread.run(Thread.java:1583)
2024-04-22 00:18:23,439[Thread-2] INFO  org.springframework.boot.context.embedded.AnnotationConfigEmbeddedWebApplicationContext - Closing org.springframework.boot.context.embedded.AnnotationConfigEmbeddedWebApplicationContext@481ba2cf: startup date [Mon Apr 22 00:10:25 WAT 2024]; root of context hierarchy
2024-04-22 00:18:23,465[Thread-2] INFO  org.springframework.context.support.DefaultLifecycleProcessor - Stopping beans in phase 2147483647
2024-04-22 00:18:23,469[Thread-2] INFO  org.springframework.context.support.DefaultLifecycleProcessor - Stopping beans in phase 0
2024-04-22 00:18:23,475[Thread-2] INFO  org.springframework.jmx.export.annotation.AnnotationMBeanExporter - Unregistering JMX-exposed beans on shutdown
2024-04-22 00:18:27,763[main] INFO  javatechy.codegen.CodeGenApplication - Starting CodeGenApplication on LAPTOP-4AULRSCF with PID 12616 (C:\Users\fayce\Desktop\pfe\codegen\target\classes started by fayce in C:\Users\fayce\Desktop\pfe\codegen)
2024-04-22 00:18:27,764[main] INFO  javatechy.codegen.CodeGenApplication - No active profile set, falling back to default profiles: default
2024-04-22 00:18:27,792[main] INFO  org.springframework.boot.context.embedded.AnnotationConfigEmbeddedWebApplicationContext - Refreshing org.springframework.boot.context.embedded.AnnotationConfigEmbeddedWebApplicationContext@481ba2cf: startup date [Mon Apr 22 00:18:27 WAT 2024]; root of context hierarchy
2024-04-22 00:18:28,848[main] INFO  org.springframework.boot.context.embedded.tomcat.TomcatEmbeddedServletContainer - Tomcat initialized with port(s): 7070 (http)
2024-04-22 00:18:28,856[main] INFO  org.apache.catalina.core.StandardService - Starting service [Tomcat]
2024-04-22 00:18:28,857[main] INFO  org.apache.catalina.core.StandardEngine - Starting Servlet Engine: Apache Tomcat/8.5.23
2024-04-22 00:18:28,936[localhost-startStop-1] INFO  org.apache.catalina.core.ContainerBase.[Tomcat].[localhost].[/] - Initializing Spring embedded WebApplicationContext
2024-04-22 00:18:28,936[localhost-startStop-1] INFO  org.springframework.web.context.ContextLoader - Root WebApplicationContext: initialization completed in 1144 ms
2024-04-22 00:18:29,127[localhost-startStop-1] INFO  org.springframework.boot.web.servlet.ServletRegistrationBean - Mapping servlet: 'dispatcherServlet' to [/]
2024-04-22 00:18:29,131[localhost-startStop-1] INFO  org.springframework.boot.web.servlet.FilterRegistrationBean - Mapping filter: 'metricsFilter' to: [/*]
2024-04-22 00:18:29,131[localhost-startStop-1] INFO  org.springframework.boot.web.servlet.FilterRegistrationBean - Mapping filter: 'characterEncodingFilter' to: [/*]
2024-04-22 00:18:29,131[localhost-startStop-1] INFO  org.springframework.boot.web.servlet.FilterRegistrationBean - Mapping filter: 'hiddenHttpMethodFilter' to: [/*]
2024-04-22 00:18:29,132[localhost-startStop-1] INFO  org.springframework.boot.web.servlet.FilterRegistrationBean - Mapping filter: 'httpPutFormContentFilter' to: [/*]
2024-04-22 00:18:29,132[localhost-startStop-1] INFO  org.springframework.boot.web.servlet.FilterRegistrationBean - Mapping filter: 'requestContextFilter' to: [/*]
2024-04-22 00:18:29,132[localhost-startStop-1] INFO  org.springframework.boot.web.servlet.FilterRegistrationBean - Mapping filter: 'webRequestLoggingFilter' to: [/*]
2024-04-22 00:18:29,132[localhost-startStop-1] INFO  org.springframework.boot.web.servlet.FilterRegistrationBean - Mapping filter: 'applicationContextIdFilter' to: [/*]
2024-04-22 00:18:29,393[main] INFO  org.springframework.web.servlet.mvc.method.annotation.RequestMappingHandlerMapping - Mapped "{[/project/create],methods=[POST],produces=[application/json]}" onto public javatechy.codegen.dto.Response javatechy.codegen.controller.CodeGenController.createProject(javatechy.codegen.dto.Request) throws java.io.IOException
2024-04-22 00:18:29,397[main] INFO  org.springframework.web.servlet.mvc.method.annotation.RequestMappingHandlerMapping - Mapped "{[/ping],methods=[GET]}" onto public java.lang.String javatechy.codegen.controller.ConfigController.health()
2024-04-22 00:18:29,398[main] INFO  org.springframework.web.servlet.mvc.method.annotation.RequestMappingHandlerMapping - Mapped "{[/config],methods=[GET]}" onto public java.lang.String javatechy.codegen.controller.ConfigController.fetch(java.util.Map<java.lang.String, java.lang.String>)
2024-04-22 00:18:29,398[main] INFO  org.springframework.web.servlet.mvc.method.annotation.RequestMappingHandlerMapping - Mapped "{[/v2/api-docs],methods=[GET],produces=[application/json || application/hal+json]}" onto public org.springframework.http.ResponseEntity<springfox.documentation.spring.web.json.Json> springfox.documentation.swagger2.web.Swagger2Controller.getDocumentation(java.lang.String,javax.servlet.http.HttpServletRequest)
2024-04-22 00:18:29,400[main] INFO  org.springframework.web.servlet.mvc.method.annotation.RequestMappingHandlerMapping - Mapped "{[/swagger-resources]}" onto org.springframework.http.ResponseEntity<java.util.List<springfox.documentation.swagger.web.SwaggerResource>> springfox.documentation.swagger.web.ApiResourceController.swaggerResources()
2024-04-22 00:18:29,401[main] INFO  org.springframework.web.servlet.mvc.method.annotation.RequestMappingHandlerMapping - Mapped "{[/swagger-resources/configuration/ui]}" onto org.springframework.http.ResponseEntity<springfox.documentation.swagger.web.UiConfiguration> springfox.documentation.swagger.web.ApiResourceController.uiConfiguration()
2024-04-22 00:18:29,401[main] INFO  org.springframework.web.servlet.mvc.method.annotation.RequestMappingHandlerMapping - Mapped "{[/swagger-resources/configuration/security]}" onto org.springframework.http.ResponseEntity<springfox.documentation.swagger.web.SecurityConfiguration> springfox.documentation.swagger.web.ApiResourceController.securityConfiguration()
2024-04-22 00:18:29,403[main] INFO  org.springframework.web.servlet.mvc.method.annotation.RequestMappingHandlerMapping - Mapped "{[/error]}" onto public org.springframework.http.ResponseEntity<java.util.Map<java.lang.String, java.lang.Object>> org.springframework.boot.autoconfigure.web.BasicErrorController.error(javax.servlet.http.HttpServletRequest)
2024-04-22 00:18:29,403[main] INFO  org.springframework.web.servlet.mvc.method.annotation.RequestMappingHandlerMapping - Mapped "{[/error],produces=[text/html]}" onto public org.springframework.web.servlet.ModelAndView org.springframework.boot.autoconfigure.web.BasicErrorController.errorHtml(javax.servlet.http.HttpServletRequest,javax.servlet.http.HttpServletResponse)
2024-04-22 00:18:29,493[main] INFO  org.springframework.boot.actuate.endpoint.mvc.EndpointHandlerMapping - Mapped "{[/metrics/{name:.*}],methods=[GET],produces=[application/vnd.spring-boot.actuator.v1+json || application/json]}" onto public java.lang.Object org.springframework.boot.actuate.endpoint.mvc.MetricsMvcEndpoint.value(java.lang.String)
2024-04-22 00:18:29,493[main] INFO  org.springframework.boot.actuate.endpoint.mvc.EndpointHandlerMapping - Mapped "{[/metrics || /metrics.json],methods=[GET],produces=[application/vnd.spring-boot.actuator.v1+json || application/json]}" onto public java.lang.Object org.springframework.boot.actuate.endpoint.mvc.EndpointMvcAdapter.invoke()
2024-04-22 00:18:29,493[main] INFO  org.springframework.boot.actuate.endpoint.mvc.EndpointHandlerMapping - Mapped "{[/trace || /trace.json],methods=[GET],produces=[application/vnd.spring-boot.actuator.v1+json || application/json]}" onto public java.lang.Object org.springframework.boot.actuate.endpoint.mvc.EndpointMvcAdapter.invoke()
2024-04-22 00:18:29,494[main] INFO  org.springframework.boot.actuate.endpoint.mvc.EndpointHandlerMapping - Mapped "{[/env/{name:.*}],methods=[GET],produces=[application/vnd.spring-boot.actuator.v1+json || application/json]}" onto public java.lang.Object org.springframework.boot.actuate.endpoint.mvc.EnvironmentMvcEndpoint.value(java.lang.String)
2024-04-22 00:18:29,495[main] INFO  org.springframework.boot.actuate.endpoint.mvc.EndpointHandlerMapping - Mapped "{[/env || /env.json],methods=[GET],produces=[application/vnd.spring-boot.actuator.v1+json || application/json]}" onto public java.lang.Object org.springframework.boot.actuate.endpoint.mvc.EndpointMvcAdapter.invoke()
2024-04-22 00:18:29,495[main] INFO  org.springframework.boot.actuate.endpoint.mvc.EndpointHandlerMapping - Mapped "{[/health || /health.json],methods=[GET],produces=[application/vnd.spring-boot.actuator.v1+json || application/json]}" onto public java.lang.Object org.springframework.boot.actuate.endpoint.mvc.HealthMvcEndpoint.invoke(javax.servlet.http.HttpServletRequest,java.security.Principal)
2024-04-22 00:18:29,495[main] INFO  org.springframework.boot.actuate.endpoint.mvc.EndpointHandlerMapping - Mapped "{[/heapdump || /heapdump.json],methods=[GET],produces=[application/octet-stream]}" onto public void org.springframework.boot.actuate.endpoint.mvc.HeapdumpMvcEndpoint.invoke(boolean,javax.servlet.http.HttpServletRequest,javax.servlet.http.HttpServletResponse) throws java.io.IOException,javax.servlet.ServletException
2024-04-22 00:18:29,495[main] INFO  org.springframework.boot.actuate.endpoint.mvc.EndpointHandlerMapping - Mapped "{[/mappings || /mappings.json],methods=[GET],produces=[application/vnd.spring-boot.actuator.v1+json || application/json]}" onto public java.lang.Object org.springframework.boot.actuate.endpoint.mvc.EndpointMvcAdapter.invoke()
2024-04-22 00:18:29,496[main] INFO  org.springframework.boot.actuate.endpoint.mvc.EndpointHandlerMapping - Mapped "{[/configprops || /configprops.json],methods=[GET],produces=[application/vnd.spring-boot.actuator.v1+json || application/json]}" onto public java.lang.Object org.springframework.boot.actuate.endpoint.mvc.EndpointMvcAdapter.invoke()
2024-04-22 00:18:29,496[main] INFO  org.springframework.boot.actuate.endpoint.mvc.EndpointHandlerMapping - Mapped "{[/auditevents || /auditevents.json],methods=[GET],produces=[application/vnd.spring-boot.actuator.v1+json || application/json]}" onto public org.springframework.http.ResponseEntity<?> org.springframework.boot.actuate.endpoint.mvc.AuditEventsMvcEndpoint.findByPrincipalAndAfterAndType(java.lang.String,java.util.Date,java.lang.String)
2024-04-22 00:18:29,496[main] INFO  org.springframework.boot.actuate.endpoint.mvc.EndpointHandlerMapping - Mapped "{[/dump || /dump.json],methods=[GET],produces=[application/vnd.spring-boot.actuator.v1+json || application/json]}" onto public java.lang.Object org.springframework.boot.actuate.endpoint.mvc.EndpointMvcAdapter.invoke()
2024-04-22 00:18:29,497[main] INFO  org.springframework.boot.actuate.endpoint.mvc.EndpointHandlerMapping - Mapped "{[/info || /info.json],methods=[GET],produces=[application/vnd.spring-boot.actuator.v1+json || application/json]}" onto public java.lang.Object org.springframework.boot.actuate.endpoint.mvc.EndpointMvcAdapter.invoke()
2024-04-22 00:18:29,497[main] INFO  org.springframework.boot.actuate.endpoint.mvc.EndpointHandlerMapping - Mapped "{[/beans || /beans.json],methods=[GET],produces=[application/vnd.spring-boot.actuator.v1+json || application/json]}" onto public java.lang.Object org.springframework.boot.actuate.endpoint.mvc.EndpointMvcAdapter.invoke()
2024-04-22 00:18:29,497[main] INFO  org.springframework.boot.actuate.endpoint.mvc.EndpointHandlerMapping - Mapped "{[/autoconfig || /autoconfig.json],methods=[GET],produces=[application/vnd.spring-boot.actuator.v1+json || application/json]}" onto public java.lang.Object org.springframework.boot.actuate.endpoint.mvc.EndpointMvcAdapter.invoke()
2024-04-22 00:18:29,498[main] INFO  org.springframework.boot.actuate.endpoint.mvc.EndpointHandlerMapping - Mapped "{[/loggers/{name:.*}],methods=[GET],produces=[application/vnd.spring-boot.actuator.v1+json || application/json]}" onto public java.lang.Object org.springframework.boot.actuate.endpoint.mvc.LoggersMvcEndpoint.get(java.lang.String)
2024-04-22 00:18:29,499[main] INFO  org.springframework.boot.actuate.endpoint.mvc.EndpointHandlerMapping - Mapped "{[/loggers/{name:.*}],methods=[POST],consumes=[application/vnd.spring-boot.actuator.v1+json || application/json],produces=[application/vnd.spring-boot.actuator.v1+json || application/json]}" onto public java.lang.Object org.springframework.boot.actuate.endpoint.mvc.LoggersMvcEndpoint.set(java.lang.String,java.util.Map<java.lang.String, java.lang.String>)
2024-04-22 00:18:29,499[main] INFO  org.springframework.boot.actuate.endpoint.mvc.EndpointHandlerMapping - Mapped "{[/loggers || /loggers.json],methods=[GET],produces=[application/vnd.spring-boot.actuator.v1+json || application/json]}" onto public java.lang.Object org.springframework.boot.actuate.endpoint.mvc.EndpointMvcAdapter.invoke()
2024-04-22 00:18:29,646[main] INFO  org.springframework.web.servlet.mvc.method.annotation.RequestMappingHandlerAdapter - Looking for @ControllerAdvice: org.springframework.boot.context.embedded.AnnotationConfigEmbeddedWebApplicationContext@481ba2cf: startup date [Mon Apr 22 00:18:27 WAT 2024]; root of context hierarchy
2024-04-22 00:18:29,693[main] INFO  org.springframework.web.servlet.handler.SimpleUrlHandlerMapping - Mapped URL path [/webjars/**] onto handler of type [class org.springframework.web.servlet.resource.ResourceHttpRequestHandler]
2024-04-22 00:18:29,694[main] INFO  org.springframework.web.servlet.handler.SimpleUrlHandlerMapping - Mapped URL path [/**] onto handler of type [class org.springframework.web.servlet.resource.ResourceHttpRequestHandler]
2024-04-22 00:18:29,707[main] INFO  org.springframework.web.servlet.mvc.method.annotation.ExceptionHandlerExceptionResolver - Detected @ExceptionHandler methods in exceptionInterceptor
2024-04-22 00:18:29,724[main] INFO  org.springframework.web.servlet.handler.SimpleUrlHandlerMapping - Mapped URL path [/**/favicon.ico] onto handler of type [class org.springframework.web.servlet.resource.ResourceHttpRequestHandler]
2024-04-22 00:18:29,863[main] INFO  org.springframework.jmx.export.annotation.AnnotationMBeanExporter - Registering beans for JMX exposure on startup
2024-04-22 00:18:29,874[main] INFO  org.springframework.context.support.DefaultLifecycleProcessor - Starting beans in phase 0
2024-04-22 00:18:29,909[main] INFO  org.springframework.context.support.DefaultLifecycleProcessor - Starting beans in phase 2147483647
2024-04-22 00:18:29,909[main] INFO  springfox.documentation.spring.web.plugins.DocumentationPluginsBootstrapper - Context refreshed
2024-04-22 00:18:29,921[main] INFO  springfox.documentation.spring.web.plugins.DocumentationPluginsBootstrapper - Found 1 custom documentation plugin(s)
2024-04-22 00:18:29,926[main] INFO  springfox.documentation.spring.web.scanners.ApiListingReferenceScanner - Scanning for api listing references
2024-04-22 00:18:30,072[main] INFO  org.springframework.boot.context.embedded.tomcat.TomcatEmbeddedServletContainer - Tomcat started on port(s): 7070 (http)
2024-04-22 00:18:30,076[main] INFO  javatechy.codegen.CodeGenApplication - Started CodeGenApplication in 2.602 seconds (JVM running for 3.223)
2024-04-22 00:18:35,872[http-nio-7070-exec-1] INFO  org.apache.catalina.core.ContainerBase.[Tomcat].[localhost].[/] - Initializing Spring FrameworkServlet 'dispatcherServlet'
2024-04-22 00:18:35,873[http-nio-7070-exec-1] INFO  org.springframework.web.servlet.DispatcherServlet - FrameworkServlet 'dispatcherServlet': initialization started
2024-04-22 00:18:35,888[http-nio-7070-exec-1] INFO  org.springframework.web.servlet.DispatcherServlet - FrameworkServlet 'dispatcherServlet': initialization completed in 15 ms
2024-04-22 00:18:35,926[http-nio-7070-exec-1] INFO  javatechy.codegen.controller.CodeGenController - Recieved Request => javatechy.codegen.dto.Request@496ba633
2024-04-22 00:18:35,927[http-nio-7070-exec-1] INFO  javatechy.codegen.controller.CodeGenController - == Creating empty project ==
2024-04-22 00:18:35,928[http-nio-7070-exec-1] INFO  javatechy.codegen.service.impl.ProjectCreatorImpl - Application Class Name => Com.exampleApplication
2024-04-22 00:18:35,928[http-nio-7070-exec-1] INFO  javatechy.codegen.service.impl.ProjectCreatorImpl - javaCodeLoc => null
2024-04-22 00:18:35,928[http-nio-7070-exec-1] INFO  javatechy.codegen.service.impl.ProjectCreatorImpl - javaCodeLoc => /Users/fayce/Desktop/project/src/main/java/usermanagement/com/example
2024-04-22 00:18:35,928[http-nio-7070-exec-1] INFO  javatechy.codegen.service.impl.FileUtilServiceImpl - [createDirectories]File Location=> /Users/fayce/Desktop/project/src/main/java
2024-04-22 00:18:35,928[http-nio-7070-exec-1] INFO  javatechy.codegen.service.impl.FileUtilServiceImpl - [createDirectories]File Location=> \Users\fayce\Desktop\project\src\main\java
2024-04-22 00:18:36,058[http-nio-7070-exec-1] INFO  javatechy.codegen.service.impl.FileUtilServiceImpl - [createDirectories]File Location=> /Users/fayce/Desktop/project/src/main/resources
2024-04-22 00:18:36,060[http-nio-7070-exec-1] INFO  javatechy.codegen.service.impl.FileUtilServiceImpl - [createDirectories]File Location=> \Users\fayce\Desktop\project\src\main\resources
2024-04-22 00:18:36,060[http-nio-7070-exec-1] INFO  javatechy.codegen.service.impl.FileUtilServiceImpl - [createDirectories]File Location=> /Users/fayce/Desktop/project/src/main/java/usermanagement/com/example
2024-04-22 00:18:36,060[http-nio-7070-exec-1] INFO  javatechy.codegen.service.impl.FileUtilServiceImpl - [createDirectories]File Location=> \Users\fayce\Desktop\project\src\main\java\usermanagement\com\example
2024-04-22 00:18:36,061[http-nio-7070-exec-1] INFO  javatechy.codegen.service.impl.FileUtilServiceImpl - [createDirectories]File Location=> /Users/fayce/Desktop/project/src/main/java/usermanagement/com/example/service/impl
2024-04-22 00:18:36,061[http-nio-7070-exec-1] INFO  javatechy.codegen.service.impl.FileUtilServiceImpl - [createDirectories]File Location=> \Users\fayce\Desktop\project\src\main\java\usermanagement\com\example\service\impl
2024-04-22 00:18:36,062[http-nio-7070-exec-1] INFO  javatechy.codegen.service.impl.FileUtilServiceImpl - [createDirectories]File Location=> /Users/fayce/Desktop/project/src/main/java/usermanagement/com/example/controller
2024-04-22 00:18:36,062[http-nio-7070-exec-1] INFO  javatechy.codegen.service.impl.FileUtilServiceImpl - [createDirectories]File Location=> \Users\fayce\Desktop\project\src\main\java\usermanagement\com\example\controller
2024-04-22 00:18:36,062[http-nio-7070-exec-1] INFO  javatechy.codegen.service.impl.FileUtilServiceImpl - [createDirectories]File Location=> /Users/fayce/Desktop/project/src/main/java/usermanagement/com/example/exception
2024-04-22 00:18:36,062[http-nio-7070-exec-1] INFO  javatechy.codegen.service.impl.FileUtilServiceImpl - [createDirectories]File Location=> \Users\fayce\Desktop\project\src\main\java\usermanagement\com\example\exception
2024-04-22 00:18:36,064[http-nio-7070-exec-1] INFO  javatechy.codegen.service.impl.FileUtilServiceImpl - [createDirectories]File Location=> /Users/fayce/Desktop/project/src/main/java/usermanagement/com/example/dao
2024-04-22 00:18:36,064[http-nio-7070-exec-1] INFO  javatechy.codegen.service.impl.FileUtilServiceImpl - [createDirectories]File Location=> \Users\fayce\Desktop\project\src\main\java\usermanagement\com\example\dao
2024-04-22 00:18:36,064[http-nio-7070-exec-1] INFO  javatechy.codegen.service.impl.FileUtilServiceImpl - [createDirectories]File Location=> /Users/fayce/Desktop/project/src/main/java/usermanagement/com/example/entity
2024-04-22 00:18:36,064[http-nio-7070-exec-1] INFO  javatechy.codegen.service.impl.FileUtilServiceImpl - [createDirectories]File Location=> \Users\fayce\Desktop\project\src\main\java\usermanagement\com\example\entity
2024-04-22 00:18:36,065[http-nio-7070-exec-1] INFO  javatechy.codegen.service.impl.FileUtilServiceImpl - Reading file => /C:/Users/fayce/Desktop/pfe/codegen/target/classes/template/pom.xml
2024-04-22 00:18:36,069[http-nio-7070-exec-1] ERROR javatechy.codegen.exception.ExceptionInterceptor - Unknown Exception found
java.nio.file.InvalidPathException: Illegal char <:> at index 2: /C:/Users/fayce/Desktop/pfe/codegen/target/classes/template/pom.xml
	at java.base/sun.nio.fs.WindowsPathParser.normalize(WindowsPathParser.java:204)
	at java.base/sun.nio.fs.WindowsPathParser.parse(WindowsPathParser.java:175)
	at java.base/sun.nio.fs.WindowsPathParser.parse(WindowsPathParser.java:77)
	at java.base/sun.nio.fs.WindowsPath.parse(WindowsPath.java:92)
	at java.base/sun.nio.fs.WindowsFileSystem.getPath(WindowsFileSystem.java:231)
	at java.base/java.nio.file.Path.of(Path.java:148)
	at java.base/java.nio.file.Paths.get(Paths.java:69)
	at javatechy.codegen.service.impl.FileUtilServiceImpl.readFileData(FileUtilServiceImpl.java:41)
	at javatechy.codegen.service.impl.FileUtilServiceImpl.getDataFromClassLoader(FileUtilServiceImpl.java:52)
	at javatechy.codegen.service.impl.PomMakerServiceImpl.createPomXml(PomMakerServiceImpl.java:23)
	at javatechy.codegen.service.impl.ProjectServiceImpl.createProject(ProjectServiceImpl.java:52)
	at javatechy.codegen.controller.CodeGenController.createProject(CodeGenController.java:35)
	at java.base/jdk.internal.reflect.DirectMethodHandleAccessor.invoke(DirectMethodHandleAccessor.java:103)
	at java.base/java.lang.reflect.Method.invoke(Method.java:580)
	at org.springframework.web.method.support.InvocableHandlerMethod.doInvoke(InvocableHandlerMethod.java:205)
	at org.springframework.web.method.support.InvocableHandlerMethod.invokeForRequest(InvocableHandlerMethod.java:133)
	at org.springframework.web.servlet.mvc.method.annotation.ServletInvocableHandlerMethod.invokeAndHandle(ServletInvocableHandlerMethod.java:97)
	at org.springframework.web.servlet.mvc.method.annotation.RequestMappingHandlerAdapter.invokeHandlerMethod(RequestMappingHandlerAdapter.java:827)
	at org.springframework.web.servlet.mvc.method.annotation.RequestMappingHandlerAdapter.handleInternal(RequestMappingHandlerAdapter.java:738)
	at org.springframework.web.servlet.mvc.method.AbstractHandlerMethodAdapter.handle(AbstractHandlerMethodAdapter.java:85)
	at org.springframework.web.servlet.DispatcherServlet.doDispatch(DispatcherServlet.java:967)
	at org.springframework.web.servlet.DispatcherServlet.doService(DispatcherServlet.java:901)
	at org.springframework.web.servlet.FrameworkServlet.processRequest(FrameworkServlet.java:970)
	at org.springframework.web.servlet.FrameworkServlet.doPost(FrameworkServlet.java:872)
	at javax.servlet.http.HttpServlet.service(HttpServlet.java:661)
	at org.springframework.web.servlet.FrameworkServlet.service(FrameworkServlet.java:846)
	at javax.servlet.http.HttpServlet.service(HttpServlet.java:742)
	at org.apache.catalina.core.ApplicationFilterChain.internalDoFilter(ApplicationFilterChain.java:231)
	at org.apache.catalina.core.ApplicationFilterChain.doFilter(ApplicationFilterChain.java:166)
	at org.apache.tomcat.websocket.server.WsFilter.doFilter(WsFilter.java:52)
	at org.apache.catalina.core.ApplicationFilterChain.internalDoFilter(ApplicationFilterChain.java:193)
	at org.apache.catalina.core.ApplicationFilterChain.doFilter(ApplicationFilterChain.java:166)
	at org.springframework.boot.web.filter.ApplicationContextHeaderFilter.doFilterInternal(ApplicationContextHeaderFilter.java:55)
	at org.springframework.web.filter.OncePerRequestFilter.doFilter(OncePerRequestFilter.java:107)
	at org.apache.catalina.core.ApplicationFilterChain.internalDoFilter(ApplicationFilterChain.java:193)
	at org.apache.catalina.core.ApplicationFilterChain.doFilter(ApplicationFilterChain.java:166)
	at org.springframework.boot.actuate.trace.WebRequestTraceFilter.doFilterInternal(WebRequestTraceFilter.java:110)
	at org.springframework.web.filter.OncePerRequestFilter.doFilter(OncePerRequestFilter.java:107)
	at org.apache.catalina.core.ApplicationFilterChain.internalDoFilter(ApplicationFilterChain.java:193)
	at org.apache.catalina.core.ApplicationFilterChain.doFilter(ApplicationFilterChain.java:166)
	at org.springframework.web.filter.RequestContextFilter.doFilterInternal(RequestContextFilter.java:99)
	at org.springframework.web.filter.OncePerRequestFilter.doFilter(OncePerRequestFilter.java:107)
	at org.apache.catalina.core.ApplicationFilterChain.internalDoFilter(ApplicationFilterChain.java:193)
	at org.apache.catalina.core.ApplicationFilterChain.doFilter(ApplicationFilterChain.java:166)
	at org.springframework.web.filter.HttpPutFormContentFilter.doFilterInternal(HttpPutFormContentFilter.java:108)
	at org.springframework.web.filter.OncePerRequestFilter.doFilter(OncePerRequestFilter.java:107)
	at org.apache.catalina.core.ApplicationFilterChain.internalDoFilter(ApplicationFilterChain.java:193)
	at org.apache.catalina.core.ApplicationFilterChain.doFilter(ApplicationFilterChain.java:166)
	at org.springframework.web.filter.HiddenHttpMethodFilter.doFilterInternal(HiddenHttpMethodFilter.java:81)
	at org.springframework.web.filter.OncePerRequestFilter.doFilter(OncePerRequestFilter.java:107)
	at org.apache.catalina.core.ApplicationFilterChain.internalDoFilter(ApplicationFilterChain.java:193)
	at org.apache.catalina.core.ApplicationFilterChain.doFilter(ApplicationFilterChain.java:166)
	at org.springframework.web.filter.CharacterEncodingFilter.doFilterInternal(CharacterEncodingFilter.java:197)
	at org.springframework.web.filter.OncePerRequestFilter.doFilter(OncePerRequestFilter.java:107)
	at org.apache.catalina.core.ApplicationFilterChain.internalDoFilter(ApplicationFilterChain.java:193)
	at org.apache.catalina.core.ApplicationFilterChain.doFilter(ApplicationFilterChain.java:166)
	at org.springframework.boot.actuate.autoconfigure.MetricsFilter.doFilterInternal(MetricsFilter.java:106)
	at org.springframework.web.filter.OncePerRequestFilter.doFilter(OncePerRequestFilter.java:107)
	at org.apache.catalina.core.ApplicationFilterChain.internalDoFilter(ApplicationFilterChain.java:193)
	at org.apache.catalina.core.ApplicationFilterChain.doFilter(ApplicationFilterChain.java:166)
	at org.apache.catalina.core.StandardWrapperValve.invoke(StandardWrapperValve.java:199)
	at org.apache.catalina.core.StandardContextValve.invoke(StandardContextValve.java:96)
	at org.apache.catalina.authenticator.AuthenticatorBase.invoke(AuthenticatorBase.java:478)
	at org.apache.catalina.core.StandardHostValve.invoke(StandardHostValve.java:140)
	at org.apache.catalina.valves.ErrorReportValve.invoke(ErrorReportValve.java:81)
	at org.apache.catalina.core.StandardEngineValve.invoke(StandardEngineValve.java:87)
	at org.apache.catalina.connector.CoyoteAdapter.service(CoyoteAdapter.java:342)
	at org.apache.coyote.http11.Http11Processor.service(Http11Processor.java:803)
	at org.apache.coyote.AbstractProcessorLight.process(AbstractProcessorLight.java:66)
	at org.apache.coyote.AbstractProtocol$ConnectionHandler.process(AbstractProtocol.java:868)
	at org.apache.tomcat.util.net.NioEndpoint$SocketProcessor.doRun(NioEndpoint.java:1459)
	at org.apache.tomcat.util.net.SocketProcessorBase.run(SocketProcessorBase.java:49)
	at java.base/java.util.concurrent.ThreadPoolExecutor.runWorker(ThreadPoolExecutor.java:1144)
	at java.base/java.util.concurrent.ThreadPoolExecutor$Worker.run(ThreadPoolExecutor.java:642)
	at org.apache.tomcat.util.threads.TaskThread$WrappingRunnable.run(TaskThread.java:61)
	at java.base/java.lang.Thread.run(Thread.java:1583)
2024-04-22 01:55:11,322[Thread-2] INFO  org.springframework.boot.context.embedded.AnnotationConfigEmbeddedWebApplicationContext - Closing org.springframework.boot.context.embedded.AnnotationConfigEmbeddedWebApplicationContext@481ba2cf: startup date [Mon Apr 22 00:18:27 WAT 2024]; root of context hierarchy
2024-04-22 01:55:11,467[Thread-2] INFO  org.springframework.context.support.DefaultLifecycleProcessor - Stopping beans in phase 2147483647
2024-04-22 01:55:11,494[Thread-2] INFO  org.springframework.context.support.DefaultLifecycleProcessor - Stopping beans in phase 0
2024-04-22 01:55:11,524[Thread-2] INFO  org.springframework.jmx.export.annotation.AnnotationMBeanExporter - Unregistering JMX-exposed beans on shutdown
2024-04-22 15:58:19,534[main] INFO  javatechy.codegen.CodeGenApplication - Starting CodeGenApplication on LAPTOP-4AULRSCF with PID 20724 (C:\Users\fayce\Desktop\pfe\codegen\target\classes started by fayce in C:\Users\fayce\Desktop\pfe\codegen)
2024-04-22 15:58:19,538[main] INFO  javatechy.codegen.CodeGenApplication - No active profile set, falling back to default profiles: default
2024-04-22 15:58:19,606[main] INFO  org.springframework.boot.context.embedded.AnnotationConfigEmbeddedWebApplicationContext - Refreshing org.springframework.boot.context.embedded.AnnotationConfigEmbeddedWebApplicationContext@7922d892: startup date [Mon Apr 22 15:58:19 WAT 2024]; root of context hierarchy
2024-04-22 15:58:22,141[main] INFO  org.springframework.boot.context.embedded.tomcat.TomcatEmbeddedServletContainer - Tomcat initialized with port(s): 7070 (http)
2024-04-22 15:58:22,159[main] INFO  org.apache.catalina.core.StandardService - Starting service [Tomcat]
2024-04-22 15:58:22,161[main] INFO  org.apache.catalina.core.StandardEngine - Starting Servlet Engine: Apache Tomcat/8.5.23
2024-04-22 15:58:22,347[localhost-startStop-1] INFO  org.apache.catalina.core.ContainerBase.[Tomcat].[localhost].[/] - Initializing Spring embedded WebApplicationContext
2024-04-22 15:58:22,348[localhost-startStop-1] INFO  org.springframework.web.context.ContextLoader - Root WebApplicationContext: initialization completed in 2741 ms
2024-04-22 15:58:22,797[localhost-startStop-1] INFO  org.springframework.boot.web.servlet.ServletRegistrationBean - Mapping servlet: 'dispatcherServlet' to [/]
2024-04-22 15:58:22,829[localhost-startStop-1] INFO  org.springframework.boot.web.servlet.FilterRegistrationBean - Mapping filter: 'metricsFilter' to: [/*]
2024-04-22 15:58:22,830[localhost-startStop-1] INFO  org.springframework.boot.web.servlet.FilterRegistrationBean - Mapping filter: 'characterEncodingFilter' to: [/*]
2024-04-22 15:58:22,830[localhost-startStop-1] INFO  org.springframework.boot.web.servlet.FilterRegistrationBean - Mapping filter: 'hiddenHttpMethodFilter' to: [/*]
2024-04-22 15:58:22,831[localhost-startStop-1] INFO  org.springframework.boot.web.servlet.FilterRegistrationBean - Mapping filter: 'httpPutFormContentFilter' to: [/*]
2024-04-22 15:58:22,831[localhost-startStop-1] INFO  org.springframework.boot.web.servlet.FilterRegistrationBean - Mapping filter: 'requestContextFilter' to: [/*]
2024-04-22 15:58:22,833[localhost-startStop-1] INFO  org.springframework.boot.web.servlet.FilterRegistrationBean - Mapping filter: 'webRequestLoggingFilter' to: [/*]
2024-04-22 15:58:22,833[localhost-startStop-1] INFO  org.springframework.boot.web.servlet.FilterRegistrationBean - Mapping filter: 'applicationContextIdFilter' to: [/*]
2024-04-22 15:58:23,439[main] INFO  org.springframework.web.servlet.mvc.method.annotation.RequestMappingHandlerMapping - Mapped "{[/project/create],methods=[POST],produces=[application/json]}" onto public javatechy.codegen.dto.Response javatechy.codegen.controller.CodeGenController.createProject(javatechy.codegen.dto.Request) throws java.io.IOException
2024-04-22 15:58:23,445[main] INFO  org.springframework.web.servlet.mvc.method.annotation.RequestMappingHandlerMapping - Mapped "{[/config],methods=[GET]}" onto public java.lang.String javatechy.codegen.controller.ConfigController.fetch(java.util.Map<java.lang.String, java.lang.String>)
2024-04-22 15:58:23,446[main] INFO  org.springframework.web.servlet.mvc.method.annotation.RequestMappingHandlerMapping - Mapped "{[/ping],methods=[GET]}" onto public java.lang.String javatechy.codegen.controller.ConfigController.health()
2024-04-22 15:58:23,447[main] INFO  org.springframework.web.servlet.mvc.method.annotation.RequestMappingHandlerMapping - Mapped "{[/v2/api-docs],methods=[GET],produces=[application/json || application/hal+json]}" onto public org.springframework.http.ResponseEntity<springfox.documentation.spring.web.json.Json> springfox.documentation.swagger2.web.Swagger2Controller.getDocumentation(java.lang.String,javax.servlet.http.HttpServletRequest)
2024-04-22 15:58:23,452[main] INFO  org.springframework.web.servlet.mvc.method.annotation.RequestMappingHandlerMapping - Mapped "{[/swagger-resources/configuration/security]}" onto org.springframework.http.ResponseEntity<springfox.documentation.swagger.web.SecurityConfiguration> springfox.documentation.swagger.web.ApiResourceController.securityConfiguration()
2024-04-22 15:58:23,452[main] INFO  org.springframework.web.servlet.mvc.method.annotation.RequestMappingHandlerMapping - Mapped "{[/swagger-resources]}" onto org.springframework.http.ResponseEntity<java.util.List<springfox.documentation.swagger.web.SwaggerResource>> springfox.documentation.swagger.web.ApiResourceController.swaggerResources()
2024-04-22 15:58:23,454[main] INFO  org.springframework.web.servlet.mvc.method.annotation.RequestMappingHandlerMapping - Mapped "{[/swagger-resources/configuration/ui]}" onto org.springframework.http.ResponseEntity<springfox.documentation.swagger.web.UiConfiguration> springfox.documentation.swagger.web.ApiResourceController.uiConfiguration()
2024-04-22 15:58:23,457[main] INFO  org.springframework.web.servlet.mvc.method.annotation.RequestMappingHandlerMapping - Mapped "{[/error]}" onto public org.springframework.http.ResponseEntity<java.util.Map<java.lang.String, java.lang.Object>> org.springframework.boot.autoconfigure.web.BasicErrorController.error(javax.servlet.http.HttpServletRequest)
2024-04-22 15:58:23,458[main] INFO  org.springframework.web.servlet.mvc.method.annotation.RequestMappingHandlerMapping - Mapped "{[/error],produces=[text/html]}" onto public org.springframework.web.servlet.ModelAndView org.springframework.boot.autoconfigure.web.BasicErrorController.errorHtml(javax.servlet.http.HttpServletRequest,javax.servlet.http.HttpServletResponse)
2024-04-22 15:58:23,658[main] INFO  org.springframework.boot.actuate.endpoint.mvc.EndpointHandlerMapping - Mapped "{[/env/{name:.*}],methods=[GET],produces=[application/vnd.spring-boot.actuator.v1+json || application/json]}" onto public java.lang.Object org.springframework.boot.actuate.endpoint.mvc.EnvironmentMvcEndpoint.value(java.lang.String)
2024-04-22 15:58:23,659[main] INFO  org.springframework.boot.actuate.endpoint.mvc.EndpointHandlerMapping - Mapped "{[/env || /env.json],methods=[GET],produces=[application/vnd.spring-boot.actuator.v1+json || application/json]}" onto public java.lang.Object org.springframework.boot.actuate.endpoint.mvc.EndpointMvcAdapter.invoke()
2024-04-22 15:58:23,660[main] INFO  org.springframework.boot.actuate.endpoint.mvc.EndpointHandlerMapping - Mapped "{[/trace || /trace.json],methods=[GET],produces=[application/vnd.spring-boot.actuator.v1+json || application/json]}" onto public java.lang.Object org.springframework.boot.actuate.endpoint.mvc.EndpointMvcAdapter.invoke()
2024-04-22 15:58:23,661[main] INFO  org.springframework.boot.actuate.endpoint.mvc.EndpointHandlerMapping - Mapped "{[/dump || /dump.json],methods=[GET],produces=[application/vnd.spring-boot.actuator.v1+json || application/json]}" onto public java.lang.Object org.springframework.boot.actuate.endpoint.mvc.EndpointMvcAdapter.invoke()
2024-04-22 15:58:23,663[main] INFO  org.springframework.boot.actuate.endpoint.mvc.EndpointHandlerMapping - Mapped "{[/mappings || /mappings.json],methods=[GET],produces=[application/vnd.spring-boot.actuator.v1+json || application/json]}" onto public java.lang.Object org.springframework.boot.actuate.endpoint.mvc.EndpointMvcAdapter.invoke()
2024-04-22 15:58:23,665[main] INFO  org.springframework.boot.actuate.endpoint.mvc.EndpointHandlerMapping - Mapped "{[/autoconfig || /autoconfig.json],methods=[GET],produces=[application/vnd.spring-boot.actuator.v1+json || application/json]}" onto public java.lang.Object org.springframework.boot.actuate.endpoint.mvc.EndpointMvcAdapter.invoke()
2024-04-22 15:58:23,666[main] INFO  org.springframework.boot.actuate.endpoint.mvc.EndpointHandlerMapping - Mapped "{[/configprops || /configprops.json],methods=[GET],produces=[application/vnd.spring-boot.actuator.v1+json || application/json]}" onto public java.lang.Object org.springframework.boot.actuate.endpoint.mvc.EndpointMvcAdapter.invoke()
2024-04-22 15:58:23,670[main] INFO  org.springframework.boot.actuate.endpoint.mvc.EndpointHandlerMapping - Mapped "{[/loggers/{name:.*}],methods=[GET],produces=[application/vnd.spring-boot.actuator.v1+json || application/json]}" onto public java.lang.Object org.springframework.boot.actuate.endpoint.mvc.LoggersMvcEndpoint.get(java.lang.String)
2024-04-22 15:58:23,671[main] INFO  org.springframework.boot.actuate.endpoint.mvc.EndpointHandlerMapping - Mapped "{[/loggers/{name:.*}],methods=[POST],consumes=[application/vnd.spring-boot.actuator.v1+json || application/json],produces=[application/vnd.spring-boot.actuator.v1+json || application/json]}" onto public java.lang.Object org.springframework.boot.actuate.endpoint.mvc.LoggersMvcEndpoint.set(java.lang.String,java.util.Map<java.lang.String, java.lang.String>)
2024-04-22 15:58:23,672[main] INFO  org.springframework.boot.actuate.endpoint.mvc.EndpointHandlerMapping - Mapped "{[/loggers || /loggers.json],methods=[GET],produces=[application/vnd.spring-boot.actuator.v1+json || application/json]}" onto public java.lang.Object org.springframework.boot.actuate.endpoint.mvc.EndpointMvcAdapter.invoke()
2024-04-22 15:58:23,674[main] INFO  org.springframework.boot.actuate.endpoint.mvc.EndpointHandlerMapping - Mapped "{[/auditevents || /auditevents.json],methods=[GET],produces=[application/vnd.spring-boot.actuator.v1+json || application/json]}" onto public org.springframework.http.ResponseEntity<?> org.springframework.boot.actuate.endpoint.mvc.AuditEventsMvcEndpoint.findByPrincipalAndAfterAndType(java.lang.String,java.util.Date,java.lang.String)
2024-04-22 15:58:23,676[main] INFO  org.springframework.boot.actuate.endpoint.mvc.EndpointHandlerMapping - Mapped "{[/beans || /beans.json],methods=[GET],produces=[application/vnd.spring-boot.actuator.v1+json || application/json]}" onto public java.lang.Object org.springframework.boot.actuate.endpoint.mvc.EndpointMvcAdapter.invoke()
2024-04-22 15:58:23,679[main] INFO  org.springframework.boot.actuate.endpoint.mvc.EndpointHandlerMapping - Mapped "{[/health || /health.json],methods=[GET],produces=[application/vnd.spring-boot.actuator.v1+json || application/json]}" onto public java.lang.Object org.springframework.boot.actuate.endpoint.mvc.HealthMvcEndpoint.invoke(javax.servlet.http.HttpServletRequest,java.security.Principal)
2024-04-22 15:58:23,681[main] INFO  org.springframework.boot.actuate.endpoint.mvc.EndpointHandlerMapping - Mapped "{[/metrics/{name:.*}],methods=[GET],produces=[application/vnd.spring-boot.actuator.v1+json || application/json]}" onto public java.lang.Object org.springframework.boot.actuate.endpoint.mvc.MetricsMvcEndpoint.value(java.lang.String)
2024-04-22 15:58:23,681[main] INFO  org.springframework.boot.actuate.endpoint.mvc.EndpointHandlerMapping - Mapped "{[/metrics || /metrics.json],methods=[GET],produces=[application/vnd.spring-boot.actuator.v1+json || application/json]}" onto public java.lang.Object org.springframework.boot.actuate.endpoint.mvc.EndpointMvcAdapter.invoke()
2024-04-22 15:58:23,683[main] INFO  org.springframework.boot.actuate.endpoint.mvc.EndpointHandlerMapping - Mapped "{[/info || /info.json],methods=[GET],produces=[application/vnd.spring-boot.actuator.v1+json || application/json]}" onto public java.lang.Object org.springframework.boot.actuate.endpoint.mvc.EndpointMvcAdapter.invoke()
2024-04-22 15:58:23,685[main] INFO  org.springframework.boot.actuate.endpoint.mvc.EndpointHandlerMapping - Mapped "{[/heapdump || /heapdump.json],methods=[GET],produces=[application/octet-stream]}" onto public void org.springframework.boot.actuate.endpoint.mvc.HeapdumpMvcEndpoint.invoke(boolean,javax.servlet.http.HttpServletRequest,javax.servlet.http.HttpServletResponse) throws java.io.IOException,javax.servlet.ServletException
2024-04-22 15:58:24,063[main] INFO  org.springframework.web.servlet.mvc.method.annotation.RequestMappingHandlerAdapter - Looking for @ControllerAdvice: org.springframework.boot.context.embedded.AnnotationConfigEmbeddedWebApplicationContext@7922d892: startup date [Mon Apr 22 15:58:19 WAT 2024]; root of context hierarchy
2024-04-22 15:58:24,147[main] INFO  org.springframework.web.servlet.handler.SimpleUrlHandlerMapping - Mapped URL path [/webjars/**] onto handler of type [class org.springframework.web.servlet.resource.ResourceHttpRequestHandler]
2024-04-22 15:58:24,147[main] INFO  org.springframework.web.servlet.handler.SimpleUrlHandlerMapping - Mapped URL path [/**] onto handler of type [class org.springframework.web.servlet.resource.ResourceHttpRequestHandler]
2024-04-22 15:58:24,163[main] INFO  org.springframework.web.servlet.mvc.method.annotation.ExceptionHandlerExceptionResolver - Detected @ExceptionHandler methods in exceptionInterceptor
2024-04-22 15:58:24,192[main] INFO  org.springframework.web.servlet.handler.SimpleUrlHandlerMapping - Mapped URL path [/**/favicon.ico] onto handler of type [class org.springframework.web.servlet.resource.ResourceHttpRequestHandler]
2024-04-22 15:58:24,477[main] INFO  org.springframework.jmx.export.annotation.AnnotationMBeanExporter - Registering beans for JMX exposure on startup
2024-04-22 15:58:24,491[main] INFO  org.springframework.context.support.DefaultLifecycleProcessor - Starting beans in phase 0
2024-04-22 15:58:24,559[main] INFO  org.springframework.context.support.DefaultLifecycleProcessor - Starting beans in phase 2147483647
2024-04-22 15:58:24,559[main] INFO  springfox.documentation.spring.web.plugins.DocumentationPluginsBootstrapper - Context refreshed
2024-04-22 15:58:24,597[main] INFO  springfox.documentation.spring.web.plugins.DocumentationPluginsBootstrapper - Found 1 custom documentation plugin(s)
2024-04-22 15:58:24,610[main] INFO  springfox.documentation.spring.web.scanners.ApiListingReferenceScanner - Scanning for api listing references
2024-04-22 15:58:24,949[main] INFO  org.springframework.boot.context.embedded.tomcat.TomcatEmbeddedServletContainer - Tomcat started on port(s): 7070 (http)
2024-04-22 15:58:24,956[main] INFO  javatechy.codegen.CodeGenApplication - Started CodeGenApplication in 6.101 seconds (JVM running for 7.418)
