2024-07-19 23:07:34,537[main] INFO  javatechy.codegen.CodeGenApplication - Starting CodeGenApplication on DESKTOP-3J84415 with PID 2820 (C:\Users\User\Desktop\generator-master\target\classes started by User in C:\Users\User\Desktop\generator-master)
2024-07-19 23:07:34,569[main] INFO  javatechy.codegen.CodeGenApplication - No active profile set, falling back to default profiles: default
2024-07-19 23:07:34,838[main] INFO  org.springframework.boot.context.embedded.AnnotationConfigEmbeddedWebApplicationContext - Refreshing org.springframework.boot.context.embedded.AnnotationConfigEmbeddedWebApplicationContext@479460a6: startup date [Fri Jul 19 23:07:34 GMT+01:00 2024]; root of context hierarchy
2024-07-19 23:07:42,822[main] INFO  org.springframework.context.support.PostProcessorRegistrationDelegate$BeanPostProcessorChecker - Bean 'org.springframework.transaction.annotation.ProxyTransactionManagementConfiguration' of type [org.springframework.transaction.annotation.ProxyTransactionManagementConfiguration$$EnhancerBySpringCGLIB$$65f6ef0a] is not eligible for getting processed by all BeanPostProcessors (for example: not eligible for auto-proxying)
2024-07-19 23:07:44,347[main] INFO  org.springframework.boot.context.embedded.tomcat.TomcatEmbeddedServletContainer - Tomcat initialized with port(s): 7070 (http)
2024-07-19 23:07:44,398[main] INFO  org.apache.catalina.core.StandardService - Starting service [Tomcat]
2024-07-19 23:07:44,403[main] INFO  org.apache.catalina.core.StandardEngine - Starting Servlet Engine: Apache Tomcat/8.5.23
2024-07-19 23:07:44,921[localhost-startStop-1] INFO  org.apache.catalina.core.ContainerBase.[Tomcat].[localhost].[/] - Initializing Spring embedded WebApplicationContext
2024-07-19 23:07:44,923[localhost-startStop-1] INFO  org.springframework.web.context.ContextLoader - Root WebApplicationContext: initialization completed in 10085 ms
2024-07-19 23:07:45,963[localhost-startStop-1] INFO  org.springframework.boot.web.servlet.ServletRegistrationBean - Mapping servlet: 'dispatcherServlet' to [/]
2024-07-19 23:07:45,982[localhost-startStop-1] INFO  org.springframework.boot.web.servlet.FilterRegistrationBean - Mapping filter: 'metricsFilter' to: [/*]
2024-07-19 23:07:45,987[localhost-startStop-1] INFO  org.springframework.boot.web.servlet.FilterRegistrationBean - Mapping filter: 'characterEncodingFilter' to: [/*]
2024-07-19 23:07:45,990[localhost-startStop-1] INFO  org.springframework.boot.web.servlet.FilterRegistrationBean - Mapping filter: 'hiddenHttpMethodFilter' to: [/*]
2024-07-19 23:07:45,996[localhost-startStop-1] INFO  org.springframework.boot.web.servlet.FilterRegistrationBean - Mapping filter: 'httpPutFormContentFilter' to: [/*]
2024-07-19 23:07:45,996[localhost-startStop-1] INFO  org.springframework.boot.web.servlet.FilterRegistrationBean - Mapping filter: 'requestContextFilter' to: [/*]
2024-07-19 23:07:45,997[localhost-startStop-1] INFO  org.springframework.boot.web.servlet.FilterRegistrationBean - Mapping filter: 'webRequestLoggingFilter' to: [/*]
2024-07-19 23:07:46,003[localhost-startStop-1] INFO  org.springframework.boot.web.servlet.FilterRegistrationBean - Mapping filter: 'applicationContextIdFilter' to: [/*]
2024-07-19 23:07:48,679[main] INFO  org.springframework.orm.jpa.LocalContainerEntityManagerFactoryBean - Building JPA container EntityManagerFactory for persistence unit 'default'
2024-07-19 23:07:48,799[main] INFO  org.hibernate.jpa.internal.util.LogHelper - HHH000204: Processing PersistenceUnitInfo [
	name: default
	...]
2024-07-19 23:07:49,067[main] INFO  org.hibernate.Version - HHH000412: Hibernate Core {5.0.12.Final}
2024-07-19 23:07:49,071[main] INFO  org.hibernate.cfg.Environment - HHH000206: hibernate.properties not found
2024-07-19 23:07:49,075[main] INFO  org.hibernate.cfg.Environment - HHH000021: Bytecode provider name : javassist
2024-07-19 23:07:49,202[main] INFO  org.hibernate.annotations.common.Version - HCANN000001: Hibernate Commons Annotations {5.0.1.Final}
2024-07-19 23:07:49,710[main] INFO  org.hibernate.dialect.Dialect - HHH000400: Using dialect: org.hibernate.dialect.MySQL5Dialect
2024-07-19 23:07:50,989[main] INFO  org.hibernate.tool.hbm2ddl.SchemaUpdate - HHH000228: Running hbm2ddl schema update
2024-07-19 23:07:52,138[main] INFO  org.springframework.orm.jpa.LocalContainerEntityManagerFactoryBean - Initialized JPA EntityManagerFactory for persistence unit 'default'
2024-07-19 23:07:53,773[main] INFO  org.hibernate.hql.internal.QueryTranslatorFactoryInitiator - HHH000397: Using ASTQueryTranslatorFactory
2024-07-19 23:07:55,130[main] INFO  org.springframework.web.servlet.mvc.method.annotation.RequestMappingHandlerMapping - Mapped "{[/project/create/{userId}],methods=[POST],produces=[application/zip]}" onto public org.springframework.http.ResponseEntity<?> javatechy.codegen.controller.CodeGenController.createProject(java.lang.Long,javatechy.codegen.dto.Request)
2024-07-19 23:07:55,136[main] INFO  org.springframework.web.servlet.mvc.method.annotation.RequestMappingHandlerMapping - Mapped "{[/project/projects],methods=[GET]}" onto public org.springframework.http.ResponseEntity<java.util.List<javatechy.codegen.dto.JsonFile>> javatechy.codegen.controller.CodeGenController.getAllProjects()
2024-07-19 23:07:55,139[main] INFO  org.springframework.web.servlet.mvc.method.annotation.RequestMappingHandlerMapping - Mapped "{[/project/update/{projectId}],methods=[PUT]}" onto public org.springframework.http.ResponseEntity<?> javatechy.codegen.controller.CodeGenController.updateProject(java.lang.Long,javatechy.codegen.dto.JsonFile)
2024-07-19 23:07:55,140[main] INFO  org.springframework.web.servlet.mvc.method.annotation.RequestMappingHandlerMapping - Mapped "{[/project/delete/{projectId}],methods=[DELETE]}" onto public org.springframework.http.ResponseEntity<javatechy.codegen.dto.Response> javatechy.codegen.controller.CodeGenController.deleteProject(java.lang.Long)
2024-07-19 23:07:55,142[main] INFO  org.springframework.web.servlet.mvc.method.annotation.RequestMappingHandlerMapping - Mapped "{[/project/{projectId}],methods=[GET]}" onto public org.springframework.http.ResponseEntity<javatechy.codegen.dto.JsonFile> javatechy.codegen.controller.CodeGenController.getProjectById(java.lang.Long)
2024-07-19 23:07:55,144[main] INFO  org.springframework.web.servlet.mvc.method.annotation.RequestMappingHandlerMapping - Mapped "{[/project/projects/{userId}],methods=[GET]}" onto public org.springframework.http.ResponseEntity<java.util.List<javatechy.codegen.dto.JsonFile>> javatechy.codegen.controller.CodeGenController.getProjectsByUserId(java.lang.Long)
2024-07-19 23:07:55,148[main] INFO  org.springframework.web.servlet.mvc.method.annotation.RequestMappingHandlerMapping - Mapped "{[/config],methods=[GET]}" onto public java.lang.String javatechy.codegen.controller.ConfigController.fetch(java.util.Map<java.lang.String, java.lang.String>)
2024-07-19 23:07:55,149[main] INFO  org.springframework.web.servlet.mvc.method.annotation.RequestMappingHandlerMapping - Mapped "{[/ping],methods=[GET]}" onto public java.lang.String javatechy.codegen.controller.ConfigController.health()
2024-07-19 23:07:55,158[main] INFO  org.springframework.web.servlet.mvc.method.annotation.RequestMappingHandlerMapping - Mapped "{[/user/{id}],methods=[DELETE]}" onto public org.springframework.http.ResponseEntity<java.lang.String> javatechy.codegen.controller.userController.deleteUserById(java.lang.Long)
2024-07-19 23:07:55,160[main] INFO  org.springframework.web.servlet.mvc.method.annotation.RequestMappingHandlerMapping - Mapped "{[/user/stats],methods=[GET]}" onto public org.springframework.http.ResponseEntity<javatechy.codegen.dto.AdminStats> javatechy.codegen.controller.userController.getAdminStats()
2024-07-19 23:07:55,162[main] INFO  org.springframework.web.servlet.mvc.method.annotation.RequestMappingHandlerMapping - Mapped "{[/user/getAllUsers],methods=[GET]}" onto public org.springframework.http.ResponseEntity<java.util.List<javatechy.codegen.dto.User>> javatechy.codegen.controller.userController.getAllUsers()
2024-07-19 23:07:55,163[main] INFO  org.springframework.web.servlet.mvc.method.annotation.RequestMappingHandlerMapping - Mapped "{[/user/login],methods=[POST]}" onto public org.springframework.http.ResponseEntity<?> javatechy.codegen.controller.userController.login(javatechy.codegen.dto.User)
2024-07-19 23:07:55,165[main] INFO  org.springframework.web.servlet.mvc.method.annotation.RequestMappingHandlerMapping - Mapped "{[/user/user],methods=[POST]}" onto public org.springframework.http.ResponseEntity<javatechy.codegen.dto.User> javatechy.codegen.controller.userController.createUser(javatechy.codegen.dto.User)
2024-07-19 23:07:55,167[main] INFO  org.springframework.web.servlet.mvc.method.annotation.RequestMappingHandlerMapping - Mapped "{[/user/forgot-password],methods=[POST]}" onto public org.springframework.http.ResponseEntity<?> javatechy.codegen.controller.userController.forgotPassword(java.util.Map<java.lang.String, java.lang.String>)
2024-07-19 23:07:55,169[main] INFO  org.springframework.web.servlet.mvc.method.annotation.RequestMappingHandlerMapping - Mapped "{[/user/reset-password],methods=[POST]}" onto public org.springframework.http.ResponseEntity<?> javatechy.codegen.controller.userController.resetPassword(java.lang.String,java.lang.String)
2024-07-19 23:07:55,171[main] INFO  org.springframework.web.servlet.mvc.method.annotation.RequestMappingHandlerMapping - Mapped "{[/v2/api-docs],methods=[GET],produces=[application/json || application/hal+json]}" onto public org.springframework.http.ResponseEntity<springfox.documentation.spring.web.json.Json> springfox.documentation.swagger2.web.Swagger2Controller.getDocumentation(java.lang.String,javax.servlet.http.HttpServletRequest)
2024-07-19 23:07:55,179[main] INFO  org.springframework.web.servlet.mvc.method.annotation.RequestMappingHandlerMapping - Mapped "{[/swagger-resources/configuration/security]}" onto org.springframework.http.ResponseEntity<springfox.documentation.swagger.web.SecurityConfiguration> springfox.documentation.swagger.web.ApiResourceController.securityConfiguration()
2024-07-19 23:07:55,181[main] INFO  org.springframework.web.servlet.mvc.method.annotation.RequestMappingHandlerMapping - Mapped "{[/swagger-resources/configuration/ui]}" onto org.springframework.http.ResponseEntity<springfox.documentation.swagger.web.UiConfiguration> springfox.documentation.swagger.web.ApiResourceController.uiConfiguration()
2024-07-19 23:07:55,184[main] INFO  org.springframework.web.servlet.mvc.method.annotation.RequestMappingHandlerMapping - Mapped "{[/swagger-resources]}" onto org.springframework.http.ResponseEntity<java.util.List<springfox.documentation.swagger.web.SwaggerResource>> springfox.documentation.swagger.web.ApiResourceController.swaggerResources()
2024-07-19 23:07:55,187[main] INFO  org.springframework.web.servlet.mvc.method.annotation.RequestMappingHandlerMapping - Mapped "{[/error]}" onto public org.springframework.http.ResponseEntity<java.util.Map<java.lang.String, java.lang.Object>> org.springframework.boot.autoconfigure.web.BasicErrorController.error(javax.servlet.http.HttpServletRequest)
2024-07-19 23:07:55,189[main] INFO  org.springframework.web.servlet.mvc.method.annotation.RequestMappingHandlerMapping - Mapped "{[/error],produces=[text/html]}" onto public org.springframework.web.servlet.ModelAndView org.springframework.boot.autoconfigure.web.BasicErrorController.errorHtml(javax.servlet.http.HttpServletRequest,javax.servlet.http.HttpServletResponse)
2024-07-19 23:07:55,750[main] INFO  org.springframework.boot.actuate.endpoint.mvc.EndpointHandlerMapping - Mapped "{[/loggers/{name:.*}],methods=[GET],produces=[application/vnd.spring-boot.actuator.v1+json || application/json]}" onto public java.lang.Object org.springframework.boot.actuate.endpoint.mvc.LoggersMvcEndpoint.get(java.lang.String)
2024-07-19 23:07:55,751[main] INFO  org.springframework.boot.actuate.endpoint.mvc.EndpointHandlerMapping - Mapped "{[/loggers/{name:.*}],methods=[POST],consumes=[application/vnd.spring-boot.actuator.v1+json || application/json],produces=[application/vnd.spring-boot.actuator.v1+json || application/json]}" onto public java.lang.Object org.springframework.boot.actuate.endpoint.mvc.LoggersMvcEndpoint.set(java.lang.String,java.util.Map<java.lang.String, java.lang.String>)
2024-07-19 23:07:55,752[main] INFO  org.springframework.boot.actuate.endpoint.mvc.EndpointHandlerMapping - Mapped "{[/loggers || /loggers.json],methods=[GET],produces=[application/vnd.spring-boot.actuator.v1+json || application/json]}" onto public java.lang.Object org.springframework.boot.actuate.endpoint.mvc.EndpointMvcAdapter.invoke()
2024-07-19 23:07:55,754[main] INFO  org.springframework.boot.actuate.endpoint.mvc.EndpointHandlerMapping - Mapped "{[/autoconfig || /autoconfig.json],methods=[GET],produces=[application/vnd.spring-boot.actuator.v1+json || application/json]}" onto public java.lang.Object org.springframework.boot.actuate.endpoint.mvc.EndpointMvcAdapter.invoke()
2024-07-19 23:07:55,755[main] INFO  org.springframework.boot.actuate.endpoint.mvc.EndpointHandlerMapping - Mapped "{[/dump || /dump.json],methods=[GET],produces=[application/vnd.spring-boot.actuator.v1+json || application/json]}" onto public java.lang.Object org.springframework.boot.actuate.endpoint.mvc.EndpointMvcAdapter.invoke()
2024-07-19 23:07:55,756[main] INFO  org.springframework.boot.actuate.endpoint.mvc.EndpointHandlerMapping - Mapped "{[/health || /health.json],methods=[GET],produces=[application/vnd.spring-boot.actuator.v1+json || application/json]}" onto public java.lang.Object org.springframework.boot.actuate.endpoint.mvc.HealthMvcEndpoint.invoke(javax.servlet.http.HttpServletRequest,java.security.Principal)
2024-07-19 23:07:55,758[main] INFO  org.springframework.boot.actuate.endpoint.mvc.EndpointHandlerMapping - Mapped "{[/auditevents || /auditevents.json],methods=[GET],produces=[application/vnd.spring-boot.actuator.v1+json || application/json]}" onto public org.springframework.http.ResponseEntity<?> org.springframework.boot.actuate.endpoint.mvc.AuditEventsMvcEndpoint.findByPrincipalAndAfterAndType(java.lang.String,java.util.Date,java.lang.String)
2024-07-19 23:07:55,759[main] INFO  org.springframework.boot.actuate.endpoint.mvc.EndpointHandlerMapping - Mapped "{[/info || /info.json],methods=[GET],produces=[application/vnd.spring-boot.actuator.v1+json || application/json]}" onto public java.lang.Object org.springframework.boot.actuate.endpoint.mvc.EndpointMvcAdapter.invoke()
2024-07-19 23:07:55,761[main] INFO  org.springframework.boot.actuate.endpoint.mvc.EndpointHandlerMapping - Mapped "{[/metrics/{name:.*}],methods=[GET],produces=[application/vnd.spring-boot.actuator.v1+json || application/json]}" onto public java.lang.Object org.springframework.boot.actuate.endpoint.mvc.MetricsMvcEndpoint.value(java.lang.String)
2024-07-19 23:07:55,761[main] INFO  org.springframework.boot.actuate.endpoint.mvc.EndpointHandlerMapping - Mapped "{[/metrics || /metrics.json],methods=[GET],produces=[application/vnd.spring-boot.actuator.v1+json || application/json]}" onto public java.lang.Object org.springframework.boot.actuate.endpoint.mvc.EndpointMvcAdapter.invoke()
2024-07-19 23:07:55,764[main] INFO  org.springframework.boot.actuate.endpoint.mvc.EndpointHandlerMapping - Mapped "{[/mappings || /mappings.json],methods=[GET],produces=[application/vnd.spring-boot.actuator.v1+json || application/json]}" onto public java.lang.Object org.springframework.boot.actuate.endpoint.mvc.EndpointMvcAdapter.invoke()
2024-07-19 23:07:55,764[main] INFO  org.springframework.boot.actuate.endpoint.mvc.EndpointHandlerMapping - Mapped "{[/trace || /trace.json],methods=[GET],produces=[application/vnd.spring-boot.actuator.v1+json || application/json]}" onto public java.lang.Object org.springframework.boot.actuate.endpoint.mvc.EndpointMvcAdapter.invoke()
2024-07-19 23:07:55,766[main] INFO  org.springframework.boot.actuate.endpoint.mvc.EndpointHandlerMapping - Mapped "{[/env/{name:.*}],methods=[GET],produces=[application/vnd.spring-boot.actuator.v1+json || application/json]}" onto public java.lang.Object org.springframework.boot.actuate.endpoint.mvc.EnvironmentMvcEndpoint.value(java.lang.String)
2024-07-19 23:07:55,766[main] INFO  org.springframework.boot.actuate.endpoint.mvc.EndpointHandlerMapping - Mapped "{[/env || /env.json],methods=[GET],produces=[application/vnd.spring-boot.actuator.v1+json || application/json]}" onto public java.lang.Object org.springframework.boot.actuate.endpoint.mvc.EndpointMvcAdapter.invoke()
2024-07-19 23:07:55,768[main] INFO  org.springframework.boot.actuate.endpoint.mvc.EndpointHandlerMapping - Mapped "{[/heapdump || /heapdump.json],methods=[GET],produces=[application/octet-stream]}" onto public void org.springframework.boot.actuate.endpoint.mvc.HeapdumpMvcEndpoint.invoke(boolean,javax.servlet.http.HttpServletRequest,javax.servlet.http.HttpServletResponse) throws java.io.IOException,javax.servlet.ServletException
2024-07-19 23:07:55,769[main] INFO  org.springframework.boot.actuate.endpoint.mvc.EndpointHandlerMapping - Mapped "{[/beans || /beans.json],methods=[GET],produces=[application/vnd.spring-boot.actuator.v1+json || application/json]}" onto public java.lang.Object org.springframework.boot.actuate.endpoint.mvc.EndpointMvcAdapter.invoke()
2024-07-19 23:07:55,771[main] INFO  org.springframework.boot.actuate.endpoint.mvc.EndpointHandlerMapping - Mapped "{[/configprops || /configprops.json],methods=[GET],produces=[application/vnd.spring-boot.actuator.v1+json || application/json]}" onto public java.lang.Object org.springframework.boot.actuate.endpoint.mvc.EndpointMvcAdapter.invoke()
2024-07-19 23:07:56,454[main] INFO  org.springframework.web.servlet.mvc.method.annotation.RequestMappingHandlerAdapter - Looking for @ControllerAdvice: org.springframework.boot.context.embedded.AnnotationConfigEmbeddedWebApplicationContext@479460a6: startup date [Fri Jul 19 23:07:34 GMT+01:00 2024]; root of context hierarchy
2024-07-19 23:07:56,585[main] INFO  org.springframework.web.servlet.handler.SimpleUrlHandlerMapping - Mapped URL path [/webjars/**] onto handler of type [class org.springframework.web.servlet.resource.ResourceHttpRequestHandler]
2024-07-19 23:07:56,586[main] INFO  org.springframework.web.servlet.handler.SimpleUrlHandlerMapping - Mapped URL path [/**] onto handler of type [class org.springframework.web.servlet.resource.ResourceHttpRequestHandler]
2024-07-19 23:07:56,622[main] INFO  org.springframework.web.servlet.mvc.method.annotation.ExceptionHandlerExceptionResolver - Detected @ExceptionHandler methods in exceptionInterceptor
2024-07-19 23:07:56,678[main] INFO  org.springframework.web.servlet.handler.SimpleUrlHandlerMapping - Mapped URL path [/**/favicon.ico] onto handler of type [class org.springframework.web.servlet.resource.ResourceHttpRequestHandler]
2024-07-19 23:07:57,335[main] INFO  org.springframework.jmx.export.annotation.AnnotationMBeanExporter - Registering beans for JMX exposure on startup
2024-07-19 23:07:57,358[main] INFO  org.springframework.context.support.DefaultLifecycleProcessor - Starting beans in phase 0
2024-07-19 23:07:57,480[main] INFO  org.springframework.context.support.DefaultLifecycleProcessor - Starting beans in phase 2147483647
2024-07-19 23:07:57,481[main] INFO  springfox.documentation.spring.web.plugins.DocumentationPluginsBootstrapper - Context refreshed
2024-07-19 23:07:57,524[main] INFO  springfox.documentation.spring.web.plugins.DocumentationPluginsBootstrapper - Found 1 custom documentation plugin(s)
2024-07-19 23:07:57,551[main] INFO  springfox.documentation.spring.web.scanners.ApiListingReferenceScanner - Scanning for api listing references
2024-07-19 23:07:58,443[main] INFO  org.springframework.boot.context.embedded.tomcat.TomcatEmbeddedServletContainer - Tomcat started on port(s): 7070 (http)
2024-07-19 23:07:58,455[main] INFO  javatechy.codegen.CodeGenApplication - Started CodeGenApplication in 25.96 seconds (JVM running for 32.881)
2024-07-19 23:17:13,096[http-nio-7070-exec-1] INFO  org.apache.catalina.core.ContainerBase.[Tomcat].[localhost].[/] - Initializing Spring FrameworkServlet 'dispatcherServlet'
2024-07-19 23:17:13,098[http-nio-7070-exec-1] INFO  org.springframework.web.servlet.DispatcherServlet - FrameworkServlet 'dispatcherServlet': initialization started
2024-07-19 23:17:13,148[http-nio-7070-exec-1] INFO  org.springframework.web.servlet.DispatcherServlet - FrameworkServlet 'dispatcherServlet': initialization completed in 50 ms
2024-07-19 23:41:25,413[http-nio-7070-exec-3] INFO  javatechy.codegen.controller.CodeGenController - == Creating empty project ==
2024-07-19 23:41:25,429[http-nio-7070-exec-3] INFO  javatechy.codegen.service.impl.ProjectCreatorImpl - Application Class Name => MybibiApplication
2024-07-19 23:41:25,430[http-nio-7070-exec-3] INFO  javatechy.codegen.service.impl.ProjectCreatorImpl - javaCodeLoc => C:\Users\User\AppData\Local\Temp\projects-BiblioApp18328465310781415956\spring-boot/src/main/java/fininfo/tn/mybibi
2024-07-19 23:41:25,433[http-nio-7070-exec-3] INFO  javatechy.codegen.service.impl.ProjectCreatorImpl - javaCodeLoc => C:\Users\User\AppData\Local\Temp\projects-BiblioApp18328465310781415956\spring-boot/src/main/java/fininfo/tn/myBibi
2024-07-19 23:41:25,435[http-nio-7070-exec-3] INFO  javatechy.codegen.service.impl.FileUtilServiceImpl - [createDirectories]File Location=> C:\Users\User\AppData\Local\Temp\projects-BiblioApp18328465310781415956\spring-boot/src/main/java
2024-07-19 23:41:25,437[http-nio-7070-exec-3] INFO  javatechy.codegen.service.impl.FileUtilServiceImpl - [createDirectories]File Location=> C:\Users\User\AppData\Local\Temp\projects-BiblioApp18328465310781415956\spring-boot\src\main\java
2024-07-19 23:41:25,442[http-nio-7070-exec-3] INFO  javatechy.codegen.service.impl.FileUtilServiceImpl - [createDirectories]File Location=> C:\Users\User\AppData\Local\Temp\projects-BiblioApp18328465310781415956\spring-boot/src/test/java
2024-07-19 23:41:25,443[http-nio-7070-exec-3] INFO  javatechy.codegen.service.impl.FileUtilServiceImpl - [createDirectories]File Location=> C:\Users\User\AppData\Local\Temp\projects-BiblioApp18328465310781415956\spring-boot\src\test\java
2024-07-19 23:41:25,444[http-nio-7070-exec-3] INFO  javatechy.codegen.service.impl.FileUtilServiceImpl - [createDirectories]File Location=> C:\Users\User\AppData\Local\Temp\projects-BiblioApp18328465310781415956\spring-boot/src/main/resources
2024-07-19 23:41:25,444[http-nio-7070-exec-3] INFO  javatechy.codegen.service.impl.FileUtilServiceImpl - [createDirectories]File Location=> C:\Users\User\AppData\Local\Temp\projects-BiblioApp18328465310781415956\spring-boot\src\main\resources
2024-07-19 23:41:25,444[http-nio-7070-exec-3] INFO  javatechy.codegen.service.impl.FileUtilServiceImpl - [createDirectories]File Location=> C:\Users\User\AppData\Local\Temp\projects-BiblioApp18328465310781415956\spring-boot/src/main/java/fininfo/tn/myBibi
2024-07-19 23:41:25,444[http-nio-7070-exec-3] INFO  javatechy.codegen.service.impl.FileUtilServiceImpl - [createDirectories]File Location=> C:\Users\User\AppData\Local\Temp\projects-BiblioApp18328465310781415956\spring-boot\src\main\java\fininfo\tn\myBibi
2024-07-19 23:41:25,446[http-nio-7070-exec-3] INFO  javatechy.codegen.service.impl.FileUtilServiceImpl - [createDirectories]File Location=> C:\Users\User\AppData\Local\Temp\projects-BiblioApp18328465310781415956\spring-boot/src/test/java/fininfo/tn/myBibi
2024-07-19 23:41:25,446[http-nio-7070-exec-3] INFO  javatechy.codegen.service.impl.FileUtilServiceImpl - [createDirectories]File Location=> C:\Users\User\AppData\Local\Temp\projects-BiblioApp18328465310781415956\spring-boot\src\test\java\fininfo\tn\myBibi
2024-07-19 23:41:25,449[http-nio-7070-exec-3] INFO  javatechy.codegen.service.impl.FileUtilServiceImpl - [createDirectories]File Location=> C:\Users\User\AppData\Local\Temp\projects-BiblioApp18328465310781415956\spring-boot/src/main/java/fininfo/tn/myBibi/service/impl
2024-07-19 23:41:25,450[http-nio-7070-exec-3] INFO  javatechy.codegen.service.impl.FileUtilServiceImpl - [createDirectories]File Location=> C:\Users\User\AppData\Local\Temp\projects-BiblioApp18328465310781415956\spring-boot\src\main\java\fininfo\tn\myBibi\service\impl
2024-07-19 23:41:25,452[http-nio-7070-exec-3] INFO  javatechy.codegen.service.impl.FileUtilServiceImpl - [createDirectories]File Location=> C:\Users\User\AppData\Local\Temp\projects-BiblioApp18328465310781415956\spring-boot/src/main/java/fininfo/tn/myBibi/controller
2024-07-19 23:41:25,452[http-nio-7070-exec-3] INFO  javatechy.codegen.service.impl.FileUtilServiceImpl - [createDirectories]File Location=> C:\Users\User\AppData\Local\Temp\projects-BiblioApp18328465310781415956\spring-boot\src\main\java\fininfo\tn\myBibi\controller
2024-07-19 23:41:25,453[http-nio-7070-exec-3] INFO  javatechy.codegen.service.impl.FileUtilServiceImpl - [createDirectories]File Location=> C:\Users\User\AppData\Local\Temp\projects-BiblioApp18328465310781415956\spring-boot/src/main/java/fininfo/tn/myBibi/exception
2024-07-19 23:41:25,453[http-nio-7070-exec-3] INFO  javatechy.codegen.service.impl.FileUtilServiceImpl - [createDirectories]File Location=> C:\Users\User\AppData\Local\Temp\projects-BiblioApp18328465310781415956\spring-boot\src\main\java\fininfo\tn\myBibi\exception
2024-07-19 23:41:25,453[http-nio-7070-exec-3] INFO  javatechy.codegen.service.impl.FileUtilServiceImpl - [createDirectories]File Location=> C:\Users\User\AppData\Local\Temp\projects-BiblioApp18328465310781415956\spring-boot/src/main/java/fininfo/tn/myBibi/dao
2024-07-19 23:41:25,453[http-nio-7070-exec-3] INFO  javatechy.codegen.service.impl.FileUtilServiceImpl - [createDirectories]File Location=> C:\Users\User\AppData\Local\Temp\projects-BiblioApp18328465310781415956\spring-boot\src\main\java\fininfo\tn\myBibi\dao
2024-07-19 23:41:25,526[http-nio-7070-exec-3] INFO  javatechy.codegen.service.impl.FileUtilServiceImpl - [createDirectories]File Location=> C:\Users\User\AppData\Local\Temp\projects-BiblioApp18328465310781415956\spring-boot/src/main/java/fininfo/tn/myBibi/entity
2024-07-19 23:41:25,526[http-nio-7070-exec-3] INFO  javatechy.codegen.service.impl.FileUtilServiceImpl - [createDirectories]File Location=> C:\Users\User\AppData\Local\Temp\projects-BiblioApp18328465310781415956\spring-boot\src\main\java\fininfo\tn\myBibi\entity
2024-07-19 23:41:25,527[http-nio-7070-exec-3] INFO  javatechy.codegen.service.impl.FileUtilServiceImpl - [createDirectories]File Location=> C:\Users\User\AppData\Local\Temp\projects-BiblioApp18328465310781415956\spring-boot/src/main/java/fininfo/tn/myBibi/configurations
2024-07-19 23:41:25,527[http-nio-7070-exec-3] INFO  javatechy.codegen.service.impl.FileUtilServiceImpl - [createDirectories]File Location=> C:\Users\User\AppData\Local\Temp\projects-BiblioApp18328465310781415956\spring-boot\src\main\java\fininfo\tn\myBibi\configurations
2024-07-19 23:41:25,567[http-nio-7070-exec-3] INFO  javatechy.codegen.controller.CodeGenController - Creating application properties => 
2024-07-19 23:41:25,843[http-nio-7070-exec-3] INFO  javatechy.codegen.controller.CodeGenController - Content-Disposition: attachment; filename="BiblioApp.zip"
