2024-05-12 12:50:58,064[main] INFO  javatechy.codegen.CodeGenApplication - Starting CodeGenApplication on LAPTOP-4AULRSCF with PID 17320 (C:\Users\fayce\Desktop\pfe\codegen\target\classes started by fayce in C:\Users\fayce\Desktop\pfe\codegen)
2024-05-12 12:50:58,072[main] INFO  javatechy.codegen.CodeGenApplication - No active profile set, falling back to default profiles: default
2024-05-12 12:50:58,140[main] INFO  org.springframework.boot.context.embedded.AnnotationConfigEmbeddedWebApplicationContext - Refreshing org.springframework.boot.context.embedded.AnnotationConfigEmbeddedWebApplicationContext@6cce16f4: startup date [Sun May 12 12:50:58 WAT 2024]; root of context hierarchy
2024-05-12 12:51:00,754[main] INFO  org.springframework.context.support.PostProcessorRegistrationDelegate$BeanPostProcessorChecker - Bean 'org.springframework.transaction.annotation.ProxyTransactionManagementConfiguration' of type [org.springframework.transaction.annotation.ProxyTransactionManagementConfiguration$$EnhancerBySpringCGLIB$$18195202] is not eligible for getting processed by all BeanPostProcessors (for example: not eligible for auto-proxying)
2024-05-12 12:51:01,356[main] INFO  org.springframework.boot.context.embedded.tomcat.TomcatEmbeddedServletContainer - Tomcat initialized with port(s): 7070 (http)
2024-05-12 12:51:01,377[main] INFO  org.apache.catalina.core.StandardService - Starting service [Tomcat]
2024-05-12 12:51:01,380[main] INFO  org.apache.catalina.core.StandardEngine - Starting Servlet Engine: Apache Tomcat/8.5.23
2024-05-12 12:51:01,606[localhost-startStop-1] INFO  org.apache.catalina.core.ContainerBase.[Tomcat].[localhost].[/] - Initializing Spring embedded WebApplicationContext
2024-05-12 12:51:01,607[localhost-startStop-1] INFO  org.springframework.web.context.ContextLoader - Root WebApplicationContext: initialization completed in 3467 ms
2024-05-12 12:51:02,123[localhost-startStop-1] INFO  org.springframework.boot.web.servlet.ServletRegistrationBean - Mapping servlet: 'dispatcherServlet' to [/]
2024-05-12 12:51:02,174[localhost-startStop-1] INFO  org.springframework.boot.web.servlet.FilterRegistrationBean - Mapping filter: 'metricsFilter' to: [/*]
2024-05-12 12:51:02,174[localhost-startStop-1] INFO  org.springframework.boot.web.servlet.FilterRegistrationBean - Mapping filter: 'characterEncodingFilter' to: [/*]
2024-05-12 12:51:02,175[localhost-startStop-1] INFO  org.springframework.boot.web.servlet.FilterRegistrationBean - Mapping filter: 'hiddenHttpMethodFilter' to: [/*]
2024-05-12 12:51:02,176[localhost-startStop-1] INFO  org.springframework.boot.web.servlet.FilterRegistrationBean - Mapping filter: 'httpPutFormContentFilter' to: [/*]
2024-05-12 12:51:02,176[localhost-startStop-1] INFO  org.springframework.boot.web.servlet.FilterRegistrationBean - Mapping filter: 'requestContextFilter' to: [/*]
2024-05-12 12:51:02,176[localhost-startStop-1] INFO  org.springframework.boot.web.servlet.FilterRegistrationBean - Mapping filter: 'webRequestLoggingFilter' to: [/*]
2024-05-12 12:51:02,177[localhost-startStop-1] INFO  org.springframework.boot.web.servlet.FilterRegistrationBean - Mapping filter: 'applicationContextIdFilter' to: [/*]
2024-05-12 12:51:02,986[main] INFO  org.springframework.orm.jpa.LocalContainerEntityManagerFactoryBean - Building JPA container EntityManagerFactory for persistence unit 'default'
2024-05-12 12:51:03,018[main] INFO  org.hibernate.jpa.internal.util.LogHelper - HHH000204: Processing PersistenceUnitInfo [
	name: default
	...]
2024-05-12 12:51:03,156[main] INFO  org.hibernate.Version - HHH000412: Hibernate Core {5.0.12.Final}
2024-05-12 12:51:03,159[main] INFO  org.hibernate.cfg.Environment - HHH000206: hibernate.properties not found
2024-05-12 12:51:03,162[main] INFO  org.hibernate.cfg.Environment - HHH000021: Bytecode provider name : javassist
2024-05-12 12:51:03,239[main] INFO  org.hibernate.annotations.common.Version - HCANN000001: Hibernate Commons Annotations {5.0.1.Final}
2024-05-12 12:51:03,532[main] INFO  org.hibernate.dialect.Dialect - HHH000400: Using dialect: org.hibernate.dialect.MySQL5Dialect
2024-05-12 12:51:04,114[main] INFO  org.hibernate.tuple.PojoInstantiator - HHH000182: No default (no-argument) constructor for class: javatechy.codegen.dto.JsonFile (class must be instantiated by Interceptor)
2024-05-12 12:51:04,241[main] INFO  org.hibernate.tool.hbm2ddl.SchemaUpdate - HHH000228: Running hbm2ddl schema update
2024-05-12 12:51:04,676[main] INFO  org.springframework.orm.jpa.LocalContainerEntityManagerFactoryBean - Initialized JPA EntityManagerFactory for persistence unit 'default'
2024-05-12 12:51:05,612[main] INFO  org.springframework.web.servlet.mvc.method.annotation.RequestMappingHandlerMapping - Mapped "{[/project/user],methods=[POST]}" onto public org.springframework.http.ResponseEntity<javatechy.codegen.dto.User> javatechy.codegen.controller.CodeGenController.createUser(javatechy.codegen.dto.User)
2024-05-12 12:51:05,617[main] INFO  org.springframework.web.servlet.mvc.method.annotation.RequestMappingHandlerMapping - Mapped "{[/project/create/{userId}],methods=[POST],produces=[application/json]}" onto public org.springframework.http.ResponseEntity<javatechy.codegen.dto.Response> javatechy.codegen.controller.CodeGenController.createProject(java.lang.Long,javatechy.codegen.dto.Request) throws java.io.IOException
2024-05-12 12:51:05,621[main] INFO  org.springframework.web.servlet.mvc.method.annotation.RequestMappingHandlerMapping - Mapped "{[/config],methods=[GET]}" onto public java.lang.String javatechy.codegen.controller.ConfigController.fetch(java.util.Map<java.lang.String, java.lang.String>)
2024-05-12 12:51:05,622[main] INFO  org.springframework.web.servlet.mvc.method.annotation.RequestMappingHandlerMapping - Mapped "{[/ping],methods=[GET]}" onto public java.lang.String javatechy.codegen.controller.ConfigController.health()
2024-05-12 12:51:05,625[main] INFO  org.springframework.web.servlet.mvc.method.annotation.RequestMappingHandlerMapping - Mapped "{[/v2/api-docs],methods=[GET],produces=[application/json || application/hal+json]}" onto public org.springframework.http.ResponseEntity<springfox.documentation.spring.web.json.Json> springfox.documentation.swagger2.web.Swagger2Controller.getDocumentation(java.lang.String,javax.servlet.http.HttpServletRequest)
2024-05-12 12:51:05,629[main] INFO  org.springframework.web.servlet.mvc.method.annotation.RequestMappingHandlerMapping - Mapped "{[/swagger-resources/configuration/security]}" onto org.springframework.http.ResponseEntity<springfox.documentation.swagger.web.SecurityConfiguration> springfox.documentation.swagger.web.ApiResourceController.securityConfiguration()
2024-05-12 12:51:05,630[main] INFO  org.springframework.web.servlet.mvc.method.annotation.RequestMappingHandlerMapping - Mapped "{[/swagger-resources]}" onto org.springframework.http.ResponseEntity<java.util.List<springfox.documentation.swagger.web.SwaggerResource>> springfox.documentation.swagger.web.ApiResourceController.swaggerResources()
2024-05-12 12:51:05,632[main] INFO  org.springframework.web.servlet.mvc.method.annotation.RequestMappingHandlerMapping - Mapped "{[/swagger-resources/configuration/ui]}" onto org.springframework.http.ResponseEntity<springfox.documentation.swagger.web.UiConfiguration> springfox.documentation.swagger.web.ApiResourceController.uiConfiguration()
2024-05-12 12:51:05,634[main] INFO  org.springframework.web.servlet.mvc.method.annotation.RequestMappingHandlerMapping - Mapped "{[/error]}" onto public org.springframework.http.ResponseEntity<java.util.Map<java.lang.String, java.lang.Object>> org.springframework.boot.autoconfigure.web.BasicErrorController.error(javax.servlet.http.HttpServletRequest)
2024-05-12 12:51:05,635[main] INFO  org.springframework.web.servlet.mvc.method.annotation.RequestMappingHandlerMapping - Mapped "{[/error],produces=[text/html]}" onto public org.springframework.web.servlet.ModelAndView org.springframework.boot.autoconfigure.web.BasicErrorController.errorHtml(javax.servlet.http.HttpServletRequest,javax.servlet.http.HttpServletResponse)
2024-05-12 12:51:05,942[main] INFO  org.springframework.boot.actuate.endpoint.mvc.EndpointHandlerMapping - Mapped "{[/heapdump || /heapdump.json],methods=[GET],produces=[application/octet-stream]}" onto public void org.springframework.boot.actuate.endpoint.mvc.HeapdumpMvcEndpoint.invoke(boolean,javax.servlet.http.HttpServletRequest,javax.servlet.http.HttpServletResponse) throws java.io.IOException,javax.servlet.ServletException
2024-05-12 12:51:05,945[main] INFO  org.springframework.boot.actuate.endpoint.mvc.EndpointHandlerMapping - Mapped "{[/loggers/{name:.*}],methods=[GET],produces=[application/vnd.spring-boot.actuator.v1+json || application/json]}" onto public java.lang.Object org.springframework.boot.actuate.endpoint.mvc.LoggersMvcEndpoint.get(java.lang.String)
2024-05-12 12:51:05,946[main] INFO  org.springframework.boot.actuate.endpoint.mvc.EndpointHandlerMapping - Mapped "{[/loggers/{name:.*}],methods=[POST],consumes=[application/vnd.spring-boot.actuator.v1+json || application/json],produces=[application/vnd.spring-boot.actuator.v1+json || application/json]}" onto public java.lang.Object org.springframework.boot.actuate.endpoint.mvc.LoggersMvcEndpoint.set(java.lang.String,java.util.Map<java.lang.String, java.lang.String>)
2024-05-12 12:51:05,947[main] INFO  org.springframework.boot.actuate.endpoint.mvc.EndpointHandlerMapping - Mapped "{[/loggers || /loggers.json],methods=[GET],produces=[application/vnd.spring-boot.actuator.v1+json || application/json]}" onto public java.lang.Object org.springframework.boot.actuate.endpoint.mvc.EndpointMvcAdapter.invoke()
2024-05-12 12:51:05,948[main] INFO  org.springframework.boot.actuate.endpoint.mvc.EndpointHandlerMapping - Mapped "{[/trace || /trace.json],methods=[GET],produces=[application/vnd.spring-boot.actuator.v1+json || application/json]}" onto public java.lang.Object org.springframework.boot.actuate.endpoint.mvc.EndpointMvcAdapter.invoke()
2024-05-12 12:51:05,949[main] INFO  org.springframework.boot.actuate.endpoint.mvc.EndpointHandlerMapping - Mapped "{[/auditevents || /auditevents.json],methods=[GET],produces=[application/vnd.spring-boot.actuator.v1+json || application/json]}" onto public org.springframework.http.ResponseEntity<?> org.springframework.boot.actuate.endpoint.mvc.AuditEventsMvcEndpoint.findByPrincipalAndAfterAndType(java.lang.String,java.util.Date,java.lang.String)
2024-05-12 12:51:05,950[main] INFO  org.springframework.boot.actuate.endpoint.mvc.EndpointHandlerMapping - Mapped "{[/beans || /beans.json],methods=[GET],produces=[application/vnd.spring-boot.actuator.v1+json || application/json]}" onto public java.lang.Object org.springframework.boot.actuate.endpoint.mvc.EndpointMvcAdapter.invoke()
2024-05-12 12:51:05,951[main] INFO  org.springframework.boot.actuate.endpoint.mvc.EndpointHandlerMapping - Mapped "{[/autoconfig || /autoconfig.json],methods=[GET],produces=[application/vnd.spring-boot.actuator.v1+json || application/json]}" onto public java.lang.Object org.springframework.boot.actuate.endpoint.mvc.EndpointMvcAdapter.invoke()
2024-05-12 12:51:05,953[main] INFO  org.springframework.boot.actuate.endpoint.mvc.EndpointHandlerMapping - Mapped "{[/info || /info.json],methods=[GET],produces=[application/vnd.spring-boot.actuator.v1+json || application/json]}" onto public java.lang.Object org.springframework.boot.actuate.endpoint.mvc.EndpointMvcAdapter.invoke()
2024-05-12 12:51:05,953[main] INFO  org.springframework.boot.actuate.endpoint.mvc.EndpointHandlerMapping - Mapped "{[/configprops || /configprops.json],methods=[GET],produces=[application/vnd.spring-boot.actuator.v1+json || application/json]}" onto public java.lang.Object org.springframework.boot.actuate.endpoint.mvc.EndpointMvcAdapter.invoke()
2024-05-12 12:51:05,954[main] INFO  org.springframework.boot.actuate.endpoint.mvc.EndpointHandlerMapping - Mapped "{[/health || /health.json],methods=[GET],produces=[application/vnd.spring-boot.actuator.v1+json || application/json]}" onto public java.lang.Object org.springframework.boot.actuate.endpoint.mvc.HealthMvcEndpoint.invoke(javax.servlet.http.HttpServletRequest,java.security.Principal)
2024-05-12 12:51:05,956[main] INFO  org.springframework.boot.actuate.endpoint.mvc.EndpointHandlerMapping - Mapped "{[/metrics/{name:.*}],methods=[GET],produces=[application/vnd.spring-boot.actuator.v1+json || application/json]}" onto public java.lang.Object org.springframework.boot.actuate.endpoint.mvc.MetricsMvcEndpoint.value(java.lang.String)
2024-05-12 12:51:05,958[main] INFO  org.springframework.boot.actuate.endpoint.mvc.EndpointHandlerMapping - Mapped "{[/metrics || /metrics.json],methods=[GET],produces=[application/vnd.spring-boot.actuator.v1+json || application/json]}" onto public java.lang.Object org.springframework.boot.actuate.endpoint.mvc.EndpointMvcAdapter.invoke()
2024-05-12 12:51:05,958[main] INFO  org.springframework.boot.actuate.endpoint.mvc.EndpointHandlerMapping - Mapped "{[/dump || /dump.json],methods=[GET],produces=[application/vnd.spring-boot.actuator.v1+json || application/json]}" onto public java.lang.Object org.springframework.boot.actuate.endpoint.mvc.EndpointMvcAdapter.invoke()
2024-05-12 12:51:05,959[main] INFO  org.springframework.boot.actuate.endpoint.mvc.EndpointHandlerMapping - Mapped "{[/env/{name:.*}],methods=[GET],produces=[application/vnd.spring-boot.actuator.v1+json || application/json]}" onto public java.lang.Object org.springframework.boot.actuate.endpoint.mvc.EnvironmentMvcEndpoint.value(java.lang.String)
2024-05-12 12:51:05,960[main] INFO  org.springframework.boot.actuate.endpoint.mvc.EndpointHandlerMapping - Mapped "{[/env || /env.json],methods=[GET],produces=[application/vnd.spring-boot.actuator.v1+json || application/json]}" onto public java.lang.Object org.springframework.boot.actuate.endpoint.mvc.EndpointMvcAdapter.invoke()
2024-05-12 12:51:05,962[main] INFO  org.springframework.boot.actuate.endpoint.mvc.EndpointHandlerMapping - Mapped "{[/mappings || /mappings.json],methods=[GET],produces=[application/vnd.spring-boot.actuator.v1+json || application/json]}" onto public java.lang.Object org.springframework.boot.actuate.endpoint.mvc.EndpointMvcAdapter.invoke()
2024-05-12 12:51:06,374[main] INFO  org.springframework.web.servlet.mvc.method.annotation.RequestMappingHandlerAdapter - Looking for @ControllerAdvice: org.springframework.boot.context.embedded.AnnotationConfigEmbeddedWebApplicationContext@6cce16f4: startup date [Sun May 12 12:50:58 WAT 2024]; root of context hierarchy
2024-05-12 12:51:06,451[main] INFO  org.springframework.web.servlet.handler.SimpleUrlHandlerMapping - Mapped URL path [/webjars/**] onto handler of type [class org.springframework.web.servlet.resource.ResourceHttpRequestHandler]
2024-05-12 12:51:06,452[main] INFO  org.springframework.web.servlet.handler.SimpleUrlHandlerMapping - Mapped URL path [/**] onto handler of type [class org.springframework.web.servlet.resource.ResourceHttpRequestHandler]
2024-05-12 12:51:06,474[main] INFO  org.springframework.web.servlet.mvc.method.annotation.ExceptionHandlerExceptionResolver - Detected @ExceptionHandler methods in exceptionInterceptor
2024-05-12 12:51:06,505[main] INFO  org.springframework.web.servlet.handler.SimpleUrlHandlerMapping - Mapped URL path [/**/favicon.ico] onto handler of type [class org.springframework.web.servlet.resource.ResourceHttpRequestHandler]
2024-05-12 12:51:06,947[main] INFO  org.springframework.jmx.export.annotation.AnnotationMBeanExporter - Registering beans for JMX exposure on startup
2024-05-12 12:51:06,963[main] INFO  org.springframework.context.support.DefaultLifecycleProcessor - Starting beans in phase 0
2024-05-12 12:51:07,068[main] INFO  org.springframework.context.support.DefaultLifecycleProcessor - Starting beans in phase 2147483647
2024-05-12 12:51:07,069[main] INFO  springfox.documentation.spring.web.plugins.DocumentationPluginsBootstrapper - Context refreshed
2024-05-12 12:51:07,102[main] INFO  springfox.documentation.spring.web.plugins.DocumentationPluginsBootstrapper - Found 1 custom documentation plugin(s)
2024-05-12 12:51:07,116[main] INFO  springfox.documentation.spring.web.scanners.ApiListingReferenceScanner - Scanning for api listing references
2024-05-12 12:51:07,485[main] INFO  org.springframework.boot.context.embedded.tomcat.TomcatEmbeddedServletContainer - Tomcat started on port(s): 7070 (http)
2024-05-12 12:51:07,492[main] INFO  javatechy.codegen.CodeGenApplication - Started CodeGenApplication in 10.048 seconds (JVM running for 11.606)
2024-05-12 12:51:19,621[http-nio-7070-exec-1] INFO  org.apache.catalina.core.ContainerBase.[Tomcat].[localhost].[/] - Initializing Spring FrameworkServlet 'dispatcherServlet'
2024-05-12 12:51:19,622[http-nio-7070-exec-1] INFO  org.springframework.web.servlet.DispatcherServlet - FrameworkServlet 'dispatcherServlet': initialization started
2024-05-12 12:51:19,670[http-nio-7070-exec-1] INFO  org.springframework.web.servlet.DispatcherServlet - FrameworkServlet 'dispatcherServlet': initialization completed in 46 ms
2024-05-12 12:51:19,990[http-nio-7070-exec-1] INFO  javatechy.codegen.controller.CodeGenController - == Creating empty project ==
2024-05-12 12:51:19,993[http-nio-7070-exec-1] INFO  javatechy.codegen.service.impl.ProjectCreatorImpl - Application Class Name => FullstackApplication
2024-05-12 12:51:19,993[http-nio-7070-exec-1] INFO  javatechy.codegen.service.impl.ProjectCreatorImpl - javaCodeLoc => /Users/fayce/Desktop/My Application/src/main/java/example/fullstack
2024-05-12 12:51:19,998[http-nio-7070-exec-1] INFO  javatechy.codegen.service.impl.ProjectCreatorImpl - javaCodeLoc => /Users/fayce/Desktop/My Application/src/main/java/example/fullstack
2024-05-12 12:51:19,999[http-nio-7070-exec-1] INFO  javatechy.codegen.service.impl.FileUtilServiceImpl - [createDirectories]File Location=> /Users/fayce/Desktop/My Application/src/main/java
2024-05-12 12:51:19,999[http-nio-7070-exec-1] INFO  javatechy.codegen.service.impl.FileUtilServiceImpl - [createDirectories]File Location=> \Users\fayce\Desktop\My Application\src\main\java
2024-05-12 12:51:20,005[http-nio-7070-exec-1] INFO  javatechy.codegen.service.impl.FileUtilServiceImpl - [createDirectories]File Location=> /Users/fayce/Desktop/My Application/src/main/resources
2024-05-12 12:51:20,006[http-nio-7070-exec-1] INFO  javatechy.codegen.service.impl.FileUtilServiceImpl - [createDirectories]File Location=> \Users\fayce\Desktop\My Application\src\main\resources
2024-05-12 12:51:20,006[http-nio-7070-exec-1] INFO  javatechy.codegen.service.impl.FileUtilServiceImpl - [createDirectories]File Location=> /Users/fayce/Desktop/My Application/src/main/java/example/fullstack
2024-05-12 12:51:20,007[http-nio-7070-exec-1] INFO  javatechy.codegen.service.impl.FileUtilServiceImpl - [createDirectories]File Location=> \Users\fayce\Desktop\My Application\src\main\java\example\fullstack
2024-05-12 12:51:20,009[http-nio-7070-exec-1] INFO  javatechy.codegen.service.impl.FileUtilServiceImpl - [createDirectories]File Location=> /Users/fayce/Desktop/My Application/src/main/java/example/fullstack/service/impl
2024-05-12 12:51:20,010[http-nio-7070-exec-1] INFO  javatechy.codegen.service.impl.FileUtilServiceImpl - [createDirectories]File Location=> \Users\fayce\Desktop\My Application\src\main\java\example\fullstack\service\impl
2024-05-12 12:51:20,011[http-nio-7070-exec-1] INFO  javatechy.codegen.service.impl.FileUtilServiceImpl - [createDirectories]File Location=> /Users/fayce/Desktop/My Application/src/main/java/example/fullstack/controller
2024-05-12 12:51:20,011[http-nio-7070-exec-1] INFO  javatechy.codegen.service.impl.FileUtilServiceImpl - [createDirectories]File Location=> \Users\fayce\Desktop\My Application\src\main\java\example\fullstack\controller
2024-05-12 12:51:20,013[http-nio-7070-exec-1] INFO  javatechy.codegen.service.impl.FileUtilServiceImpl - [createDirectories]File Location=> /Users/fayce/Desktop/My Application/src/main/java/example/fullstack/exception
2024-05-12 12:51:20,013[http-nio-7070-exec-1] INFO  javatechy.codegen.service.impl.FileUtilServiceImpl - [createDirectories]File Location=> \Users\fayce\Desktop\My Application\src\main\java\example\fullstack\exception
2024-05-12 12:51:20,014[http-nio-7070-exec-1] INFO  javatechy.codegen.service.impl.FileUtilServiceImpl - [createDirectories]File Location=> /Users/fayce/Desktop/My Application/src/main/java/example/fullstack/dao
2024-05-12 12:51:20,014[http-nio-7070-exec-1] INFO  javatechy.codegen.service.impl.FileUtilServiceImpl - [createDirectories]File Location=> \Users\fayce\Desktop\My Application\src\main\java\example\fullstack\dao
2024-05-12 12:51:20,015[http-nio-7070-exec-1] INFO  javatechy.codegen.service.impl.FileUtilServiceImpl - [createDirectories]File Location=> /Users/fayce/Desktop/My Application/src/main/java/example/fullstack/entity
2024-05-12 12:51:20,015[http-nio-7070-exec-1] INFO  javatechy.codegen.service.impl.FileUtilServiceImpl - [createDirectories]File Location=> \Users\fayce\Desktop\My Application\src\main\java\example\fullstack\entity
2024-05-12 12:51:20,017[http-nio-7070-exec-1] INFO  javatechy.codegen.service.impl.FileUtilServiceImpl - Reading file => C:/Users/fayce/Desktop/pfe/codegen/target/classes/template/pom.xml
2024-05-12 12:51:20,019[http-nio-7070-exec-1] INFO  javatechy.codegen.service.impl.FileUtilServiceImpl - Data read  from C:/Users/fayce/Desktop/pfe/codegen/target/classes/template/pom.xml => <?xml version="1.0" encoding="UTF-8"?>
<project xmlns="http://maven.apache.org/POM/4.0.0" xmlns:xsi="http://www.w3.org/2001/XMLSchema-instance"
	xsi:schemaLocation="http://maven.apache.org/POM/4.0.0 http://maven.apache.org/xsd/maven-4.0.0.xsd">
	<modelVersion>4.0.0</modelVersion>

	<groupId>${groupId}</groupId>
	<artifactId>${artifactId}</artifactId>
	<version>0.0.1-SNAPSHOT</version>
	<packaging>jar</packaging>

	<name>${name}</name>
	<description>${description}</description>

	<parent>
		<groupId>org.springframework.boot</groupId>
		<artifactId>spring-boot-starter-parent</artifactId>
		<version>3.2.4</version>
		<relativePath/> <!-- lookup parent from repository -->
	</parent>


	<properties>
		<project.build.sourceEncoding>UTF-8</project.build.sourceEncoding>
		<project.reporting.outputEncoding>UTF-8</project.reporting.outputEncoding>
		<java.version>21</java.version>
	</properties>

	<dependencies>
		<dependency>
			<groupId>org.springframework.boot</groupId>
			<artifactId>spring-boot-starter-data-jpa</artifactId>
		</dependency>

		<dependency>
			<groupId>org.springframework.boot</groupId>
			<artifactId>spring-boot-starter-web</artifactId>
		</dependency>

		<dependency>
			<groupId>org.springframework.boot</groupId>
			<artifactId>spring-boot-devtools</artifactId>
			<scope>runtime</scope>
			<optional>true</optional>
		</dependency>


		<dependency>
			<groupId>org.projectlombok</groupId>
			<artifactId>lombok</artifactId>
			<optional>true</optional>
		</dependency>
		<dependency>
			<groupId>org.springframework.boot</groupId>
			<artifactId>spring-boot-starter-test</artifactId>
			<scope>test</scope>
		</dependency>
		<dependency>
			<groupId>org.apache.httpcomponents</groupId>
			<artifactId>httpmime</artifactId>
		</dependency>
		<dependency>
			<groupId>junit</groupId>
			<artifactId>junit</artifactId>
			<scope>test</scope>
		</dependency>
		<dependency>
			<groupId>io.springfox</groupId>
			<artifactId>springfox-swagger-ui</artifactId>
			<version>2.6.0</version>
			<scope>compile</scope>
		</dependency>
		<dependency>
			<groupId>io.springfox</groupId>
			<artifactId>springfox-swagger2</artifactId>
			<version>2.6.0</version>
			<scope>compile</scope>
		</dependency>
	</dependencies>

	<build>
		<plugins>
			<plugin>
				<groupId>org.springframework.boot</groupId>
				<artifactId>spring-boot-maven-plugin</artifactId>
			</plugin>
		</plugins>
	</build>
</project>
2024-05-12 12:51:20,033[http-nio-7070-exec-1] INFO  javatechy.codegen.service.impl.FileUtilServiceImpl - Reading file => C:/Users/fayce/Desktop/pfe/codegen/target/classes/template/DemoApplication.java
2024-05-12 12:51:20,034[http-nio-7070-exec-1] INFO  javatechy.codegen.service.impl.FileUtilServiceImpl - Data read  from C:/Users/fayce/Desktop/pfe/codegen/target/classes/template/DemoApplication.java => package ${groupId}.${artifactId};

import org.springframework.boot.SpringApplication;
import org.springframework.boot.autoconfigure.SpringBootApplication;

@SpringBootApplication
public class ${applicationClassName}{

	public static void main(String[] args) {
		SpringApplication.run(${applicationClassName}.class, args);
	}
}

2024-05-12 12:51:20,036[http-nio-7070-exec-1] INFO  javatechy.codegen.controller.CodeGenController - Creating application properties => 
2024-05-12 12:51:20,037[http-nio-7070-exec-1] INFO  javatechy.codegen.service.impl.FileUtilServiceImpl - Reading file => C:/Users/fayce/Desktop/pfe/codegen/target/classes/template/application.properties
2024-05-12 12:51:20,038[http-nio-7070-exec-1] INFO  javatechy.codegen.service.impl.FileUtilServiceImpl - Data read  from C:/Users/fayce/Desktop/pfe/codegen/target/classes/template/application.properties => server.port=${applicationPort}

# to remove all null values from the response
spring.jackson.default-property-inclusion: NON_NULL

#date format
#spring.jackson.serialization.write_dates_as_timestamps=false
management.security.enabled=false
2024-05-12 13:46:54,139[Thread-3] INFO  org.springframework.boot.context.embedded.AnnotationConfigEmbeddedWebApplicationContext - Closing org.springframework.boot.context.embedded.AnnotationConfigEmbeddedWebApplicationContext@6cce16f4: startup date [Sun May 12 12:50:58 WAT 2024]; root of context hierarchy
2024-05-12 13:46:54,269[Thread-3] INFO  org.springframework.context.support.DefaultLifecycleProcessor - Stopping beans in phase 2147483647
2024-05-12 13:46:54,305[Thread-3] INFO  org.springframework.context.support.DefaultLifecycleProcessor - Stopping beans in phase 0
2024-05-12 13:46:54,319[Thread-3] INFO  org.springframework.jmx.export.annotation.AnnotationMBeanExporter - Unregistering JMX-exposed beans on shutdown
2024-05-12 13:46:54,323[Thread-3] INFO  org.springframework.orm.jpa.LocalContainerEntityManagerFactoryBean - Closing JPA EntityManagerFactory for persistence unit 'default'
2024-05-12 13:48:05,374[main] INFO  javatechy.codegen.CodeGenApplication - Starting CodeGenApplication on LAPTOP-4AULRSCF with PID 30736 (C:\Users\fayce\Desktop\pfe\codegen\target\classes started by fayce in C:\Users\fayce\Desktop\pfe\codegen)
2024-05-12 13:48:05,376[main] INFO  javatechy.codegen.CodeGenApplication - No active profile set, falling back to default profiles: default
2024-05-12 13:48:05,403[main] INFO  org.springframework.boot.context.embedded.AnnotationConfigEmbeddedWebApplicationContext - Refreshing org.springframework.boot.context.embedded.AnnotationConfigEmbeddedWebApplicationContext@61fe30: startup date [Sun May 12 13:48:05 WAT 2024]; root of context hierarchy
2024-05-12 13:48:06,410[main] INFO  org.springframework.context.support.PostProcessorRegistrationDelegate$BeanPostProcessorChecker - Bean 'org.springframework.transaction.annotation.ProxyTransactionManagementConfiguration' of type [org.springframework.transaction.annotation.ProxyTransactionManagementConfiguration$$EnhancerBySpringCGLIB$$affedd32] is not eligible for getting processed by all BeanPostProcessors (for example: not eligible for auto-proxying)
2024-05-12 13:48:06,692[main] INFO  org.springframework.boot.context.embedded.tomcat.TomcatEmbeddedServletContainer - Tomcat initialized with port(s): 7070 (http)
2024-05-12 13:48:06,699[main] INFO  org.apache.catalina.core.StandardService - Starting service [Tomcat]
2024-05-12 13:48:06,700[main] INFO  org.apache.catalina.core.StandardEngine - Starting Servlet Engine: Apache Tomcat/8.5.23
2024-05-12 13:48:06,776[localhost-startStop-1] INFO  org.apache.catalina.core.ContainerBase.[Tomcat].[localhost].[/] - Initializing Spring embedded WebApplicationContext
2024-05-12 13:48:06,777[localhost-startStop-1] INFO  org.springframework.web.context.ContextLoader - Root WebApplicationContext: initialization completed in 1373 ms
2024-05-12 13:48:07,012[localhost-startStop-1] INFO  org.springframework.boot.web.servlet.ServletRegistrationBean - Mapping servlet: 'dispatcherServlet' to [/]
2024-05-12 13:48:07,015[localhost-startStop-1] INFO  org.springframework.boot.web.servlet.FilterRegistrationBean - Mapping filter: 'metricsFilter' to: [/*]
2024-05-12 13:48:07,015[localhost-startStop-1] INFO  org.springframework.boot.web.servlet.FilterRegistrationBean - Mapping filter: 'characterEncodingFilter' to: [/*]
2024-05-12 13:48:07,016[localhost-startStop-1] INFO  org.springframework.boot.web.servlet.FilterRegistrationBean - Mapping filter: 'hiddenHttpMethodFilter' to: [/*]
2024-05-12 13:48:07,016[localhost-startStop-1] INFO  org.springframework.boot.web.servlet.FilterRegistrationBean - Mapping filter: 'httpPutFormContentFilter' to: [/*]
2024-05-12 13:48:07,016[localhost-startStop-1] INFO  org.springframework.boot.web.servlet.FilterRegistrationBean - Mapping filter: 'requestContextFilter' to: [/*]
2024-05-12 13:48:07,016[localhost-startStop-1] INFO  org.springframework.boot.web.servlet.FilterRegistrationBean - Mapping filter: 'webRequestLoggingFilter' to: [/*]
2024-05-12 13:48:07,016[localhost-startStop-1] INFO  org.springframework.boot.web.servlet.FilterRegistrationBean - Mapping filter: 'applicationContextIdFilter' to: [/*]
2024-05-12 13:48:07,355[main] INFO  org.springframework.orm.jpa.LocalContainerEntityManagerFactoryBean - Building JPA container EntityManagerFactory for persistence unit 'default'
2024-05-12 13:48:07,368[main] INFO  org.hibernate.jpa.internal.util.LogHelper - HHH000204: Processing PersistenceUnitInfo [
	name: default
	...]
2024-05-12 13:48:07,436[main] INFO  org.hibernate.Version - HHH000412: Hibernate Core {5.0.12.Final}
2024-05-12 13:48:07,437[main] INFO  org.hibernate.cfg.Environment - HHH000206: hibernate.properties not found
2024-05-12 13:48:07,438[main] INFO  org.hibernate.cfg.Environment - HHH000021: Bytecode provider name : javassist
2024-05-12 13:48:07,468[main] INFO  org.hibernate.annotations.common.Version - HCANN000001: Hibernate Commons Annotations {5.0.1.Final}
2024-05-12 13:48:07,592[main] INFO  org.hibernate.dialect.Dialect - HHH000400: Using dialect: org.hibernate.dialect.MySQL5Dialect
2024-05-12 13:48:07,847[main] INFO  org.hibernate.tuple.PojoInstantiator - HHH000182: No default (no-argument) constructor for class: javatechy.codegen.dto.JsonFile (class must be instantiated by Interceptor)
2024-05-12 13:48:07,907[main] INFO  org.hibernate.tool.hbm2ddl.SchemaUpdate - HHH000228: Running hbm2ddl schema update
2024-05-12 13:48:08,102[main] INFO  org.springframework.orm.jpa.LocalContainerEntityManagerFactoryBean - Initialized JPA EntityManagerFactory for persistence unit 'default'
2024-05-12 13:48:08,514[main] INFO  org.springframework.web.servlet.mvc.method.annotation.RequestMappingHandlerMapping - Mapped "{[/project/create/{userId}],methods=[POST],produces=[application/json]}" onto public org.springframework.http.ResponseEntity<javatechy.codegen.dto.Response> javatechy.codegen.controller.CodeGenController.createProject(java.lang.Long,javatechy.codegen.dto.Request) throws java.io.IOException
2024-05-12 13:48:08,517[main] INFO  org.springframework.web.servlet.mvc.method.annotation.RequestMappingHandlerMapping - Mapped "{[/project/user],methods=[POST]}" onto public org.springframework.http.ResponseEntity<javatechy.codegen.dto.User> javatechy.codegen.controller.CodeGenController.createUser(javatechy.codegen.dto.User)
2024-05-12 13:48:08,518[main] INFO  org.springframework.web.servlet.mvc.method.annotation.RequestMappingHandlerMapping - Mapped "{[/config],methods=[GET]}" onto public java.lang.String javatechy.codegen.controller.ConfigController.fetch(java.util.Map<java.lang.String, java.lang.String>)
2024-05-12 13:48:08,518[main] INFO  org.springframework.web.servlet.mvc.method.annotation.RequestMappingHandlerMapping - Mapped "{[/ping],methods=[GET]}" onto public java.lang.String javatechy.codegen.controller.ConfigController.health()
2024-05-12 13:48:08,519[main] INFO  org.springframework.web.servlet.mvc.method.annotation.RequestMappingHandlerMapping - Mapped "{[/v2/api-docs],methods=[GET],produces=[application/json || application/hal+json]}" onto public org.springframework.http.ResponseEntity<springfox.documentation.spring.web.json.Json> springfox.documentation.swagger2.web.Swagger2Controller.getDocumentation(java.lang.String,javax.servlet.http.HttpServletRequest)
2024-05-12 13:48:08,520[main] INFO  org.springframework.web.servlet.mvc.method.annotation.RequestMappingHandlerMapping - Mapped "{[/swagger-resources]}" onto org.springframework.http.ResponseEntity<java.util.List<springfox.documentation.swagger.web.SwaggerResource>> springfox.documentation.swagger.web.ApiResourceController.swaggerResources()
2024-05-12 13:48:08,521[main] INFO  org.springframework.web.servlet.mvc.method.annotation.RequestMappingHandlerMapping - Mapped "{[/swagger-resources/configuration/ui]}" onto org.springframework.http.ResponseEntity<springfox.documentation.swagger.web.UiConfiguration> springfox.documentation.swagger.web.ApiResourceController.uiConfiguration()
2024-05-12 13:48:08,521[main] INFO  org.springframework.web.servlet.mvc.method.annotation.RequestMappingHandlerMapping - Mapped "{[/swagger-resources/configuration/security]}" onto org.springframework.http.ResponseEntity<springfox.documentation.swagger.web.SecurityConfiguration> springfox.documentation.swagger.web.ApiResourceController.securityConfiguration()
2024-05-12 13:48:08,522[main] INFO  org.springframework.web.servlet.mvc.method.annotation.RequestMappingHandlerMapping - Mapped "{[/error],produces=[text/html]}" onto public org.springframework.web.servlet.ModelAndView org.springframework.boot.autoconfigure.web.BasicErrorController.errorHtml(javax.servlet.http.HttpServletRequest,javax.servlet.http.HttpServletResponse)
2024-05-12 13:48:08,522[main] INFO  org.springframework.web.servlet.mvc.method.annotation.RequestMappingHandlerMapping - Mapped "{[/error]}" onto public org.springframework.http.ResponseEntity<java.util.Map<java.lang.String, java.lang.Object>> org.springframework.boot.autoconfigure.web.BasicErrorController.error(javax.servlet.http.HttpServletRequest)
2024-05-12 13:48:08,643[main] INFO  org.springframework.boot.actuate.endpoint.mvc.EndpointHandlerMapping - Mapped "{[/health || /health.json],methods=[GET],produces=[application/vnd.spring-boot.actuator.v1+json || application/json]}" onto public java.lang.Object org.springframework.boot.actuate.endpoint.mvc.HealthMvcEndpoint.invoke(javax.servlet.http.HttpServletRequest,java.security.Principal)
2024-05-12 13:48:08,643[main] INFO  org.springframework.boot.actuate.endpoint.mvc.EndpointHandlerMapping - Mapped "{[/info || /info.json],methods=[GET],produces=[application/vnd.spring-boot.actuator.v1+json || application/json]}" onto public java.lang.Object org.springframework.boot.actuate.endpoint.mvc.EndpointMvcAdapter.invoke()
2024-05-12 13:48:08,644[main] INFO  org.springframework.boot.actuate.endpoint.mvc.EndpointHandlerMapping - Mapped "{[/env/{name:.*}],methods=[GET],produces=[application/vnd.spring-boot.actuator.v1+json || application/json]}" onto public java.lang.Object org.springframework.boot.actuate.endpoint.mvc.EnvironmentMvcEndpoint.value(java.lang.String)
2024-05-12 13:48:08,644[main] INFO  org.springframework.boot.actuate.endpoint.mvc.EndpointHandlerMapping - Mapped "{[/env || /env.json],methods=[GET],produces=[application/vnd.spring-boot.actuator.v1+json || application/json]}" onto public java.lang.Object org.springframework.boot.actuate.endpoint.mvc.EndpointMvcAdapter.invoke()
2024-05-12 13:48:08,645[main] INFO  org.springframework.boot.actuate.endpoint.mvc.EndpointHandlerMapping - Mapped "{[/trace || /trace.json],methods=[GET],produces=[application/vnd.spring-boot.actuator.v1+json || application/json]}" onto public java.lang.Object org.springframework.boot.actuate.endpoint.mvc.EndpointMvcAdapter.invoke()
2024-05-12 13:48:08,645[main] INFO  org.springframework.boot.actuate.endpoint.mvc.EndpointHandlerMapping - Mapped "{[/beans || /beans.json],methods=[GET],produces=[application/vnd.spring-boot.actuator.v1+json || application/json]}" onto public java.lang.Object org.springframework.boot.actuate.endpoint.mvc.EndpointMvcAdapter.invoke()
2024-05-12 13:48:08,645[main] INFO  org.springframework.boot.actuate.endpoint.mvc.EndpointHandlerMapping - Mapped "{[/heapdump || /heapdump.json],methods=[GET],produces=[application/octet-stream]}" onto public void org.springframework.boot.actuate.endpoint.mvc.HeapdumpMvcEndpoint.invoke(boolean,javax.servlet.http.HttpServletRequest,javax.servlet.http.HttpServletResponse) throws java.io.IOException,javax.servlet.ServletException
2024-05-12 13:48:08,646[main] INFO  org.springframework.boot.actuate.endpoint.mvc.EndpointHandlerMapping - Mapped "{[/auditevents || /auditevents.json],methods=[GET],produces=[application/vnd.spring-boot.actuator.v1+json || application/json]}" onto public org.springframework.http.ResponseEntity<?> org.springframework.boot.actuate.endpoint.mvc.AuditEventsMvcEndpoint.findByPrincipalAndAfterAndType(java.lang.String,java.util.Date,java.lang.String)
2024-05-12 13:48:08,646[main] INFO  org.springframework.boot.actuate.endpoint.mvc.EndpointHandlerMapping - Mapped "{[/autoconfig || /autoconfig.json],methods=[GET],produces=[application/vnd.spring-boot.actuator.v1+json || application/json]}" onto public java.lang.Object org.springframework.boot.actuate.endpoint.mvc.EndpointMvcAdapter.invoke()
2024-05-12 13:48:08,646[main] INFO  org.springframework.boot.actuate.endpoint.mvc.EndpointHandlerMapping - Mapped "{[/metrics/{name:.*}],methods=[GET],produces=[application/vnd.spring-boot.actuator.v1+json || application/json]}" onto public java.lang.Object org.springframework.boot.actuate.endpoint.mvc.MetricsMvcEndpoint.value(java.lang.String)
2024-05-12 13:48:08,646[main] INFO  org.springframework.boot.actuate.endpoint.mvc.EndpointHandlerMapping - Mapped "{[/metrics || /metrics.json],methods=[GET],produces=[application/vnd.spring-boot.actuator.v1+json || application/json]}" onto public java.lang.Object org.springframework.boot.actuate.endpoint.mvc.EndpointMvcAdapter.invoke()
2024-05-12 13:48:08,647[main] INFO  org.springframework.boot.actuate.endpoint.mvc.EndpointHandlerMapping - Mapped "{[/loggers/{name:.*}],methods=[GET],produces=[application/vnd.spring-boot.actuator.v1+json || application/json]}" onto public java.lang.Object org.springframework.boot.actuate.endpoint.mvc.LoggersMvcEndpoint.get(java.lang.String)
2024-05-12 13:48:08,648[main] INFO  org.springframework.boot.actuate.endpoint.mvc.EndpointHandlerMapping - Mapped "{[/loggers/{name:.*}],methods=[POST],consumes=[application/vnd.spring-boot.actuator.v1+json || application/json],produces=[application/vnd.spring-boot.actuator.v1+json || application/json]}" onto public java.lang.Object org.springframework.boot.actuate.endpoint.mvc.LoggersMvcEndpoint.set(java.lang.String,java.util.Map<java.lang.String, java.lang.String>)
2024-05-12 13:48:08,648[main] INFO  org.springframework.boot.actuate.endpoint.mvc.EndpointHandlerMapping - Mapped "{[/loggers || /loggers.json],methods=[GET],produces=[application/vnd.spring-boot.actuator.v1+json || application/json]}" onto public java.lang.Object org.springframework.boot.actuate.endpoint.mvc.EndpointMvcAdapter.invoke()
2024-05-12 13:48:08,648[main] INFO  org.springframework.boot.actuate.endpoint.mvc.EndpointHandlerMapping - Mapped "{[/dump || /dump.json],methods=[GET],produces=[application/vnd.spring-boot.actuator.v1+json || application/json]}" onto public java.lang.Object org.springframework.boot.actuate.endpoint.mvc.EndpointMvcAdapter.invoke()
2024-05-12 13:48:08,648[main] INFO  org.springframework.boot.actuate.endpoint.mvc.EndpointHandlerMapping - Mapped "{[/mappings || /mappings.json],methods=[GET],produces=[application/vnd.spring-boot.actuator.v1+json || application/json]}" onto public java.lang.Object org.springframework.boot.actuate.endpoint.mvc.EndpointMvcAdapter.invoke()
2024-05-12 13:48:08,649[main] INFO  org.springframework.boot.actuate.endpoint.mvc.EndpointHandlerMapping - Mapped "{[/configprops || /configprops.json],methods=[GET],produces=[application/vnd.spring-boot.actuator.v1+json || application/json]}" onto public java.lang.Object org.springframework.boot.actuate.endpoint.mvc.EndpointMvcAdapter.invoke()
2024-05-12 13:48:08,824[main] INFO  org.springframework.web.servlet.mvc.method.annotation.RequestMappingHandlerAdapter - Looking for @ControllerAdvice: org.springframework.boot.context.embedded.AnnotationConfigEmbeddedWebApplicationContext@61fe30: startup date [Sun May 12 13:48:05 WAT 2024]; root of context hierarchy
2024-05-12 13:48:08,864[main] INFO  org.springframework.web.servlet.handler.SimpleUrlHandlerMapping - Mapped URL path [/webjars/**] onto handler of type [class org.springframework.web.servlet.resource.ResourceHttpRequestHandler]
2024-05-12 13:48:08,864[main] INFO  org.springframework.web.servlet.handler.SimpleUrlHandlerMapping - Mapped URL path [/**] onto handler of type [class org.springframework.web.servlet.resource.ResourceHttpRequestHandler]
2024-05-12 13:48:08,872[main] INFO  org.springframework.web.servlet.mvc.method.annotation.ExceptionHandlerExceptionResolver - Detected @ExceptionHandler methods in exceptionInterceptor
2024-05-12 13:48:08,886[main] INFO  org.springframework.web.servlet.handler.SimpleUrlHandlerMapping - Mapped URL path [/**/favicon.ico] onto handler of type [class org.springframework.web.servlet.resource.ResourceHttpRequestHandler]
2024-05-12 13:48:09,050[main] INFO  org.springframework.jmx.export.annotation.AnnotationMBeanExporter - Registering beans for JMX exposure on startup
2024-05-12 13:48:09,061[main] INFO  org.springframework.context.support.DefaultLifecycleProcessor - Starting beans in phase 0
2024-05-12 13:48:09,093[main] INFO  org.springframework.context.support.DefaultLifecycleProcessor - Starting beans in phase 2147483647
2024-05-12 13:48:09,094[main] INFO  springfox.documentation.spring.web.plugins.DocumentationPluginsBootstrapper - Context refreshed
2024-05-12 13:48:09,107[main] INFO  springfox.documentation.spring.web.plugins.DocumentationPluginsBootstrapper - Found 1 custom documentation plugin(s)
2024-05-12 13:48:09,113[main] INFO  springfox.documentation.spring.web.scanners.ApiListingReferenceScanner - Scanning for api listing references
2024-05-12 13:48:09,261[main] INFO  org.springframework.boot.context.embedded.tomcat.TomcatEmbeddedServletContainer - Tomcat started on port(s): 7070 (http)
2024-05-12 13:48:09,264[main] INFO  javatechy.codegen.CodeGenApplication - Started CodeGenApplication in 4.173 seconds (JVM running for 4.833)
2024-05-12 13:48:30,414[http-nio-7070-exec-2] INFO  org.apache.catalina.core.ContainerBase.[Tomcat].[localhost].[/] - Initializing Spring FrameworkServlet 'dispatcherServlet'
2024-05-12 13:48:30,414[http-nio-7070-exec-2] INFO  org.springframework.web.servlet.DispatcherServlet - FrameworkServlet 'dispatcherServlet': initialization started
2024-05-12 13:48:30,432[http-nio-7070-exec-2] INFO  org.springframework.web.servlet.DispatcherServlet - FrameworkServlet 'dispatcherServlet': initialization completed in 18 ms
2024-05-12 13:48:30,572[http-nio-7070-exec-2] INFO  javatechy.codegen.controller.CodeGenController - == Creating empty project ==
2024-05-12 13:48:30,576[http-nio-7070-exec-2] INFO  javatechy.codegen.service.impl.ProjectCreatorImpl - Application Class Name => FullstackApplication
2024-05-12 13:48:30,580[http-nio-7070-exec-2] INFO  javatechy.codegen.service.impl.ProjectCreatorImpl - javaCodeLoc => /Users/fayce/Desktop/My Application/src/main/java/example/fullstack
2024-05-12 13:48:30,581[http-nio-7070-exec-2] INFO  javatechy.codegen.service.impl.ProjectCreatorImpl - javaCodeLoc => /Users/fayce/Desktop/My Application/src/main/java/example/fullstack
2024-05-12 13:48:30,582[http-nio-7070-exec-2] INFO  javatechy.codegen.service.impl.FileUtilServiceImpl - [createDirectories]File Location=> /Users/fayce/Desktop/My Application/src/main/java
2024-05-12 13:48:30,582[http-nio-7070-exec-2] INFO  javatechy.codegen.service.impl.FileUtilServiceImpl - [createDirectories]File Location=> \Users\fayce\Desktop\My Application\src\main\java
2024-05-12 13:48:30,588[http-nio-7070-exec-2] INFO  javatechy.codegen.service.impl.FileUtilServiceImpl - [createDirectories]File Location=> /Users/fayce/Desktop/My Application/src/main/resources
2024-05-12 13:48:30,589[http-nio-7070-exec-2] INFO  javatechy.codegen.service.impl.FileUtilServiceImpl - [createDirectories]File Location=> \Users\fayce\Desktop\My Application\src\main\resources
2024-05-12 13:48:30,589[http-nio-7070-exec-2] INFO  javatechy.codegen.service.impl.FileUtilServiceImpl - [createDirectories]File Location=> /Users/fayce/Desktop/My Application/src/main/java/example/fullstack
2024-05-12 13:48:30,589[http-nio-7070-exec-2] INFO  javatechy.codegen.service.impl.FileUtilServiceImpl - [createDirectories]File Location=> \Users\fayce\Desktop\My Application\src\main\java\example\fullstack
2024-05-12 13:48:30,592[http-nio-7070-exec-2] INFO  javatechy.codegen.service.impl.FileUtilServiceImpl - [createDirectories]File Location=> /Users/fayce/Desktop/My Application/src/main/java/example/fullstack/service/impl
2024-05-12 13:48:30,592[http-nio-7070-exec-2] INFO  javatechy.codegen.service.impl.FileUtilServiceImpl - [createDirectories]File Location=> \Users\fayce\Desktop\My Application\src\main\java\example\fullstack\service\impl
2024-05-12 13:48:30,593[http-nio-7070-exec-2] INFO  javatechy.codegen.service.impl.FileUtilServiceImpl - [createDirectories]File Location=> /Users/fayce/Desktop/My Application/src/main/java/example/fullstack/controller
2024-05-12 13:48:30,593[http-nio-7070-exec-2] INFO  javatechy.codegen.service.impl.FileUtilServiceImpl - [createDirectories]File Location=> \Users\fayce\Desktop\My Application\src\main\java\example\fullstack\controller
2024-05-12 13:48:30,596[http-nio-7070-exec-2] INFO  javatechy.codegen.service.impl.FileUtilServiceImpl - [createDirectories]File Location=> /Users/fayce/Desktop/My Application/src/main/java/example/fullstack/exception
2024-05-12 13:48:30,597[http-nio-7070-exec-2] INFO  javatechy.codegen.service.impl.FileUtilServiceImpl - [createDirectories]File Location=> \Users\fayce\Desktop\My Application\src\main\java\example\fullstack\exception
2024-05-12 13:48:30,597[http-nio-7070-exec-2] INFO  javatechy.codegen.service.impl.FileUtilServiceImpl - [createDirectories]File Location=> /Users/fayce/Desktop/My Application/src/main/java/example/fullstack/dao
2024-05-12 13:48:30,598[http-nio-7070-exec-2] INFO  javatechy.codegen.service.impl.FileUtilServiceImpl - [createDirectories]File Location=> \Users\fayce\Desktop\My Application\src\main\java\example\fullstack\dao
2024-05-12 13:48:30,600[http-nio-7070-exec-2] INFO  javatechy.codegen.service.impl.FileUtilServiceImpl - [createDirectories]File Location=> /Users/fayce/Desktop/My Application/src/main/java/example/fullstack/entity
2024-05-12 13:48:30,600[http-nio-7070-exec-2] INFO  javatechy.codegen.service.impl.FileUtilServiceImpl - [createDirectories]File Location=> \Users\fayce\Desktop\My Application\src\main\java\example\fullstack\entity
2024-05-12 13:48:30,602[http-nio-7070-exec-2] INFO  javatechy.codegen.service.impl.FileUtilServiceImpl - Reading file => C:/Users/fayce/Desktop/pfe/codegen/target/classes/template/pom.xml
2024-05-12 13:48:30,603[http-nio-7070-exec-2] INFO  javatechy.codegen.service.impl.FileUtilServiceImpl - Data read  from C:/Users/fayce/Desktop/pfe/codegen/target/classes/template/pom.xml => <?xml version="1.0" encoding="UTF-8"?>
<project xmlns="http://maven.apache.org/POM/4.0.0" xmlns:xsi="http://www.w3.org/2001/XMLSchema-instance"
	xsi:schemaLocation="http://maven.apache.org/POM/4.0.0 http://maven.apache.org/xsd/maven-4.0.0.xsd">
	<modelVersion>4.0.0</modelVersion>

	<groupId>${groupId}</groupId>
	<artifactId>${artifactId}</artifactId>
	<version>0.0.1-SNAPSHOT</version>
	<packaging>jar</packaging>

	<name>${name}</name>
	<description>${description}</description>

	<parent>
		<groupId>org.springframework.boot</groupId>
		<artifactId>spring-boot-starter-parent</artifactId>
		<version>3.2.4</version>
		<relativePath/> <!-- lookup parent from repository -->
	</parent>


	<properties>
		<project.build.sourceEncoding>UTF-8</project.build.sourceEncoding>
		<project.reporting.outputEncoding>UTF-8</project.reporting.outputEncoding>
		<java.version>21</java.version>
	</properties>

	<dependencies>
		<dependency>
			<groupId>org.springframework.boot</groupId>
			<artifactId>spring-boot-starter-data-jpa</artifactId>
		</dependency>

		<dependency>
			<groupId>org.springframework.boot</groupId>
			<artifactId>spring-boot-starter-web</artifactId>
		</dependency>

		<dependency>
			<groupId>org.springframework.boot</groupId>
			<artifactId>spring-boot-devtools</artifactId>
			<scope>runtime</scope>
			<optional>true</optional>
		</dependency>


		<dependency>
			<groupId>org.projectlombok</groupId>
			<artifactId>lombok</artifactId>
			<optional>true</optional>
		</dependency>
		<dependency>
			<groupId>org.springframework.boot</groupId>
			<artifactId>spring-boot-starter-test</artifactId>
			<scope>test</scope>
		</dependency>
		<dependency>
			<groupId>org.apache.httpcomponents</groupId>
			<artifactId>httpmime</artifactId>
		</dependency>
		<dependency>
			<groupId>junit</groupId>
			<artifactId>junit</artifactId>
			<scope>test</scope>
		</dependency>
		<dependency>
			<groupId>io.springfox</groupId>
			<artifactId>springfox-swagger-ui</artifactId>
			<version>2.6.0</version>
			<scope>compile</scope>
		</dependency>
		<dependency>
			<groupId>io.springfox</groupId>
			<artifactId>springfox-swagger2</artifactId>
			<version>2.6.0</version>
			<scope>compile</scope>
		</dependency>
	</dependencies>

	<build>
		<plugins>
			<plugin>
				<groupId>org.springframework.boot</groupId>
				<artifactId>spring-boot-maven-plugin</artifactId>
			</plugin>
		</plugins>
	</build>
</project>
2024-05-12 13:48:30,609[http-nio-7070-exec-2] INFO  javatechy.codegen.service.impl.FileUtilServiceImpl - Reading file => C:/Users/fayce/Desktop/pfe/codegen/target/classes/template/DemoApplication.java
2024-05-12 13:48:30,609[http-nio-7070-exec-2] INFO  javatechy.codegen.service.impl.FileUtilServiceImpl - Data read  from C:/Users/fayce/Desktop/pfe/codegen/target/classes/template/DemoApplication.java => package ${groupId}.${artifactId};

import org.springframework.boot.SpringApplication;
import org.springframework.boot.autoconfigure.SpringBootApplication;

@SpringBootApplication
public class ${applicationClassName}{

	public static void main(String[] args) {
		SpringApplication.run(${applicationClassName}.class, args);
	}
}

2024-05-12 13:48:30,613[http-nio-7070-exec-2] INFO  javatechy.codegen.controller.CodeGenController - Creating application properties => 
2024-05-12 13:48:30,614[http-nio-7070-exec-2] INFO  javatechy.codegen.service.impl.FileUtilServiceImpl - Reading file => C:/Users/fayce/Desktop/pfe/codegen/target/classes/template/application.properties
2024-05-12 13:48:30,615[http-nio-7070-exec-2] INFO  javatechy.codegen.service.impl.FileUtilServiceImpl - Data read  from C:/Users/fayce/Desktop/pfe/codegen/target/classes/template/application.properties => server.port=${applicationPort}

# to remove all null values from the response
spring.jackson.default-property-inclusion: NON_NULL

#date format
#spring.jackson.serialization.write_dates_as_timestamps=false
management.security.enabled=false
2024-05-12 14:34:06,231[http-nio-7070-exec-7] INFO  javatechy.codegen.controller.CodeGenController - == Creating empty project ==
2024-05-12 14:34:06,237[http-nio-7070-exec-7] INFO  javatechy.codegen.service.impl.ProjectCreatorImpl - Application Class Name => FullstackApplication
2024-05-12 14:34:06,237[http-nio-7070-exec-7] INFO  javatechy.codegen.service.impl.ProjectCreatorImpl - javaCodeLoc => /Users/fayce/Desktop/My Application/src/main/java/example/fullstack
2024-05-12 14:34:06,238[http-nio-7070-exec-7] INFO  javatechy.codegen.service.impl.ProjectCreatorImpl - javaCodeLoc => /Users/fayce/Desktop/My Application/src/main/java/example/fullstack
2024-05-12 14:34:06,238[http-nio-7070-exec-7] INFO  javatechy.codegen.service.impl.FileUtilServiceImpl - [createDirectories]File Location=> /Users/fayce/Desktop/My Application/src/main/java
2024-05-12 14:34:06,238[http-nio-7070-exec-7] INFO  javatechy.codegen.service.impl.FileUtilServiceImpl - [createDirectories]File Location=> \Users\fayce\Desktop\My Application\src\main\java
2024-05-12 14:34:06,241[http-nio-7070-exec-7] INFO  javatechy.codegen.service.impl.FileUtilServiceImpl - [createDirectories]File Location=> /Users/fayce/Desktop/My Application/src/main/resources
2024-05-12 14:34:06,241[http-nio-7070-exec-7] INFO  javatechy.codegen.service.impl.FileUtilServiceImpl - [createDirectories]File Location=> \Users\fayce\Desktop\My Application\src\main\resources
2024-05-12 14:34:06,242[http-nio-7070-exec-7] INFO  javatechy.codegen.service.impl.FileUtilServiceImpl - [createDirectories]File Location=> /Users/fayce/Desktop/My Application/src/main/java/example/fullstack
2024-05-12 14:34:06,242[http-nio-7070-exec-7] INFO  javatechy.codegen.service.impl.FileUtilServiceImpl - [createDirectories]File Location=> \Users\fayce\Desktop\My Application\src\main\java\example\fullstack
2024-05-12 14:34:06,244[http-nio-7070-exec-7] INFO  javatechy.codegen.service.impl.FileUtilServiceImpl - [createDirectories]File Location=> /Users/fayce/Desktop/My Application/src/main/java/example/fullstack/service/impl
2024-05-12 14:34:06,244[http-nio-7070-exec-7] INFO  javatechy.codegen.service.impl.FileUtilServiceImpl - [createDirectories]File Location=> \Users\fayce\Desktop\My Application\src\main\java\example\fullstack\service\impl
2024-05-12 14:34:06,244[http-nio-7070-exec-7] INFO  javatechy.codegen.service.impl.FileUtilServiceImpl - [createDirectories]File Location=> /Users/fayce/Desktop/My Application/src/main/java/example/fullstack/controller
2024-05-12 14:34:06,244[http-nio-7070-exec-7] INFO  javatechy.codegen.service.impl.FileUtilServiceImpl - [createDirectories]File Location=> \Users\fayce\Desktop\My Application\src\main\java\example\fullstack\controller
2024-05-12 14:34:06,244[http-nio-7070-exec-7] INFO  javatechy.codegen.service.impl.FileUtilServiceImpl - [createDirectories]File Location=> /Users/fayce/Desktop/My Application/src/main/java/example/fullstack/exception
2024-05-12 14:34:06,245[http-nio-7070-exec-7] INFO  javatechy.codegen.service.impl.FileUtilServiceImpl - [createDirectories]File Location=> \Users\fayce\Desktop\My Application\src\main\java\example\fullstack\exception
2024-05-12 14:34:06,245[http-nio-7070-exec-7] INFO  javatechy.codegen.service.impl.FileUtilServiceImpl - [createDirectories]File Location=> /Users/fayce/Desktop/My Application/src/main/java/example/fullstack/dao
2024-05-12 14:34:06,245[http-nio-7070-exec-7] INFO  javatechy.codegen.service.impl.FileUtilServiceImpl - [createDirectories]File Location=> \Users\fayce\Desktop\My Application\src\main\java\example\fullstack\dao
2024-05-12 14:34:06,246[http-nio-7070-exec-7] INFO  javatechy.codegen.service.impl.FileUtilServiceImpl - [createDirectories]File Location=> /Users/fayce/Desktop/My Application/src/main/java/example/fullstack/entity
2024-05-12 14:34:06,246[http-nio-7070-exec-7] INFO  javatechy.codegen.service.impl.FileUtilServiceImpl - [createDirectories]File Location=> \Users\fayce\Desktop\My Application\src\main\java\example\fullstack\entity
2024-05-12 14:34:06,247[http-nio-7070-exec-7] INFO  javatechy.codegen.service.impl.FileUtilServiceImpl - Reading file => C:/Users/fayce/Desktop/pfe/codegen/target/classes/template/pom.xml
2024-05-12 14:34:06,247[http-nio-7070-exec-7] INFO  javatechy.codegen.service.impl.FileUtilServiceImpl - Data read  from C:/Users/fayce/Desktop/pfe/codegen/target/classes/template/pom.xml => <?xml version="1.0" encoding="UTF-8"?>
<project xmlns="http://maven.apache.org/POM/4.0.0" xmlns:xsi="http://www.w3.org/2001/XMLSchema-instance"
	xsi:schemaLocation="http://maven.apache.org/POM/4.0.0 http://maven.apache.org/xsd/maven-4.0.0.xsd">
	<modelVersion>4.0.0</modelVersion>

	<groupId>${groupId}</groupId>
	<artifactId>${artifactId}</artifactId>
	<version>0.0.1-SNAPSHOT</version>
	<packaging>jar</packaging>

	<name>${name}</name>
	<description>${description}</description>

	<parent>
		<groupId>org.springframework.boot</groupId>
		<artifactId>spring-boot-starter-parent</artifactId>
		<version>3.2.4</version>
		<relativePath/> <!-- lookup parent from repository -->
	</parent>


	<properties>
		<project.build.sourceEncoding>UTF-8</project.build.sourceEncoding>
		<project.reporting.outputEncoding>UTF-8</project.reporting.outputEncoding>
		<java.version>21</java.version>
	</properties>

	<dependencies>
		<dependency>
			<groupId>org.springframework.boot</groupId>
			<artifactId>spring-boot-starter-data-jpa</artifactId>
		</dependency>

		<dependency>
			<groupId>org.springframework.boot</groupId>
			<artifactId>spring-boot-starter-web</artifactId>
		</dependency>

		<dependency>
			<groupId>org.springframework.boot</groupId>
			<artifactId>spring-boot-devtools</artifactId>
			<scope>runtime</scope>
			<optional>true</optional>
		</dependency>


		<dependency>
			<groupId>org.projectlombok</groupId>
			<artifactId>lombok</artifactId>
			<optional>true</optional>
		</dependency>
		<dependency>
			<groupId>org.springframework.boot</groupId>
			<artifactId>spring-boot-starter-test</artifactId>
			<scope>test</scope>
		</dependency>
		<dependency>
			<groupId>org.apache.httpcomponents</groupId>
			<artifactId>httpmime</artifactId>
		</dependency>
		<dependency>
			<groupId>junit</groupId>
			<artifactId>junit</artifactId>
			<scope>test</scope>
		</dependency>
		<dependency>
			<groupId>io.springfox</groupId>
			<artifactId>springfox-swagger-ui</artifactId>
			<version>2.6.0</version>
			<scope>compile</scope>
		</dependency>
		<dependency>
			<groupId>io.springfox</groupId>
			<artifactId>springfox-swagger2</artifactId>
			<version>2.6.0</version>
			<scope>compile</scope>
		</dependency>
	</dependencies>

	<build>
		<plugins>
			<plugin>
				<groupId>org.springframework.boot</groupId>
				<artifactId>spring-boot-maven-plugin</artifactId>
			</plugin>
		</plugins>
	</build>
</project>
2024-05-12 14:34:06,251[http-nio-7070-exec-7] INFO  javatechy.codegen.service.impl.FileUtilServiceImpl - Reading file => C:/Users/fayce/Desktop/pfe/codegen/target/classes/template/DemoApplication.java
2024-05-12 14:34:06,251[http-nio-7070-exec-7] INFO  javatechy.codegen.service.impl.FileUtilServiceImpl - Data read  from C:/Users/fayce/Desktop/pfe/codegen/target/classes/template/DemoApplication.java => package ${groupId}.${artifactId};

import org.springframework.boot.SpringApplication;
import org.springframework.boot.autoconfigure.SpringBootApplication;

@SpringBootApplication
public class ${applicationClassName}{

	public static void main(String[] args) {
		SpringApplication.run(${applicationClassName}.class, args);
	}
}

2024-05-12 14:34:06,252[http-nio-7070-exec-7] INFO  javatechy.codegen.controller.CodeGenController - Creating application properties => 
2024-05-12 14:34:06,253[http-nio-7070-exec-7] INFO  javatechy.codegen.service.impl.FileUtilServiceImpl - Reading file => C:/Users/fayce/Desktop/pfe/codegen/target/classes/template/application.properties
2024-05-12 14:34:06,253[http-nio-7070-exec-7] INFO  javatechy.codegen.service.impl.FileUtilServiceImpl - Data read  from C:/Users/fayce/Desktop/pfe/codegen/target/classes/template/application.properties => server.port=${applicationPort}

# to remove all null values from the response
spring.jackson.default-property-inclusion: NON_NULL

#date format
#spring.jackson.serialization.write_dates_as_timestamps=false
management.security.enabled=false
2024-05-12 14:34:41,880[http-nio-7070-exec-8] INFO  javatechy.codegen.controller.CodeGenController - == Creating empty project ==
2024-05-12 14:34:41,880[http-nio-7070-exec-8] INFO  javatechy.codegen.service.impl.ProjectCreatorImpl - Application Class Name => FullstackApplication
2024-05-12 14:34:41,881[http-nio-7070-exec-8] INFO  javatechy.codegen.service.impl.ProjectCreatorImpl - javaCodeLoc => /Users/fayce/Desktop/My Application/src/main/java/example/fullstack
2024-05-12 14:34:41,881[http-nio-7070-exec-8] INFO  javatechy.codegen.service.impl.ProjectCreatorImpl - javaCodeLoc => /Users/fayce/Desktop/My Application/src/main/java/example/fullstack
2024-05-12 14:34:41,889[http-nio-7070-exec-8] INFO  javatechy.codegen.service.impl.FileUtilServiceImpl - [createDirectories]File Location=> /Users/fayce/Desktop/My Application/src/main/java
2024-05-12 14:34:41,889[http-nio-7070-exec-8] INFO  javatechy.codegen.service.impl.FileUtilServiceImpl - [createDirectories]File Location=> \Users\fayce\Desktop\My Application\src\main\java
2024-05-12 14:34:41,891[http-nio-7070-exec-8] INFO  javatechy.codegen.service.impl.FileUtilServiceImpl - [createDirectories]File Location=> /Users/fayce/Desktop/My Application/src/main/resources
2024-05-12 14:34:41,891[http-nio-7070-exec-8] INFO  javatechy.codegen.service.impl.FileUtilServiceImpl - [createDirectories]File Location=> \Users\fayce\Desktop\My Application\src\main\resources
2024-05-12 14:34:41,891[http-nio-7070-exec-8] INFO  javatechy.codegen.service.impl.FileUtilServiceImpl - [createDirectories]File Location=> /Users/fayce/Desktop/My Application/src/main/java/example/fullstack
2024-05-12 14:34:41,891[http-nio-7070-exec-8] INFO  javatechy.codegen.service.impl.FileUtilServiceImpl - [createDirectories]File Location=> \Users\fayce\Desktop\My Application\src\main\java\example\fullstack
2024-05-12 14:34:41,891[http-nio-7070-exec-8] INFO  javatechy.codegen.service.impl.FileUtilServiceImpl - [createDirectories]File Location=> /Users/fayce/Desktop/My Application/src/main/java/example/fullstack/service/impl
2024-05-12 14:34:41,891[http-nio-7070-exec-8] INFO  javatechy.codegen.service.impl.FileUtilServiceImpl - [createDirectories]File Location=> \Users\fayce\Desktop\My Application\src\main\java\example\fullstack\service\impl
2024-05-12 14:34:41,892[http-nio-7070-exec-8] INFO  javatechy.codegen.service.impl.FileUtilServiceImpl - [createDirectories]File Location=> /Users/fayce/Desktop/My Application/src/main/java/example/fullstack/controller
2024-05-12 14:34:41,892[http-nio-7070-exec-8] INFO  javatechy.codegen.service.impl.FileUtilServiceImpl - [createDirectories]File Location=> \Users\fayce\Desktop\My Application\src\main\java\example\fullstack\controller
2024-05-12 14:34:41,892[http-nio-7070-exec-8] INFO  javatechy.codegen.service.impl.FileUtilServiceImpl - [createDirectories]File Location=> /Users/fayce/Desktop/My Application/src/main/java/example/fullstack/exception
2024-05-12 14:34:41,892[http-nio-7070-exec-8] INFO  javatechy.codegen.service.impl.FileUtilServiceImpl - [createDirectories]File Location=> \Users\fayce\Desktop\My Application\src\main\java\example\fullstack\exception
2024-05-12 14:34:41,892[http-nio-7070-exec-8] INFO  javatechy.codegen.service.impl.FileUtilServiceImpl - [createDirectories]File Location=> /Users/fayce/Desktop/My Application/src/main/java/example/fullstack/dao
2024-05-12 14:34:41,893[http-nio-7070-exec-8] INFO  javatechy.codegen.service.impl.FileUtilServiceImpl - [createDirectories]File Location=> \Users\fayce\Desktop\My Application\src\main\java\example\fullstack\dao
2024-05-12 14:34:41,893[http-nio-7070-exec-8] INFO  javatechy.codegen.service.impl.FileUtilServiceImpl - [createDirectories]File Location=> /Users/fayce/Desktop/My Application/src/main/java/example/fullstack/entity
2024-05-12 14:34:41,893[http-nio-7070-exec-8] INFO  javatechy.codegen.service.impl.FileUtilServiceImpl - [createDirectories]File Location=> \Users\fayce\Desktop\My Application\src\main\java\example\fullstack\entity
2024-05-12 14:34:41,893[http-nio-7070-exec-8] INFO  javatechy.codegen.service.impl.FileUtilServiceImpl - Reading file => C:/Users/fayce/Desktop/pfe/codegen/target/classes/template/pom.xml
2024-05-12 14:34:41,894[http-nio-7070-exec-8] INFO  javatechy.codegen.service.impl.FileUtilServiceImpl - Data read  from C:/Users/fayce/Desktop/pfe/codegen/target/classes/template/pom.xml => <?xml version="1.0" encoding="UTF-8"?>
<project xmlns="http://maven.apache.org/POM/4.0.0" xmlns:xsi="http://www.w3.org/2001/XMLSchema-instance"
	xsi:schemaLocation="http://maven.apache.org/POM/4.0.0 http://maven.apache.org/xsd/maven-4.0.0.xsd">
	<modelVersion>4.0.0</modelVersion>

	<groupId>${groupId}</groupId>
	<artifactId>${artifactId}</artifactId>
	<version>0.0.1-SNAPSHOT</version>
	<packaging>jar</packaging>

	<name>${name}</name>
	<description>${description}</description>

	<parent>
		<groupId>org.springframework.boot</groupId>
		<artifactId>spring-boot-starter-parent</artifactId>
		<version>3.2.4</version>
		<relativePath/> <!-- lookup parent from repository -->
	</parent>


	<properties>
		<project.build.sourceEncoding>UTF-8</project.build.sourceEncoding>
		<project.reporting.outputEncoding>UTF-8</project.reporting.outputEncoding>
		<java.version>21</java.version>
	</properties>

	<dependencies>
		<dependency>
			<groupId>org.springframework.boot</groupId>
			<artifactId>spring-boot-starter-data-jpa</artifactId>
		</dependency>

		<dependency>
			<groupId>org.springframework.boot</groupId>
			<artifactId>spring-boot-starter-web</artifactId>
		</dependency>

		<dependency>
			<groupId>org.springframework.boot</groupId>
			<artifactId>spring-boot-devtools</artifactId>
			<scope>runtime</scope>
			<optional>true</optional>
		</dependency>


		<dependency>
			<groupId>org.projectlombok</groupId>
			<artifactId>lombok</artifactId>
			<optional>true</optional>
		</dependency>
		<dependency>
			<groupId>org.springframework.boot</groupId>
			<artifactId>spring-boot-starter-test</artifactId>
			<scope>test</scope>
		</dependency>
		<dependency>
			<groupId>org.apache.httpcomponents</groupId>
			<artifactId>httpmime</artifactId>
		</dependency>
		<dependency>
			<groupId>junit</groupId>
			<artifactId>junit</artifactId>
			<scope>test</scope>
		</dependency>
		<dependency>
			<groupId>io.springfox</groupId>
			<artifactId>springfox-swagger-ui</artifactId>
			<version>2.6.0</version>
			<scope>compile</scope>
		</dependency>
		<dependency>
			<groupId>io.springfox</groupId>
			<artifactId>springfox-swagger2</artifactId>
			<version>2.6.0</version>
			<scope>compile</scope>
		</dependency>
	</dependencies>

	<build>
		<plugins>
			<plugin>
				<groupId>org.springframework.boot</groupId>
				<artifactId>spring-boot-maven-plugin</artifactId>
			</plugin>
		</plugins>
	</build>
</project>
2024-05-12 14:34:41,895[http-nio-7070-exec-8] INFO  javatechy.codegen.service.impl.FileUtilServiceImpl - Reading file => C:/Users/fayce/Desktop/pfe/codegen/target/classes/template/DemoApplication.java
2024-05-12 14:34:41,896[http-nio-7070-exec-8] INFO  javatechy.codegen.service.impl.FileUtilServiceImpl - Data read  from C:/Users/fayce/Desktop/pfe/codegen/target/classes/template/DemoApplication.java => package ${groupId}.${artifactId};

import org.springframework.boot.SpringApplication;
import org.springframework.boot.autoconfigure.SpringBootApplication;

@SpringBootApplication
public class ${applicationClassName}{

	public static void main(String[] args) {
		SpringApplication.run(${applicationClassName}.class, args);
	}
}

2024-05-12 14:34:41,896[http-nio-7070-exec-8] INFO  javatechy.codegen.controller.CodeGenController - Creating application properties => 
2024-05-12 14:34:41,896[http-nio-7070-exec-8] INFO  javatechy.codegen.service.impl.FileUtilServiceImpl - Reading file => C:/Users/fayce/Desktop/pfe/codegen/target/classes/template/application.properties
2024-05-12 14:34:41,897[http-nio-7070-exec-8] INFO  javatechy.codegen.service.impl.FileUtilServiceImpl - Data read  from C:/Users/fayce/Desktop/pfe/codegen/target/classes/template/application.properties => server.port=${applicationPort}

# to remove all null values from the response
spring.jackson.default-property-inclusion: NON_NULL

#date format
#spring.jackson.serialization.write_dates_as_timestamps=false
management.security.enabled=false
2024-05-12 14:35:09,780[http-nio-7070-exec-9] INFO  javatechy.codegen.controller.CodeGenController - == Creating empty project ==
2024-05-12 14:35:09,780[http-nio-7070-exec-9] INFO  javatechy.codegen.service.impl.ProjectCreatorImpl - Application Class Name => FullstackApplication
2024-05-12 14:35:09,780[http-nio-7070-exec-9] INFO  javatechy.codegen.service.impl.ProjectCreatorImpl - javaCodeLoc => /Users/fayce/Desktop/My Application ala gtari/src/main/java/example/fullstack
2024-05-12 14:35:09,780[http-nio-7070-exec-9] INFO  javatechy.codegen.service.impl.ProjectCreatorImpl - javaCodeLoc => /Users/fayce/Desktop/My Application ala gtari/src/main/java/example/fullstack
2024-05-12 14:35:09,780[http-nio-7070-exec-9] INFO  javatechy.codegen.service.impl.FileUtilServiceImpl - [createDirectories]File Location=> /Users/fayce/Desktop/My Application ala gtari/src/main/java
2024-05-12 14:35:09,780[http-nio-7070-exec-9] INFO  javatechy.codegen.service.impl.FileUtilServiceImpl - [createDirectories]File Location=> \Users\fayce\Desktop\My Application ala gtari\src\main\java
2024-05-12 14:35:09,784[http-nio-7070-exec-9] INFO  javatechy.codegen.service.impl.FileUtilServiceImpl - [createDirectories]File Location=> /Users/fayce/Desktop/My Application ala gtari/src/main/resources
2024-05-12 14:35:09,784[http-nio-7070-exec-9] INFO  javatechy.codegen.service.impl.FileUtilServiceImpl - [createDirectories]File Location=> \Users\fayce\Desktop\My Application ala gtari\src\main\resources
2024-05-12 14:35:09,785[http-nio-7070-exec-9] INFO  javatechy.codegen.service.impl.FileUtilServiceImpl - [createDirectories]File Location=> /Users/fayce/Desktop/My Application ala gtari/src/main/java/example/fullstack
2024-05-12 14:35:09,785[http-nio-7070-exec-9] INFO  javatechy.codegen.service.impl.FileUtilServiceImpl - [createDirectories]File Location=> \Users\fayce\Desktop\My Application ala gtari\src\main\java\example\fullstack
2024-05-12 14:35:09,786[http-nio-7070-exec-9] INFO  javatechy.codegen.service.impl.FileUtilServiceImpl - [createDirectories]File Location=> /Users/fayce/Desktop/My Application ala gtari/src/main/java/example/fullstack/service/impl
2024-05-12 14:35:09,786[http-nio-7070-exec-9] INFO  javatechy.codegen.service.impl.FileUtilServiceImpl - [createDirectories]File Location=> \Users\fayce\Desktop\My Application ala gtari\src\main\java\example\fullstack\service\impl
2024-05-12 14:35:09,788[http-nio-7070-exec-9] INFO  javatechy.codegen.service.impl.FileUtilServiceImpl - [createDirectories]File Location=> /Users/fayce/Desktop/My Application ala gtari/src/main/java/example/fullstack/controller
2024-05-12 14:35:09,788[http-nio-7070-exec-9] INFO  javatechy.codegen.service.impl.FileUtilServiceImpl - [createDirectories]File Location=> \Users\fayce\Desktop\My Application ala gtari\src\main\java\example\fullstack\controller
2024-05-12 14:35:09,788[http-nio-7070-exec-9] INFO  javatechy.codegen.service.impl.FileUtilServiceImpl - [createDirectories]File Location=> /Users/fayce/Desktop/My Application ala gtari/src/main/java/example/fullstack/exception
2024-05-12 14:35:09,788[http-nio-7070-exec-9] INFO  javatechy.codegen.service.impl.FileUtilServiceImpl - [createDirectories]File Location=> \Users\fayce\Desktop\My Application ala gtari\src\main\java\example\fullstack\exception
2024-05-12 14:35:09,788[http-nio-7070-exec-9] INFO  javatechy.codegen.service.impl.FileUtilServiceImpl - [createDirectories]File Location=> /Users/fayce/Desktop/My Application ala gtari/src/main/java/example/fullstack/dao
2024-05-12 14:35:09,788[http-nio-7070-exec-9] INFO  javatechy.codegen.service.impl.FileUtilServiceImpl - [createDirectories]File Location=> \Users\fayce\Desktop\My Application ala gtari\src\main\java\example\fullstack\dao
2024-05-12 14:35:09,788[http-nio-7070-exec-9] INFO  javatechy.codegen.service.impl.FileUtilServiceImpl - [createDirectories]File Location=> /Users/fayce/Desktop/My Application ala gtari/src/main/java/example/fullstack/entity
2024-05-12 14:35:09,788[http-nio-7070-exec-9] INFO  javatechy.codegen.service.impl.FileUtilServiceImpl - [createDirectories]File Location=> \Users\fayce\Desktop\My Application ala gtari\src\main\java\example\fullstack\entity
2024-05-12 14:35:09,789[http-nio-7070-exec-9] INFO  javatechy.codegen.service.impl.FileUtilServiceImpl - Reading file => C:/Users/fayce/Desktop/pfe/codegen/target/classes/template/pom.xml
2024-05-12 14:35:09,790[http-nio-7070-exec-9] INFO  javatechy.codegen.service.impl.FileUtilServiceImpl - Data read  from C:/Users/fayce/Desktop/pfe/codegen/target/classes/template/pom.xml => <?xml version="1.0" encoding="UTF-8"?>
<project xmlns="http://maven.apache.org/POM/4.0.0" xmlns:xsi="http://www.w3.org/2001/XMLSchema-instance"
	xsi:schemaLocation="http://maven.apache.org/POM/4.0.0 http://maven.apache.org/xsd/maven-4.0.0.xsd">
	<modelVersion>4.0.0</modelVersion>

	<groupId>${groupId}</groupId>
	<artifactId>${artifactId}</artifactId>
	<version>0.0.1-SNAPSHOT</version>
	<packaging>jar</packaging>

	<name>${name}</name>
	<description>${description}</description>

	<parent>
		<groupId>org.springframework.boot</groupId>
		<artifactId>spring-boot-starter-parent</artifactId>
		<version>3.2.4</version>
		<relativePath/> <!-- lookup parent from repository -->
	</parent>


	<properties>
		<project.build.sourceEncoding>UTF-8</project.build.sourceEncoding>
		<project.reporting.outputEncoding>UTF-8</project.reporting.outputEncoding>
		<java.version>21</java.version>
	</properties>

	<dependencies>
		<dependency>
			<groupId>org.springframework.boot</groupId>
			<artifactId>spring-boot-starter-data-jpa</artifactId>
		</dependency>

		<dependency>
			<groupId>org.springframework.boot</groupId>
			<artifactId>spring-boot-starter-web</artifactId>
		</dependency>

		<dependency>
			<groupId>org.springframework.boot</groupId>
			<artifactId>spring-boot-devtools</artifactId>
			<scope>runtime</scope>
			<optional>true</optional>
		</dependency>


		<dependency>
			<groupId>org.projectlombok</groupId>
			<artifactId>lombok</artifactId>
			<optional>true</optional>
		</dependency>
		<dependency>
			<groupId>org.springframework.boot</groupId>
			<artifactId>spring-boot-starter-test</artifactId>
			<scope>test</scope>
		</dependency>
		<dependency>
			<groupId>org.apache.httpcomponents</groupId>
			<artifactId>httpmime</artifactId>
		</dependency>
		<dependency>
			<groupId>junit</groupId>
			<artifactId>junit</artifactId>
			<scope>test</scope>
		</dependency>
		<dependency>
			<groupId>io.springfox</groupId>
			<artifactId>springfox-swagger-ui</artifactId>
			<version>2.6.0</version>
			<scope>compile</scope>
		</dependency>
		<dependency>
			<groupId>io.springfox</groupId>
			<artifactId>springfox-swagger2</artifactId>
			<version>2.6.0</version>
			<scope>compile</scope>
		</dependency>
	</dependencies>

	<build>
		<plugins>
			<plugin>
				<groupId>org.springframework.boot</groupId>
				<artifactId>spring-boot-maven-plugin</artifactId>
			</plugin>
		</plugins>
	</build>
</project>
2024-05-12 14:35:09,791[http-nio-7070-exec-9] INFO  javatechy.codegen.service.impl.FileUtilServiceImpl - Reading file => C:/Users/fayce/Desktop/pfe/codegen/target/classes/template/DemoApplication.java
2024-05-12 14:35:09,792[http-nio-7070-exec-9] INFO  javatechy.codegen.service.impl.FileUtilServiceImpl - Data read  from C:/Users/fayce/Desktop/pfe/codegen/target/classes/template/DemoApplication.java => package ${groupId}.${artifactId};

import org.springframework.boot.SpringApplication;
import org.springframework.boot.autoconfigure.SpringBootApplication;

@SpringBootApplication
public class ${applicationClassName}{

	public static void main(String[] args) {
		SpringApplication.run(${applicationClassName}.class, args);
	}
}

2024-05-12 14:35:09,792[http-nio-7070-exec-9] INFO  javatechy.codegen.controller.CodeGenController - Creating application properties => 
2024-05-12 14:35:09,793[http-nio-7070-exec-9] INFO  javatechy.codegen.service.impl.FileUtilServiceImpl - Reading file => C:/Users/fayce/Desktop/pfe/codegen/target/classes/template/application.properties
2024-05-12 14:35:09,793[http-nio-7070-exec-9] INFO  javatechy.codegen.service.impl.FileUtilServiceImpl - Data read  from C:/Users/fayce/Desktop/pfe/codegen/target/classes/template/application.properties => server.port=${applicationPort}

# to remove all null values from the response
spring.jackson.default-property-inclusion: NON_NULL

#date format
#spring.jackson.serialization.write_dates_as_timestamps=false
management.security.enabled=false
2024-05-12 14:36:09,839[http-nio-7070-exec-10] INFO  javatechy.codegen.controller.CodeGenController - == Creating empty project ==
2024-05-12 14:36:09,839[http-nio-7070-exec-10] INFO  javatechy.codegen.service.impl.ProjectCreatorImpl - Application Class Name => FullstackApplication
2024-05-12 14:36:09,840[http-nio-7070-exec-10] INFO  javatechy.codegen.service.impl.ProjectCreatorImpl - javaCodeLoc => /Users/fayce/Desktop/My Application ala gtari/src/main/java/example/fullstack
2024-05-12 14:36:09,840[http-nio-7070-exec-10] INFO  javatechy.codegen.service.impl.ProjectCreatorImpl - javaCodeLoc => /Users/fayce/Desktop/My Application ala gtari/src/main/java/example/fullstack
2024-05-12 14:36:09,840[http-nio-7070-exec-10] INFO  javatechy.codegen.service.impl.FileUtilServiceImpl - [createDirectories]File Location=> /Users/fayce/Desktop/My Application ala gtari/src/main/java
2024-05-12 14:36:09,840[http-nio-7070-exec-10] INFO  javatechy.codegen.service.impl.FileUtilServiceImpl - [createDirectories]File Location=> \Users\fayce\Desktop\My Application ala gtari\src\main\java
2024-05-12 14:36:09,842[http-nio-7070-exec-10] INFO  javatechy.codegen.service.impl.FileUtilServiceImpl - [createDirectories]File Location=> /Users/fayce/Desktop/My Application ala gtari/src/main/resources
2024-05-12 14:36:09,842[http-nio-7070-exec-10] INFO  javatechy.codegen.service.impl.FileUtilServiceImpl - [createDirectories]File Location=> \Users\fayce\Desktop\My Application ala gtari\src\main\resources
2024-05-12 14:36:09,842[http-nio-7070-exec-10] INFO  javatechy.codegen.service.impl.FileUtilServiceImpl - [createDirectories]File Location=> /Users/fayce/Desktop/My Application ala gtari/src/main/java/example/fullstack
2024-05-12 14:36:09,842[http-nio-7070-exec-10] INFO  javatechy.codegen.service.impl.FileUtilServiceImpl - [createDirectories]File Location=> \Users\fayce\Desktop\My Application ala gtari\src\main\java\example\fullstack
2024-05-12 14:36:09,843[http-nio-7070-exec-10] INFO  javatechy.codegen.service.impl.FileUtilServiceImpl - [createDirectories]File Location=> /Users/fayce/Desktop/My Application ala gtari/src/main/java/example/fullstack/service/impl
2024-05-12 14:36:09,844[http-nio-7070-exec-10] INFO  javatechy.codegen.service.impl.FileUtilServiceImpl - [createDirectories]File Location=> \Users\fayce\Desktop\My Application ala gtari\src\main\java\example\fullstack\service\impl
2024-05-12 14:36:09,844[http-nio-7070-exec-10] INFO  javatechy.codegen.service.impl.FileUtilServiceImpl - [createDirectories]File Location=> /Users/fayce/Desktop/My Application ala gtari/src/main/java/example/fullstack/controller
2024-05-12 14:36:09,844[http-nio-7070-exec-10] INFO  javatechy.codegen.service.impl.FileUtilServiceImpl - [createDirectories]File Location=> \Users\fayce\Desktop\My Application ala gtari\src\main\java\example\fullstack\controller
2024-05-12 14:36:09,845[http-nio-7070-exec-10] INFO  javatechy.codegen.service.impl.FileUtilServiceImpl - [createDirectories]File Location=> /Users/fayce/Desktop/My Application ala gtari/src/main/java/example/fullstack/exception
2024-05-12 14:36:09,845[http-nio-7070-exec-10] INFO  javatechy.codegen.service.impl.FileUtilServiceImpl - [createDirectories]File Location=> \Users\fayce\Desktop\My Application ala gtari\src\main\java\example\fullstack\exception
2024-05-12 14:36:09,845[http-nio-7070-exec-10] INFO  javatechy.codegen.service.impl.FileUtilServiceImpl - [createDirectories]File Location=> /Users/fayce/Desktop/My Application ala gtari/src/main/java/example/fullstack/dao
2024-05-12 14:36:09,845[http-nio-7070-exec-10] INFO  javatechy.codegen.service.impl.FileUtilServiceImpl - [createDirectories]File Location=> \Users\fayce\Desktop\My Application ala gtari\src\main\java\example\fullstack\dao
2024-05-12 14:36:09,846[http-nio-7070-exec-10] INFO  javatechy.codegen.service.impl.FileUtilServiceImpl - [createDirectories]File Location=> /Users/fayce/Desktop/My Application ala gtari/src/main/java/example/fullstack/entity
2024-05-12 14:36:09,846[http-nio-7070-exec-10] INFO  javatechy.codegen.service.impl.FileUtilServiceImpl - [createDirectories]File Location=> \Users\fayce\Desktop\My Application ala gtari\src\main\java\example\fullstack\entity
2024-05-12 14:36:09,846[http-nio-7070-exec-10] INFO  javatechy.codegen.service.impl.FileUtilServiceImpl - Reading file => C:/Users/fayce/Desktop/pfe/codegen/target/classes/template/pom.xml
2024-05-12 14:36:09,846[http-nio-7070-exec-10] INFO  javatechy.codegen.service.impl.FileUtilServiceImpl - Data read  from C:/Users/fayce/Desktop/pfe/codegen/target/classes/template/pom.xml => <?xml version="1.0" encoding="UTF-8"?>
<project xmlns="http://maven.apache.org/POM/4.0.0" xmlns:xsi="http://www.w3.org/2001/XMLSchema-instance"
	xsi:schemaLocation="http://maven.apache.org/POM/4.0.0 http://maven.apache.org/xsd/maven-4.0.0.xsd">
	<modelVersion>4.0.0</modelVersion>

	<groupId>${groupId}</groupId>
	<artifactId>${artifactId}</artifactId>
	<version>0.0.1-SNAPSHOT</version>
	<packaging>jar</packaging>

	<name>${name}</name>
	<description>${description}</description>

	<parent>
		<groupId>org.springframework.boot</groupId>
		<artifactId>spring-boot-starter-parent</artifactId>
		<version>3.2.4</version>
		<relativePath/> <!-- lookup parent from repository -->
	</parent>


	<properties>
		<project.build.sourceEncoding>UTF-8</project.build.sourceEncoding>
		<project.reporting.outputEncoding>UTF-8</project.reporting.outputEncoding>
		<java.version>21</java.version>
	</properties>

	<dependencies>
		<dependency>
			<groupId>org.springframework.boot</groupId>
			<artifactId>spring-boot-starter-data-jpa</artifactId>
		</dependency>

		<dependency>
			<groupId>org.springframework.boot</groupId>
			<artifactId>spring-boot-starter-web</artifactId>
		</dependency>

		<dependency>
			<groupId>org.springframework.boot</groupId>
			<artifactId>spring-boot-devtools</artifactId>
			<scope>runtime</scope>
			<optional>true</optional>
		</dependency>


		<dependency>
			<groupId>org.projectlombok</groupId>
			<artifactId>lombok</artifactId>
			<optional>true</optional>
		</dependency>
		<dependency>
			<groupId>org.springframework.boot</groupId>
			<artifactId>spring-boot-starter-test</artifactId>
			<scope>test</scope>
		</dependency>
		<dependency>
			<groupId>org.apache.httpcomponents</groupId>
			<artifactId>httpmime</artifactId>
		</dependency>
		<dependency>
			<groupId>junit</groupId>
			<artifactId>junit</artifactId>
			<scope>test</scope>
		</dependency>
		<dependency>
			<groupId>io.springfox</groupId>
			<artifactId>springfox-swagger-ui</artifactId>
			<version>2.6.0</version>
			<scope>compile</scope>
		</dependency>
		<dependency>
			<groupId>io.springfox</groupId>
			<artifactId>springfox-swagger2</artifactId>
			<version>2.6.0</version>
			<scope>compile</scope>
		</dependency>
	</dependencies>

	<build>
		<plugins>
			<plugin>
				<groupId>org.springframework.boot</groupId>
				<artifactId>spring-boot-maven-plugin</artifactId>
			</plugin>
		</plugins>
	</build>
</project>
2024-05-12 14:36:09,847[http-nio-7070-exec-10] INFO  javatechy.codegen.service.impl.FileUtilServiceImpl - Reading file => C:/Users/fayce/Desktop/pfe/codegen/target/classes/template/DemoApplication.java
2024-05-12 14:36:09,848[http-nio-7070-exec-10] INFO  javatechy.codegen.service.impl.FileUtilServiceImpl - Data read  from C:/Users/fayce/Desktop/pfe/codegen/target/classes/template/DemoApplication.java => package ${groupId}.${artifactId};

import org.springframework.boot.SpringApplication;
import org.springframework.boot.autoconfigure.SpringBootApplication;

@SpringBootApplication
public class ${applicationClassName}{

	public static void main(String[] args) {
		SpringApplication.run(${applicationClassName}.class, args);
	}
}

2024-05-12 14:36:09,849[http-nio-7070-exec-10] INFO  javatechy.codegen.controller.CodeGenController - Creating application properties => 
2024-05-12 14:36:09,849[http-nio-7070-exec-10] INFO  javatechy.codegen.service.impl.FileUtilServiceImpl - Reading file => C:/Users/fayce/Desktop/pfe/codegen/target/classes/template/application.properties
2024-05-12 14:36:09,849[http-nio-7070-exec-10] INFO  javatechy.codegen.service.impl.FileUtilServiceImpl - Data read  from C:/Users/fayce/Desktop/pfe/codegen/target/classes/template/application.properties => server.port=${applicationPort}

# to remove all null values from the response
spring.jackson.default-property-inclusion: NON_NULL

#date format
#spring.jackson.serialization.write_dates_as_timestamps=false
management.security.enabled=false
2024-05-12 14:36:19,053[http-nio-7070-exec-1] INFO  javatechy.codegen.controller.CodeGenController - == Creating empty project ==
2024-05-12 14:36:19,054[http-nio-7070-exec-1] INFO  javatechy.codegen.service.impl.ProjectCreatorImpl - Application Class Name => FullstackApplication
2024-05-12 14:36:19,054[http-nio-7070-exec-1] INFO  javatechy.codegen.service.impl.ProjectCreatorImpl - javaCodeLoc => /Users/fayce/Desktop/My Application ala gtari/src/main/java/example/fullstack
2024-05-12 14:36:19,054[http-nio-7070-exec-1] INFO  javatechy.codegen.service.impl.ProjectCreatorImpl - javaCodeLoc => /Users/fayce/Desktop/My Application ala gtari/src/main/java/example/fullstack
2024-05-12 14:36:19,054[http-nio-7070-exec-1] INFO  javatechy.codegen.service.impl.FileUtilServiceImpl - [createDirectories]File Location=> /Users/fayce/Desktop/My Application ala gtari/src/main/java
2024-05-12 14:36:19,054[http-nio-7070-exec-1] INFO  javatechy.codegen.service.impl.FileUtilServiceImpl - [createDirectories]File Location=> \Users\fayce\Desktop\My Application ala gtari\src\main\java
2024-05-12 14:36:19,054[http-nio-7070-exec-1] INFO  javatechy.codegen.service.impl.FileUtilServiceImpl - [createDirectories]File Location=> /Users/fayce/Desktop/My Application ala gtari/src/main/resources
2024-05-12 14:36:19,054[http-nio-7070-exec-1] INFO  javatechy.codegen.service.impl.FileUtilServiceImpl - [createDirectories]File Location=> \Users\fayce\Desktop\My Application ala gtari\src\main\resources
2024-05-12 14:36:19,054[http-nio-7070-exec-1] INFO  javatechy.codegen.service.impl.FileUtilServiceImpl - [createDirectories]File Location=> /Users/fayce/Desktop/My Application ala gtari/src/main/java/example/fullstack
2024-05-12 14:36:19,054[http-nio-7070-exec-1] INFO  javatechy.codegen.service.impl.FileUtilServiceImpl - [createDirectories]File Location=> \Users\fayce\Desktop\My Application ala gtari\src\main\java\example\fullstack
2024-05-12 14:36:19,055[http-nio-7070-exec-1] INFO  javatechy.codegen.service.impl.FileUtilServiceImpl - [createDirectories]File Location=> /Users/fayce/Desktop/My Application ala gtari/src/main/java/example/fullstack/service/impl
2024-05-12 14:36:19,055[http-nio-7070-exec-1] INFO  javatechy.codegen.service.impl.FileUtilServiceImpl - [createDirectories]File Location=> \Users\fayce\Desktop\My Application ala gtari\src\main\java\example\fullstack\service\impl
2024-05-12 14:36:19,055[http-nio-7070-exec-1] INFO  javatechy.codegen.service.impl.FileUtilServiceImpl - [createDirectories]File Location=> /Users/fayce/Desktop/My Application ala gtari/src/main/java/example/fullstack/controller
2024-05-12 14:36:19,055[http-nio-7070-exec-1] INFO  javatechy.codegen.service.impl.FileUtilServiceImpl - [createDirectories]File Location=> \Users\fayce\Desktop\My Application ala gtari\src\main\java\example\fullstack\controller
2024-05-12 14:36:19,055[http-nio-7070-exec-1] INFO  javatechy.codegen.service.impl.FileUtilServiceImpl - [createDirectories]File Location=> /Users/fayce/Desktop/My Application ala gtari/src/main/java/example/fullstack/exception
2024-05-12 14:36:19,055[http-nio-7070-exec-1] INFO  javatechy.codegen.service.impl.FileUtilServiceImpl - [createDirectories]File Location=> \Users\fayce\Desktop\My Application ala gtari\src\main\java\example\fullstack\exception
2024-05-12 14:36:19,055[http-nio-7070-exec-1] INFO  javatechy.codegen.service.impl.FileUtilServiceImpl - [createDirectories]File Location=> /Users/fayce/Desktop/My Application ala gtari/src/main/java/example/fullstack/dao
2024-05-12 14:36:19,055[http-nio-7070-exec-1] INFO  javatechy.codegen.service.impl.FileUtilServiceImpl - [createDirectories]File Location=> \Users\fayce\Desktop\My Application ala gtari\src\main\java\example\fullstack\dao
2024-05-12 14:36:19,056[http-nio-7070-exec-1] INFO  javatechy.codegen.service.impl.FileUtilServiceImpl - [createDirectories]File Location=> /Users/fayce/Desktop/My Application ala gtari/src/main/java/example/fullstack/entity
2024-05-12 14:36:19,057[http-nio-7070-exec-1] INFO  javatechy.codegen.service.impl.FileUtilServiceImpl - [createDirectories]File Location=> \Users\fayce\Desktop\My Application ala gtari\src\main\java\example\fullstack\entity
2024-05-12 14:36:19,057[http-nio-7070-exec-1] INFO  javatechy.codegen.service.impl.FileUtilServiceImpl - Reading file => C:/Users/fayce/Desktop/pfe/codegen/target/classes/template/pom.xml
2024-05-12 14:36:19,057[http-nio-7070-exec-1] INFO  javatechy.codegen.service.impl.FileUtilServiceImpl - Data read  from C:/Users/fayce/Desktop/pfe/codegen/target/classes/template/pom.xml => <?xml version="1.0" encoding="UTF-8"?>
<project xmlns="http://maven.apache.org/POM/4.0.0" xmlns:xsi="http://www.w3.org/2001/XMLSchema-instance"
	xsi:schemaLocation="http://maven.apache.org/POM/4.0.0 http://maven.apache.org/xsd/maven-4.0.0.xsd">
	<modelVersion>4.0.0</modelVersion>

	<groupId>${groupId}</groupId>
	<artifactId>${artifactId}</artifactId>
	<version>0.0.1-SNAPSHOT</version>
	<packaging>jar</packaging>

	<name>${name}</name>
	<description>${description}</description>

	<parent>
		<groupId>org.springframework.boot</groupId>
		<artifactId>spring-boot-starter-parent</artifactId>
		<version>3.2.4</version>
		<relativePath/> <!-- lookup parent from repository -->
	</parent>


	<properties>
		<project.build.sourceEncoding>UTF-8</project.build.sourceEncoding>
		<project.reporting.outputEncoding>UTF-8</project.reporting.outputEncoding>
		<java.version>21</java.version>
	</properties>

	<dependencies>
		<dependency>
			<groupId>org.springframework.boot</groupId>
			<artifactId>spring-boot-starter-data-jpa</artifactId>
		</dependency>

		<dependency>
			<groupId>org.springframework.boot</groupId>
			<artifactId>spring-boot-starter-web</artifactId>
		</dependency>

		<dependency>
			<groupId>org.springframework.boot</groupId>
			<artifactId>spring-boot-devtools</artifactId>
			<scope>runtime</scope>
			<optional>true</optional>
		</dependency>


		<dependency>
			<groupId>org.projectlombok</groupId>
			<artifactId>lombok</artifactId>
			<optional>true</optional>
		</dependency>
		<dependency>
			<groupId>org.springframework.boot</groupId>
			<artifactId>spring-boot-starter-test</artifactId>
			<scope>test</scope>
		</dependency>
		<dependency>
			<groupId>org.apache.httpcomponents</groupId>
			<artifactId>httpmime</artifactId>
		</dependency>
		<dependency>
			<groupId>junit</groupId>
			<artifactId>junit</artifactId>
			<scope>test</scope>
		</dependency>
		<dependency>
			<groupId>io.springfox</groupId>
			<artifactId>springfox-swagger-ui</artifactId>
			<version>2.6.0</version>
			<scope>compile</scope>
		</dependency>
		<dependency>
			<groupId>io.springfox</groupId>
			<artifactId>springfox-swagger2</artifactId>
			<version>2.6.0</version>
			<scope>compile</scope>
		</dependency>
	</dependencies>

	<build>
		<plugins>
			<plugin>
				<groupId>org.springframework.boot</groupId>
				<artifactId>spring-boot-maven-plugin</artifactId>
			</plugin>
		</plugins>
	</build>
</project>
2024-05-12 14:36:19,059[http-nio-7070-exec-1] INFO  javatechy.codegen.service.impl.FileUtilServiceImpl - Reading file => C:/Users/fayce/Desktop/pfe/codegen/target/classes/template/DemoApplication.java
2024-05-12 14:36:19,059[http-nio-7070-exec-1] INFO  javatechy.codegen.service.impl.FileUtilServiceImpl - Data read  from C:/Users/fayce/Desktop/pfe/codegen/target/classes/template/DemoApplication.java => package ${groupId}.${artifactId};

import org.springframework.boot.SpringApplication;
import org.springframework.boot.autoconfigure.SpringBootApplication;

@SpringBootApplication
public class ${applicationClassName}{

	public static void main(String[] args) {
		SpringApplication.run(${applicationClassName}.class, args);
	}
}

2024-05-12 14:36:19,060[http-nio-7070-exec-1] INFO  javatechy.codegen.controller.CodeGenController - Creating application properties => 
2024-05-12 14:36:19,060[http-nio-7070-exec-1] INFO  javatechy.codegen.service.impl.FileUtilServiceImpl - Reading file => C:/Users/fayce/Desktop/pfe/codegen/target/classes/template/application.properties
2024-05-12 14:36:19,060[http-nio-7070-exec-1] INFO  javatechy.codegen.service.impl.FileUtilServiceImpl - Data read  from C:/Users/fayce/Desktop/pfe/codegen/target/classes/template/application.properties => server.port=${applicationPort}

# to remove all null values from the response
spring.jackson.default-property-inclusion: NON_NULL

#date format
#spring.jackson.serialization.write_dates_as_timestamps=false
management.security.enabled=false
